# JRE version: Java(TM) SE Runtime Environment (8.0_111-b14) (build 1.8.0_111-b14)
# Java VM: Java HotSpot(TM) 64-Bit Server VM (25.111-b14 mixed mode bsd-amd64 compressed oops)
Heap:
 PSYoungGen      total 137216K, used 14572K [0x0000000795580000, 0x000000079f200000, 0x00000007c0000000)
  eden space 123392K, 2% used [0x0000000795580000,0x000000079588b088,0x000000079ce00000)
  from space 13824K, 82% used [0x000000079e480000,0x000000079efb02c0,0x000000079f200000)
  to   space 18432K, 0% used [0x000000079ce00000,0x000000079ce00000,0x000000079e000000)
 ParOldGen       total 87552K, used 31100K [0x0000000740000000, 0x0000000745580000, 0x0000000795580000)
  object space 87552K, 35% used [0x0000000740000000,0x0000000741e5f368,0x0000000745580000)
 Metaspace       used 19587K, capacity 19793K, committed 19968K, reserved 1067008K
  class space    used 1905K, capacity 1983K, committed 2048K, reserved 1048576K
GC Heap History (10 events):
Event: 7.573 GC heap before
{Heap before GC invocations=4 (full 0):
 PSYoungGen      total 38400K, used 38395K [0x0000000795580000, 0x000000079a080000, 0x00000007c0000000)
  eden space 33280K, 100% used [0x0000000795580000,0x0000000797600000,0x0000000797600000)
  from space 5120K, 99% used [0x0000000797600000,0x0000000797afeed0,0x0000000797b00000)
  to   space 5120K, 0% used [0x0000000799b80000,0x0000000799b80000,0x000000079a080000)
 ParOldGen       total 87552K, used 19503K [0x0000000740000000, 0x0000000745580000, 0x0000000795580000)
  object space 87552K, 22% used [0x0000000740000000,0x000000074130bdd0,0x0000000745580000)
 Metaspace       used 18844K, capacity 19079K, committed 19456K, reserved 1067008K
  class space    used 1895K, capacity 1982K, committed 2048K, reserved 1048576K
Event: 7.585 GC heap after
Heap after GC invocations=4 (full 0):
 PSYoungGen      total 71680K, used 5051K [0x0000000795580000, 0x000000079a080000, 0x00000007c0000000)
  eden space 66560K, 0% used [0x0000000795580000,0x0000000795580000,0x0000000799680000)
  from space 5120K, 98% used [0x0000000799b80000,0x000000079a06eee0,0x000000079a080000)
  to   space 5120K, 0% used [0x0000000799680000,0x0000000799680000,0x0000000799b80000)
 ParOldGen       total 87552K, used 23599K [0x0000000740000000, 0x0000000745580000, 0x0000000795580000)
  object space 87552K, 26% used [0x0000000740000000,0x000000074170bed0,0x0000000745580000)
 Metaspace       used 18844K, capacity 19079K, committed 19456K, reserved 1067008K
  class space    used 1895K, capacity 1982K, committed 2048K, reserved 1048576K
}
Event: 11.646 GC heap before
{Heap before GC invocations=5 (full 0):
 PSYoungGen      total 71680K, used 71611K [0x0000000795580000, 0x000000079a080000, 0x00000007c0000000)
  eden space 66560K, 100% used [0x0000000795580000,0x0000000799680000,0x0000000799680000)
  from space 5120K, 98% used [0x0000000799b80000,0x000000079a06eee0,0x000000079a080000)
  to   space 5120K, 0% used [0x0000000799680000,0x0000000799680000,0x0000000799b80000)
 ParOldGen       total 87552K, used 23599K [0x0000000740000000, 0x0000000745580000, 0x0000000795580000)
  object space 87552K, 26% used [0x0000000740000000,0x000000074170bed0,0x0000000745580000)
 Metaspace       used 19147K, capacity 19335K, committed 19712K, reserved 1067008K
  class space    used 1896K, capacity 1982K, committed 2048K, reserved 1048576K
Event: 11.664 GC heap after
Heap after GC invocations=5 (full 0):
 PSYoungGen      total 71680K, used 5083K [0x0000000795580000, 0x000000079fb80000, 0x00000007c0000000)
  eden space 66560K, 0% used [0x0000000795580000,0x0000000795580000,0x0000000799680000)
  from space 5120K, 99% used [0x0000000799680000,0x0000000799b76ec0,0x0000000799b80000)
  to   space 18432K, 0% used [0x000000079e980000,0x000000079e980000,0x000000079fb80000)
 ParOldGen       total 87552K, used 26679K [0x0000000740000000, 0x0000000745580000, 0x0000000795580000)
  object space 87552K, 30% used [0x0000000740000000,0x0000000741a0df90,0x0000000745580000)
 Metaspace       used 19147K, capacity 19335K, committed 19712K, reserved 1067008K
  class space    used 1896K, capacity 1982K, committed 2048K, reserved 1048576K
}
Event: 17.035 GC heap before
{Heap before GC invocations=6 (full 0):
 PSYoungGen      total 71680K, used 71643K [0x0000000795580000, 0x000000079fb80000, 0x00000007c0000000)
  eden space 66560K, 100% used [0x0000000795580000,0x0000000799680000,0x0000000799680000)
  from space 5120K, 99% used [0x0000000799680000,0x0000000799b76ec0,0x0000000799b80000)
  to   space 18432K, 0% used [0x000000079e980000,0x000000079e980000,0x000000079fb80000)
 ParOldGen       total 87552K, used 26679K [0x0000000740000000, 0x0000000745580000, 0x0000000795580000)
  object space 87552K, 30% used [0x0000000740000000,0x0000000741a0df90,0x0000000745580000)
 Metaspace       used 19394K, capacity 19601K, committed 19968K, reserved 1067008K
  class space    used 1896K, capacity 1983K, committed 2048K, reserved 1048576K
Event: 17.051 GC heap after
Heap after GC invocations=6 (full 0):
 PSYoungGen      total 150528K, used 6578K [0x0000000795580000, 0x000000079fa80000, 0x00000007c0000000)
  eden space 133120K, 0% used [0x0000000795580000,0x0000000795580000,0x000000079d780000)
  from space 17408K, 37% used [0x000000079e980000,0x000000079efec890,0x000000079fa80000)
  to   space 17920K, 0% used [0x000000079d780000,0x000000079d780000,0x000000079e900000)
 ParOldGen       total 87552K, used 26679K [0x0000000740000000, 0x0000000745580000, 0x0000000795580000)
  object space 87552K, 30% used [0x0000000740000000,0x0000000741a0df90,0x0000000745580000)
 Metaspace       used 19394K, capacity 19601K, committed 19968K, reserved 1067008K
  class space    used 1896K, capacity 1983K, committed 2048K, reserved 1048576K
}
Event: 23.173 GC heap before
{Heap before GC invocations=7 (full 0):
 PSYoungGen      total 150528K, used 139698K [0x0000000795580000, 0x000000079fa80000, 0x00000007c0000000)
  eden space 133120K, 100% used [0x0000000795580000,0x000000079d780000,0x000000079d780000)
  from space 17408K, 37% used [0x000000079e980000,0x000000079efec890,0x000000079fa80000)
  to   space 17920K, 0% used [0x000000079d780000,0x000000079d780000,0x000000079e900000)
 ParOldGen       total 87552K, used 26679K [0x0000000740000000, 0x0000000745580000, 0x0000000795580000)
  object space 87552K, 30% used [0x0000000740000000,0x0000000741a0df90,0x0000000745580000)
 Metaspace       used 19506K, capacity 19729K, committed 19968K, reserved 1067008K
  class space    used 1896K, capacity 1983K, committed 2048K, reserved 1048576K
Event: 23.191 GC heap after
Heap after GC invocations=7 (full 0):
 PSYoungGen      total 140288K, used 12192K [0x0000000795580000, 0x000000079f680000, 0x00000007c0000000)
  eden space 128000K, 0% used [0x0000000795580000,0x0000000795580000,0x000000079d280000)
  from space 12288K, 99% used [0x000000079d780000,0x000000079e368330,0x000000079e380000)
  to   space 18432K, 0% used [0x000000079e480000,0x000000079e480000,0x000000079f680000)
 ParOldGen       total 87552K, used 30764K [0x0000000740000000, 0x0000000745580000, 0x0000000795580000)
  object space 87552K, 35% used [0x0000000740000000,0x0000000741e0b328,0x0000000745580000)
 Metaspace       used 19506K, capacity 19729K, committed 19968K, reserved 1067008K
  class space    used 1896K, capacity 1983K, committed 2048K, reserved 1048576K
}
Event: 34.510 GC heap before
{Heap before GC invocations=8 (full 0):
 PSYoungGen      total 140288K, used 140192K [0x0000000795580000, 0x000000079f680000, 0x00000007c0000000)
  eden space 128000K, 100% used [0x0000000795580000,0x000000079d280000,0x000000079d280000)
  from space 12288K, 99% used [0x000000079d780000,0x000000079e368330,0x000000079e380000)
  to   space 18432K, 0% used [0x000000079e480000,0x000000079e480000,0x000000079f680000)
 ParOldGen       total 87552K, used 30764K [0x0000000740000000, 0x0000000745580000, 0x0000000795580000)
  object space 87552K, 35% used [0x0000000740000000,0x0000000741e0b328,0x0000000745580000)
 Metaspace       used 19584K, capacity 19793K, committed 19968K, reserved 1067008K
  class space    used 1905K, capacity 1983K, committed 2048K, reserved 1048576K
Event: 34.515 GC heap after
Heap after GC invocations=8 (full 0):
 PSYoungGen      total 137216K, used 11456K [0x0000000795580000, 0x000000079f200000, 0x00000007c0000000)
  eden space 123392K, 0% used [0x0000000795580000,0x0000000795580000,0x000000079ce00000)
  from space 13824K, 82% used [0x000000079e480000,0x000000079efb02c0,0x000000079f200000)
  to   space 18432K, 0% used [0x000000079ce00000,0x000000079ce00000,0x000000079e000000)
 ParOldGen       total 87552K, used 31100K [0x0000000740000000, 0x0000000745580000, 0x0000000795580000)
  object space 87552K, 35% used [0x0000000740000000,0x0000000741e5f368,0x0000000745580000)
 Metaspace       used 19584K, capacity 19793K, committed 19968K, reserved 1067008K
  class space    used 1905K, capacity 1983K, committed 2048K, reserved 1048576K
}

