# JRE version: Java(TM) SE Runtime Environment (8.0_111-b14) (build 1.8.0_111-b14)
# Java VM: Java HotSpot(TM) 64-Bit Server VM (25.111-b14 mixed mode bsd-amd64 compressed oops)
Heap:
 PSYoungGen      total 48640K, used 17227K [0x0000000795580000, 0x0000000799700000, 0x00000007c0000000)
  eden space 32256K, 32% used [0x0000000795580000,0x0000000795fac000,0x0000000797500000)
  from space 16384K, 41% used [0x0000000798700000,0x0000000798da6f30,0x0000000799700000)
  to   space 17408K, 0% used [0x0000000797500000,0x0000000797500000,0x0000000798600000)
 ParOldGen       total 87552K, used 27289K [0x0000000740000000, 0x0000000745580000, 0x0000000795580000)
  object space 87552K, 31% used [0x0000000740000000,0x0000000741aa6490,0x0000000745580000)
 Metaspace       used 19673K, capacity 19857K, committed 20224K, reserved 1067008K
  class space    used 1963K, capacity 2047K, committed 2048K, reserved 1048576K
GC Heap History (10 events):
Event: 5.393 GC heap before
{Heap before GC invocations=2 (full 0):
 PSYoungGen      total 38400K, used 38376K [0x0000000795580000, 0x0000000798000000, 0x00000007c0000000)
  eden space 33280K, 100% used [0x0000000795580000,0x0000000797600000,0x0000000797600000)
  from space 5120K, 99% used [0x0000000797600000,0x0000000797afa378,0x0000000797b00000)
  to   space 5120K, 0% used [0x0000000797b00000,0x0000000797b00000,0x0000000798000000)
 ParOldGen       total 87552K, used 114K [0x0000000740000000, 0x0000000745580000, 0x0000000795580000)
  object space 87552K, 0% used [0x0000000740000000,0x000000074001c8c0,0x0000000745580000)
 Metaspace       used 18972K, capacity 19143K, committed 19456K, reserved 1067008K
  class space    used 1951K, capacity 2046K, committed 2048K, reserved 1048576K
Event: 5.411 GC heap after
Heap after GC invocations=2 (full 0):
 PSYoungGen      total 38400K, used 5109K [0x0000000795580000, 0x0000000798000000, 0x00000007c0000000)
  eden space 33280K, 0% used [0x0000000795580000,0x0000000795580000,0x0000000797600000)
  from space 5120K, 99% used [0x0000000797b00000,0x0000000797ffd4f8,0x0000000798000000)
  to   space 5120K, 0% used [0x0000000797600000,0x0000000797600000,0x0000000797b00000)
 ParOldGen       total 87552K, used 13257K [0x0000000740000000, 0x0000000745580000, 0x0000000795580000)
  object space 87552K, 15% used [0x0000000740000000,0x0000000740cf25f0,0x0000000745580000)
 Metaspace       used 18972K, capacity 19143K, committed 19456K, reserved 1067008K
  class space    used 1951K, capacity 2046K, committed 2048K, reserved 1048576K
}
Event: 6.055 GC heap before
{Heap before GC invocations=3 (full 0):
 PSYoungGen      total 38400K, used 38249K [0x0000000795580000, 0x0000000798000000, 0x00000007c0000000)
  eden space 33280K, 99% used [0x0000000795580000,0x00000007975dd080,0x0000000797600000)
  from space 5120K, 99% used [0x0000000797b00000,0x0000000797ffd4f8,0x0000000798000000)
  to   space 5120K, 0% used [0x0000000797600000,0x0000000797600000,0x0000000797b00000)
 ParOldGen       total 87552K, used 13257K [0x0000000740000000, 0x0000000745580000, 0x0000000795580000)
  object space 87552K, 15% used [0x0000000740000000,0x0000000740cf25f0,0x0000000745580000)
 Metaspace       used 19174K, capacity 19335K, committed 19712K, reserved 1067008K
  class space    used 1953K, capacity 2046K, committed 2048K, reserved 1048576K
Event: 6.063 GC heap after
Heap after GC invocations=3 (full 0):
 PSYoungGen      total 38400K, used 5115K [0x0000000795580000, 0x0000000798000000, 0x00000007c0000000)
  eden space 33280K, 0% used [0x0000000795580000,0x0000000795580000,0x0000000797600000)
  from space 5120K, 99% used [0x0000000797600000,0x0000000797afeed0,0x0000000797b00000)
  to   space 5120K, 0% used [0x0000000797b00000,0x0000000797b00000,0x0000000798000000)
 ParOldGen       total 87552K, used 18656K [0x0000000740000000, 0x0000000745580000, 0x0000000795580000)
  object space 87552K, 21% used [0x0000000740000000,0x0000000741238200,0x0000000745580000)
 Metaspace       used 19174K, capacity 19335K, committed 19712K, reserved 1067008K
  class space    used 1953K, capacity 2046K, committed 2048K, reserved 1048576K
}
Event: 6.435 GC heap before
{Heap before GC invocations=4 (full 0):
 PSYoungGen      total 38400K, used 38182K [0x0000000795580000, 0x0000000798000000, 0x00000007c0000000)
  eden space 33280K, 99% used [0x0000000795580000,0x00000007975cac50,0x0000000797600000)
  from space 5120K, 99% used [0x0000000797600000,0x0000000797afeed0,0x0000000797b00000)
  to   space 5120K, 0% used [0x0000000797b00000,0x0000000797b00000,0x0000000798000000)
 ParOldGen       total 87552K, used 18656K [0x0000000740000000, 0x0000000745580000, 0x0000000795580000)
  object space 87552K, 21% used [0x0000000740000000,0x0000000741238200,0x0000000745580000)
 Metaspace       used 19244K, capacity 19463K, committed 19712K, reserved 1067008K
  class space    used 1953K, capacity 2046K, committed 2048K, reserved 1048576K
Event: 6.441 GC heap after
Heap after GC invocations=4 (full 0):
 PSYoungGen      total 38400K, used 5115K [0x0000000795580000, 0x000000079a080000, 0x00000007c0000000)
  eden space 33280K, 0% used [0x0000000795580000,0x0000000795580000,0x0000000797600000)
  from space 5120K, 99% used [0x0000000797b00000,0x0000000797ffeed0,0x0000000798000000)
  to   space 5120K, 0% used [0x0000000797600000,0x0000000797600000,0x0000000797b00000)
 ParOldGen       total 87552K, used 24208K [0x0000000740000000, 0x0000000745580000, 0x0000000795580000)
  object space 87552K, 27% used [0x0000000740000000,0x00000007417a43d0,0x0000000745580000)
 Metaspace       used 19244K, capacity 19463K, committed 19712K, reserved 1067008K
  class space    used 1953K, capacity 2046K, committed 2048K, reserved 1048576K
}
Event: 8.161 GC heap before
{Heap before GC invocations=5 (full 0):
 PSYoungGen      total 38400K, used 38379K [0x0000000795580000, 0x000000079a080000, 0x00000007c0000000)
  eden space 33280K, 99% used [0x0000000795580000,0x00000007975fc088,0x0000000797600000)
  from space 5120K, 99% used [0x0000000797b00000,0x0000000797ffeed0,0x0000000798000000)
  to   space 5120K, 0% used [0x0000000797600000,0x0000000797600000,0x0000000797b00000)
 ParOldGen       total 87552K, used 24208K [0x0000000740000000, 0x0000000745580000, 0x0000000795580000)
  object space 87552K, 27% used [0x0000000740000000,0x00000007417a43d0,0x0000000745580000)
 Metaspace       used 19459K, capacity 19661K, committed 19968K, reserved 1067008K
  class space    used 1954K, capacity 2047K, committed 2048K, reserved 1048576K
Event: 8.169 GC heap after
Heap after GC invocations=5 (full 0):
 PSYoungGen      total 37888K, used 5019K [0x0000000795580000, 0x0000000799880000, 0x00000007c0000000)
  eden space 32768K, 0% used [0x0000000795580000,0x0000000795580000,0x0000000797580000)
  from space 5120K, 98% used [0x0000000797600000,0x0000000797ae6ec0,0x0000000797b00000)
  to   space 17920K, 0% used [0x0000000798700000,0x0000000798700000,0x0000000799880000)
 ParOldGen       total 87552K, used 27289K [0x0000000740000000, 0x0000000745580000, 0x0000000795580000)
  object space 87552K, 31% used [0x0000000740000000,0x0000000741aa6490,0x0000000745580000)
 Metaspace       used 19459K, capacity 19661K, committed 19968K, reserved 1067008K
  class space    used 1954K, capacity 2047K, committed 2048K, reserved 1048576K
}
Event: 10.761 GC heap before
{Heap before GC invocations=6 (full 0):
 PSYoungGen      total 37888K, used 37787K [0x0000000795580000, 0x0000000799880000, 0x00000007c0000000)
  eden space 32768K, 100% used [0x0000000795580000,0x0000000797580000,0x0000000797580000)
  from space 5120K, 98% used [0x0000000797600000,0x0000000797ae6ec0,0x0000000797b00000)
  to   space 17920K, 0% used [0x0000000798700000,0x0000000798700000,0x0000000799880000)
 ParOldGen       total 87552K, used 27289K [0x0000000740000000, 0x0000000745580000, 0x0000000795580000)
  object space 87552K, 31% used [0x0000000740000000,0x0000000741aa6490,0x0000000745580000)
 Metaspace       used 19600K, capacity 19857K, committed 20224K, reserved 1067008K
  class space    used 1954K, capacity 2047K, committed 2048K, reserved 1048576K
Event: 10.769 GC heap after
Heap after GC invocations=6 (full 0):
 PSYoungGen      total 48640K, used 6811K [0x0000000795580000, 0x0000000799700000, 0x00000007c0000000)
  eden space 32256K, 0% used [0x0000000795580000,0x0000000795580000,0x0000000797500000)
  from space 16384K, 41% used [0x0000000798700000,0x0000000798da6f30,0x0000000799700000)
  to   space 17408K, 0% used [0x0000000797500000,0x0000000797500000,0x0000000798600000)
 ParOldGen       total 87552K, used 27289K [0x0000000740000000, 0x0000000745580000, 0x0000000795580000)
  object space 87552K, 31% used [0x0000000740000000,0x0000000741aa6490,0x0000000745580000)
 Metaspace       used 19600K, capacity 19857K, committed 20224K, reserved 1067008K
  class space    used 1954K, capacity 2047K, committed 2048K, reserved 1048576K
}

