# JRE version: Java(TM) SE Runtime Environment (8.0_111-b14) (build 1.8.0_111-b14)
# Java VM: Java HotSpot(TM) 64-Bit Server VM (25.111-b14 mixed mode bsd-amd64 compressed oops)
Heap:
 PSYoungGen      total 49152K, used 26060K [0x0000000795580000, 0x0000000799800000, 0x00000007c0000000)
  eden space 31232K, 80% used [0x0000000795580000,0x0000000796e13318,0x0000000797400000)
  from space 17920K, 5% used [0x0000000798600000,0x00000007986e0030,0x0000000799780000)
  to   space 18432K, 0% used [0x0000000797400000,0x0000000797400000,0x0000000798600000)
 ParOldGen       total 87552K, used 31929K [0x0000000740000000, 0x0000000745580000, 0x0000000795580000)
  object space 87552K, 36% used [0x0000000740000000,0x0000000741f2e4a0,0x0000000745580000)
 Metaspace       used 19414K, capacity 19597K, committed 19712K, reserved 1067008K
  class space    used 1909K, capacity 1983K, committed 2048K, reserved 1048576K
GC Heap History (10 events):
Event: 7.632 GC heap before
{Heap before GC invocations=4 (full 0):
 PSYoungGen      total 38400K, used 38395K [0x0000000795580000, 0x0000000798000000, 0x00000007c0000000)
  eden space 33280K, 100% used [0x0000000795580000,0x0000000797600000,0x0000000797600000)
  from space 5120K, 99% used [0x0000000797600000,0x0000000797afeef0,0x0000000797b00000)
  to   space 5120K, 0% used [0x0000000797b00000,0x0000000797b00000,0x0000000798000000)
 ParOldGen       total 87552K, used 19628K [0x0000000740000000, 0x0000000745580000, 0x0000000795580000)
  object space 87552K, 22% used [0x0000000740000000,0x000000074132b188,0x0000000745580000)
 Metaspace       used 18912K, capacity 19085K, committed 19200K, reserved 1067008K
  class space    used 1900K, capacity 1983K, committed 2048K, reserved 1048576K
Event: 7.638 GC heap after
Heap after GC invocations=4 (full 0):
 PSYoungGen      total 38400K, used 5115K [0x0000000795580000, 0x0000000798000000, 0x00000007c0000000)
  eden space 33280K, 0% used [0x0000000795580000,0x0000000795580000,0x0000000797600000)
  from space 5120K, 99% used [0x0000000797b00000,0x0000000797ffeef0,0x0000000798000000)
  to   space 5120K, 0% used [0x0000000797600000,0x0000000797600000,0x0000000797b00000)
 ParOldGen       total 87552K, used 23935K [0x0000000740000000, 0x0000000745580000, 0x0000000795580000)
  object space 87552K, 27% used [0x0000000740000000,0x000000074175ff08,0x0000000745580000)
 Metaspace       used 18912K, capacity 19085K, committed 19200K, reserved 1067008K
  class space    used 1900K, capacity 1983K, committed 2048K, reserved 1048576K
}
Event: 8.556 GC heap before
{Heap before GC invocations=5 (full 0):
 PSYoungGen      total 38400K, used 38395K [0x0000000795580000, 0x0000000798000000, 0x00000007c0000000)
  eden space 33280K, 100% used [0x0000000795580000,0x0000000797600000,0x0000000797600000)
  from space 5120K, 99% used [0x0000000797b00000,0x0000000797ffeef0,0x0000000798000000)
  to   space 5120K, 0% used [0x0000000797600000,0x0000000797600000,0x0000000797b00000)
 ParOldGen       total 87552K, used 23935K [0x0000000740000000, 0x0000000745580000, 0x0000000795580000)
  object space 87552K, 27% used [0x0000000740000000,0x000000074175ff08,0x0000000745580000)
 Metaspace       used 19028K, capacity 19277K, committed 19456K, reserved 1067008K
  class space    used 1900K, capacity 1983K, committed 2048K, reserved 1048576K
Event: 8.564 GC heap after
Heap after GC invocations=5 (full 0):
 PSYoungGen      total 37888K, used 5099K [0x0000000795580000, 0x0000000799680000, 0x00000007c0000000)
  eden space 32768K, 0% used [0x0000000795580000,0x0000000795580000,0x0000000797580000)
  from space 5120K, 99% used [0x0000000797600000,0x0000000797afaee0,0x0000000797b00000)
  to   space 16896K, 0% used [0x0000000798600000,0x0000000798600000,0x0000000799680000)
 ParOldGen       total 87552K, used 27599K [0x0000000740000000, 0x0000000745580000, 0x0000000795580000)
  object space 87552K, 31% used [0x0000000740000000,0x0000000741af3fe8,0x0000000745580000)
 Metaspace       used 19028K, capacity 19277K, committed 19456K, reserved 1067008K
  class space    used 1900K, capacity 1983K, committed 2048K, reserved 1048576K
}
Event: 11.390 GC heap before
{Heap before GC invocations=6 (full 0):
 PSYoungGen      total 37888K, used 37867K [0x0000000795580000, 0x0000000799680000, 0x00000007c0000000)
  eden space 32768K, 100% used [0x0000000795580000,0x0000000797580000,0x0000000797580000)
  from space 5120K, 99% used [0x0000000797600000,0x0000000797afaee0,0x0000000797b00000)
  to   space 16896K, 0% used [0x0000000798600000,0x0000000798600000,0x0000000799680000)
 ParOldGen       total 87552K, used 27599K [0x0000000740000000, 0x0000000745580000, 0x0000000795580000)
  object space 87552K, 31% used [0x0000000740000000,0x0000000741af3fe8,0x0000000745580000)
 Metaspace       used 19166K, capacity 19405K, committed 19712K, reserved 1067008K
  class space    used 1901K, capacity 1983K, committed 2048K, reserved 1048576K
Event: 11.399 GC heap after
Heap after GC invocations=6 (full 0):
 PSYoungGen      total 49152K, used 5179K [0x0000000795580000, 0x0000000799700000, 0x00000007c0000000)
  eden space 32256K, 0% used [0x0000000795580000,0x0000000795580000,0x0000000797500000)
  from space 16896K, 30% used [0x0000000798600000,0x0000000798b0eef0,0x0000000799680000)
  to   space 17408K, 0% used [0x0000000797500000,0x0000000797500000,0x0000000798600000)
 ParOldGen       total 87552K, used 27607K [0x0000000740000000, 0x0000000745580000, 0x0000000795580000)
  object space 87552K, 31% used [0x0000000740000000,0x0000000741af5fe8,0x0000000745580000)
 Metaspace       used 19166K, capacity 19405K, committed 19712K, reserved 1067008K
  class space    used 1901K, capacity 1983K, committed 2048K, reserved 1048576K
}
Event: 14.432 GC heap before
{Heap before GC invocations=7 (full 0):
 PSYoungGen      total 49152K, used 37435K [0x0000000795580000, 0x0000000799700000, 0x00000007c0000000)
  eden space 32256K, 100% used [0x0000000795580000,0x0000000797500000,0x0000000797500000)
  from space 16896K, 30% used [0x0000000798600000,0x0000000798b0eef0,0x0000000799680000)
  to   space 17408K, 0% used [0x0000000797500000,0x0000000797500000,0x0000000798600000)
 ParOldGen       total 87552K, used 27607K [0x0000000740000000, 0x0000000745580000, 0x0000000795580000)
  object space 87552K, 31% used [0x0000000740000000,0x0000000741af5fe8,0x0000000745580000)
 Metaspace       used 19231K, capacity 19405K, committed 19712K, reserved 1067008K
  class space    used 1901K, capacity 1983K, committed 2048K, reserved 1048576K
Event: 14.442 GC heap after
Heap after GC invocations=7 (full 0):
 PSYoungGen      total 49152K, used 1152K [0x0000000795580000, 0x0000000799780000, 0x00000007c0000000)
  eden space 31744K, 0% used [0x0000000795580000,0x0000000795580000,0x0000000797480000)
  from space 17408K, 6% used [0x0000000797500000,0x0000000797620040,0x0000000798600000)
  to   space 17920K, 0% used [0x0000000798600000,0x0000000798600000,0x0000000799780000)
 ParOldGen       total 87552K, used 31649K [0x0000000740000000, 0x0000000745580000, 0x0000000795580000)
  object space 87552K, 36% used [0x0000000740000000,0x0000000741ee8490,0x0000000745580000)
 Metaspace       used 19231K, capacity 19405K, committed 19712K, reserved 1067008K
  class space    used 1901K, capacity 1983K, committed 2048K, reserved 1048576K
}
Event: 17.000 GC heap before
{Heap before GC invocations=8 (full 0):
 PSYoungGen      total 49152K, used 32896K [0x0000000795580000, 0x0000000799780000, 0x00000007c0000000)
  eden space 31744K, 100% used [0x0000000795580000,0x0000000797480000,0x0000000797480000)
  from space 17408K, 6% used [0x0000000797500000,0x0000000797620040,0x0000000798600000)
  to   space 17920K, 0% used [0x0000000798600000,0x0000000798600000,0x0000000799780000)
 ParOldGen       total 87552K, used 31649K [0x0000000740000000, 0x0000000745580000, 0x0000000795580000)
  object space 87552K, 36% used [0x0000000740000000,0x0000000741ee8490,0x0000000745580000)
 Metaspace       used 19370K, capacity 19597K, committed 19712K, reserved 1067008K
  class space    used 1901K, capacity 1983K, committed 2048K, reserved 1048576K
Event: 17.001 GC heap after
Heap after GC invocations=8 (full 0):
 PSYoungGen      total 49152K, used 896K [0x0000000795580000, 0x0000000799800000, 0x00000007c0000000)
  eden space 31232K, 0% used [0x0000000795580000,0x0000000795580000,0x0000000797400000)
  from space 17920K, 5% used [0x0000000798600000,0x00000007986e0030,0x0000000799780000)
  to   space 18432K, 0% used [0x0000000797400000,0x0000000797400000,0x0000000798600000)
 ParOldGen       total 87552K, used 31929K [0x0000000740000000, 0x0000000745580000, 0x0000000795580000)
  object space 87552K, 36% used [0x0000000740000000,0x0000000741f2e4a0,0x0000000745580000)
 Metaspace       used 19370K, capacity 19597K, committed 19712K, reserved 1067008K
  class space    used 1901K, capacity 1983K, committed 2048K, reserved 1048576K
}

