# JRE version: Java(TM) SE Runtime Environment (8.0_111-b14) (build 1.8.0_111-b14)
# Java VM: Java HotSpot(TM) 64-Bit Server VM (25.111-b14 mixed mode bsd-amd64 compressed oops)
Heap:
 PSYoungGen      total 97792K, used 68632K [0x0000000795580000, 0x000000079fa80000, 0x00000007c0000000)
  eden space 86016K, 79% used [0x0000000795580000,0x0000000799866058,0x000000079a980000)
  from space 11776K, 1% used [0x000000079e380000,0x000000079e3a0000,0x000000079ef00000)
  to   space 11264K, 0% used [0x000000079ef80000,0x000000079ef80000,0x000000079fa80000)
 ParOldGen       total 87552K, used 38378K [0x0000000740000000, 0x0000000745580000, 0x0000000795580000)
  object space 87552K, 43% used [0x0000000740000000,0x000000074257abe0,0x0000000745580000)
 Metaspace       used 20020K, capacity 20245K, committed 20480K, reserved 1067008K
  class space    used 1958K, capacity 2047K, committed 2048K, reserved 1048576K
GC Heap History (10 events):
Event: 18.625 GC heap before
{Heap before GC invocations=17 (full 0):
 PSYoungGen      total 102912K, used 102496K [0x0000000795580000, 0x00000007a1100000, 0x00000007c0000000)
  eden space 102400K, 100% used [0x0000000795580000,0x000000079b980000,0x000000079b980000)
  from space 512K, 18% used [0x00000007a1080000,0x00000007a1098000,0x00000007a1100000)
  to   space 12288K, 0% used [0x000000079f900000,0x000000079f900000,0x00000007a0500000)
 ParOldGen       total 87552K, used 38282K [0x0000000740000000, 0x0000000745580000, 0x0000000795580000)
  object space 87552K, 43% used [0x0000000740000000,0x0000000742562be0,0x0000000745580000)
 Metaspace       used 19939K, capacity 20181K, committed 20480K, reserved 1067008K
  class space    used 1950K, capacity 2047K, committed 2048K, reserved 1048576K
Event: 18.626 GC heap after
Heap after GC invocations=17 (full 0):
 PSYoungGen      total 111104K, used 96K [0x0000000795580000, 0x00000007a1100000, 0x00000007c0000000)
  eden space 98816K, 0% used [0x0000000795580000,0x0000000795580000,0x000000079b600000)
  from space 12288K, 0% used [0x000000079f900000,0x000000079f918000,0x00000007a0500000)
  to   space 12288K, 0% used [0x00000007a0500000,0x00000007a0500000,0x00000007a1100000)
 ParOldGen       total 87552K, used 38306K [0x0000000740000000, 0x0000000745580000, 0x0000000795580000)
  object space 87552K, 43% used [0x0000000740000000,0x0000000742568be0,0x0000000745580000)
 Metaspace       used 19939K, capacity 20181K, committed 20480K, reserved 1067008K
  class space    used 1950K, capacity 2047K, committed 2048K, reserved 1048576K
}
Event: 19.837 GC heap before
{Heap before GC invocations=18 (full 0):
 PSYoungGen      total 111104K, used 98912K [0x0000000795580000, 0x00000007a1100000, 0x00000007c0000000)
  eden space 98816K, 100% used [0x0000000795580000,0x000000079b600000,0x000000079b600000)
  from space 12288K, 0% used [0x000000079f900000,0x000000079f918000,0x00000007a0500000)
  to   space 12288K, 0% used [0x00000007a0500000,0x00000007a0500000,0x00000007a1100000)
 ParOldGen       total 87552K, used 38306K [0x0000000740000000, 0x0000000745580000, 0x0000000795580000)
  object space 87552K, 43% used [0x0000000740000000,0x0000000742568be0,0x0000000745580000)
 Metaspace       used 19941K, capacity 20181K, committed 20480K, reserved 1067008K
  class space    used 1950K, capacity 2047K, committed 2048K, reserved 1048576K
Event: 19.839 GC heap after
Heap after GC invocations=18 (full 0):
 PSYoungGen      total 95744K, used 128K [0x0000000795580000, 0x00000007a0580000, 0x00000007c0000000)
  eden space 95232K, 0% used [0x0000000795580000,0x0000000795580000,0x000000079b280000)
  from space 512K, 25% used [0x00000007a0500000,0x00000007a0520000,0x00000007a0580000)
  to   space 12288K, 0% used [0x000000079ed80000,0x000000079ed80000,0x000000079f980000)
 ParOldGen       total 87552K, used 38322K [0x0000000740000000, 0x0000000745580000, 0x0000000795580000)
  object space 87552K, 43% used [0x0000000740000000,0x000000074256cbe0,0x0000000745580000)
 Metaspace       used 19941K, capacity 20181K, committed 20480K, reserved 1067008K
  class space    used 1950K, capacity 2047K, committed 2048K, reserved 1048576K
}
Event: 20.974 GC heap before
{Heap before GC invocations=19 (full 0):
 PSYoungGen      total 95744K, used 95360K [0x0000000795580000, 0x00000007a0580000, 0x00000007c0000000)
  eden space 95232K, 100% used [0x0000000795580000,0x000000079b280000,0x000000079b280000)
  from space 512K, 25% used [0x00000007a0500000,0x00000007a0520000,0x00000007a0580000)
  to   space 12288K, 0% used [0x000000079ed80000,0x000000079ed80000,0x000000079f980000)
 ParOldGen       total 87552K, used 38322K [0x0000000740000000, 0x0000000745580000, 0x0000000795580000)
  object space 87552K, 43% used [0x0000000740000000,0x000000074256cbe0,0x0000000745580000)
 Metaspace       used 19947K, capacity 20181K, committed 20480K, reserved 1067008K
  class space    used 1950K, capacity 2047K, committed 2048K, reserved 1048576K
Event: 20.976 GC heap after
Heap after GC invocations=19 (full 0):
 PSYoungGen      total 104448K, used 64K [0x0000000795580000, 0x00000007a0580000, 0x00000007c0000000)
  eden space 92160K, 0% used [0x0000000795580000,0x0000000795580000,0x000000079af80000)
  from space 12288K, 0% used [0x000000079ed80000,0x000000079ed90000,0x000000079f980000)
  to   space 11776K, 0% used [0x000000079fa00000,0x000000079fa00000,0x00000007a0580000)
 ParOldGen       total 87552K, used 38330K [0x0000000740000000, 0x0000000745580000, 0x0000000795580000)
  object space 87552K, 43% used [0x0000000740000000,0x000000074256ebe0,0x0000000745580000)
 Metaspace       used 19947K, capacity 20181K, committed 20480K, reserved 1067008K
  class space    used 1950K, capacity 2047K, committed 2048K, reserved 1048576K
}
Event: 22.105 GC heap before
{Heap before GC invocations=20 (full 0):
 PSYoungGen      total 104448K, used 92224K [0x0000000795580000, 0x00000007a0580000, 0x00000007c0000000)
  eden space 92160K, 100% used [0x0000000795580000,0x000000079af80000,0x000000079af80000)
  from space 12288K, 0% used [0x000000079ed80000,0x000000079ed90000,0x000000079f980000)
  to   space 11776K, 0% used [0x000000079fa00000,0x000000079fa00000,0x00000007a0580000)
 ParOldGen       total 87552K, used 38330K [0x0000000740000000, 0x0000000745580000, 0x0000000795580000)
  object space 87552K, 43% used [0x0000000740000000,0x000000074256ebe0,0x0000000745580000)
 Metaspace       used 19947K, capacity 20181K, committed 20480K, reserved 1067008K
  class space    used 1950K, capacity 2047K, committed 2048K, reserved 1048576K
Event: 22.107 GC heap after
Heap after GC invocations=20 (full 0):
 PSYoungGen      total 89600K, used 96K [0x0000000795580000, 0x000000079fa80000, 0x00000007c0000000)
  eden space 89088K, 0% used [0x0000000795580000,0x0000000795580000,0x000000079ac80000)
  from space 512K, 18% used [0x000000079fa00000,0x000000079fa18000,0x000000079fa80000)
  to   space 11776K, 0% used [0x000000079e380000,0x000000079e380000,0x000000079ef00000)
 ParOldGen       total 87552K, used 38354K [0x0000000740000000, 0x0000000745580000, 0x0000000795580000)
  object space 87552K, 43% used [0x0000000740000000,0x0000000742574be0,0x0000000745580000)
 Metaspace       used 19947K, capacity 20181K, committed 20480K, reserved 1067008K
  class space    used 1950K, capacity 2047K, committed 2048K, reserved 1048576K
}
Event: 23.179 GC heap before
{Heap before GC invocations=21 (full 0):
 PSYoungGen      total 89600K, used 89184K [0x0000000795580000, 0x000000079fa80000, 0x00000007c0000000)
  eden space 89088K, 100% used [0x0000000795580000,0x000000079ac80000,0x000000079ac80000)
  from space 512K, 18% used [0x000000079fa00000,0x000000079fa18000,0x000000079fa80000)
  to   space 11776K, 0% used [0x000000079e380000,0x000000079e380000,0x000000079ef00000)
 ParOldGen       total 87552K, used 38354K [0x0000000740000000, 0x0000000745580000, 0x0000000795580000)
  object space 87552K, 43% used [0x0000000740000000,0x0000000742574be0,0x0000000745580000)
 Metaspace       used 19982K, capacity 20181K, committed 20480K, reserved 1067008K
  class space    used 1950K, capacity 2047K, committed 2048K, reserved 1048576K
Event: 23.180 GC heap after
Heap after GC invocations=21 (full 0):
 PSYoungGen      total 97792K, used 128K [0x0000000795580000, 0x000000079fa80000, 0x00000007c0000000)
  eden space 86016K, 0% used [0x0000000795580000,0x0000000795580000,0x000000079a980000)
  from space 11776K, 1% used [0x000000079e380000,0x000000079e3a0000,0x000000079ef00000)
  to   space 11264K, 0% used [0x000000079ef80000,0x000000079ef80000,0x000000079fa80000)
 ParOldGen       total 87552K, used 38378K [0x0000000740000000, 0x0000000745580000, 0x0000000795580000)
  object space 87552K, 43% used [0x0000000740000000,0x000000074257abe0,0x0000000745580000)
 Metaspace       used 19982K, capacity 20181K, committed 20480K, reserved 1067008K
  class space    used 1950K, capacity 2047K, committed 2048K, reserved 1048576K
}

