# JRE version: Java(TM) SE Runtime Environment (8.0_111-b14) (build 1.8.0_111-b14)
# Java VM: Java HotSpot(TM) 64-Bit Server VM (25.111-b14 mixed mode bsd-amd64 compressed oops)
Heap:
 PSYoungGen      total 24576K, used 12752K [0x0000000795580000, 0x00000007a5080000, 0x00000007c0000000)
  eden space 24064K, 52% used [0x0000000795580000,0x00000007961e4260,0x0000000796d00000)
  from space 512K, 12% used [0x00000007a5000000,0x00000007a5010000,0x00000007a5080000)
  to   space 512K, 0% used [0x00000007a4f80000,0x00000007a4f80000,0x00000007a5000000)
 ParOldGen       total 87552K, used 52610K [0x0000000740000000, 0x0000000745580000, 0x0000000795580000)
  object space 87552K, 60% used [0x0000000740000000,0x0000000743360a50,0x0000000745580000)
 Metaspace       used 20273K, capacity 20497K, committed 20736K, reserved 1069056K
  class space    used 1978K, capacity 2047K, committed 2048K, reserved 1048576K
GC Heap History (10 events):
Event: 2241.127 GC heap before
{Heap before GC invocations=4682 (full 0):
 PSYoungGen      total 24576K, used 24128K [0x0000000795580000, 0x00000007a5080000, 0x00000007c0000000)
  eden space 24064K, 100% used [0x0000000795580000,0x0000000796d00000,0x0000000796d00000)
  from space 512K, 12% used [0x00000007a4f80000,0x00000007a4f90000,0x00000007a5000000)
  to   space 512K, 0% used [0x00000007a5000000,0x00000007a5000000,0x00000007a5080000)
 ParOldGen       total 87552K, used 52594K [0x0000000740000000, 0x0000000745580000, 0x0000000795580000)
  object space 87552K, 60% used [0x0000000740000000,0x000000074335ca50,0x0000000745580000)
 Metaspace       used 20238K, capacity 20433K, committed 20736K, reserved 1069056K
  class space    used 1970K, capacity 2047K, committed 2048K, reserved 1048576K
Event: 2241.129 GC heap after
Heap after GC invocations=4682 (full 0):
 PSYoungGen      total 24576K, used 64K [0x0000000795580000, 0x00000007a5080000, 0x00000007c0000000)
  eden space 24064K, 0% used [0x0000000795580000,0x0000000795580000,0x0000000796d00000)
  from space 512K, 12% used [0x00000007a5000000,0x00000007a5010000,0x00000007a5080000)
  to   space 512K, 0% used [0x00000007a4f80000,0x00000007a4f80000,0x00000007a5000000)
 ParOldGen       total 87552K, used 52594K [0x0000000740000000, 0x0000000745580000, 0x0000000795580000)
  object space 87552K, 60% used [0x0000000740000000,0x000000074335ca50,0x0000000745580000)
 Metaspace       used 20238K, capacity 20433K, committed 20736K, reserved 1069056K
  class space    used 1970K, capacity 2047K, committed 2048K, reserved 1048576K
}
Event: 2241.660 GC heap before
{Heap before GC invocations=4683 (full 0):
 PSYoungGen      total 24576K, used 24128K [0x0000000795580000, 0x00000007a5080000, 0x00000007c0000000)
  eden space 24064K, 100% used [0x0000000795580000,0x0000000796d00000,0x0000000796d00000)
  from space 512K, 12% used [0x00000007a5000000,0x00000007a5010000,0x00000007a5080000)
  to   space 512K, 0% used [0x00000007a4f80000,0x00000007a4f80000,0x00000007a5000000)
 ParOldGen       total 87552K, used 52594K [0x0000000740000000, 0x0000000745580000, 0x0000000795580000)
  object space 87552K, 60% used [0x0000000740000000,0x000000074335ca50,0x0000000745580000)
 Metaspace       used 20238K, capacity 20433K, committed 20736K, reserved 1069056K
  class space    used 1970K, capacity 2047K, committed 2048K, reserved 1048576K
Event: 2241.663 GC heap after
Heap after GC invocations=4683 (full 0):
 PSYoungGen      total 24576K, used 64K [0x0000000795580000, 0x00000007a5080000, 0x00000007c0000000)
  eden space 24064K, 0% used [0x0000000795580000,0x0000000795580000,0x0000000796d00000)
  from space 512K, 12% used [0x00000007a4f80000,0x00000007a4f90000,0x00000007a5000000)
  to   space 512K, 0% used [0x00000007a5000000,0x00000007a5000000,0x00000007a5080000)
 ParOldGen       total 87552K, used 52594K [0x0000000740000000, 0x0000000745580000, 0x0000000795580000)
  object space 87552K, 60% used [0x0000000740000000,0x000000074335ca50,0x0000000745580000)
 Metaspace       used 20238K, capacity 20433K, committed 20736K, reserved 1069056K
  class space    used 1970K, capacity 2047K, committed 2048K, reserved 1048576K
}
Event: 2242.244 GC heap before
{Heap before GC invocations=4684 (full 0):
 PSYoungGen      total 24576K, used 24128K [0x0000000795580000, 0x00000007a5080000, 0x00000007c0000000)
  eden space 24064K, 100% used [0x0000000795580000,0x0000000796d00000,0x0000000796d00000)
  from space 512K, 12% used [0x00000007a4f80000,0x00000007a4f90000,0x00000007a5000000)
  to   space 512K, 0% used [0x00000007a5000000,0x00000007a5000000,0x00000007a5080000)
 ParOldGen       total 87552K, used 52594K [0x0000000740000000, 0x0000000745580000, 0x0000000795580000)
  object space 87552K, 60% used [0x0000000740000000,0x000000074335ca50,0x0000000745580000)
 Metaspace       used 20238K, capacity 20433K, committed 20736K, reserved 1069056K
  class space    used 1970K, capacity 2047K, committed 2048K, reserved 1048576K
Event: 2242.246 GC heap after
Heap after GC invocations=4684 (full 0):
 PSYoungGen      total 24576K, used 64K [0x0000000795580000, 0x00000007a5080000, 0x00000007c0000000)
  eden space 24064K, 0% used [0x0000000795580000,0x0000000795580000,0x0000000796d00000)
  from space 512K, 12% used [0x00000007a5000000,0x00000007a5010000,0x00000007a5080000)
  to   space 512K, 0% used [0x00000007a4f80000,0x00000007a4f80000,0x00000007a5000000)
 ParOldGen       total 87552K, used 52594K [0x0000000740000000, 0x0000000745580000, 0x0000000795580000)
  object space 87552K, 60% used [0x0000000740000000,0x000000074335ca50,0x0000000745580000)
 Metaspace       used 20238K, capacity 20433K, committed 20736K, reserved 1069056K
  class space    used 1970K, capacity 2047K, committed 2048K, reserved 1048576K
}
Event: 2242.848 GC heap before
{Heap before GC invocations=4685 (full 0):
 PSYoungGen      total 24576K, used 24128K [0x0000000795580000, 0x00000007a5080000, 0x00000007c0000000)
  eden space 24064K, 100% used [0x0000000795580000,0x0000000796d00000,0x0000000796d00000)
  from space 512K, 12% used [0x00000007a5000000,0x00000007a5010000,0x00000007a5080000)
  to   space 512K, 0% used [0x00000007a4f80000,0x00000007a4f80000,0x00000007a5000000)
 ParOldGen       total 87552K, used 52594K [0x0000000740000000, 0x0000000745580000, 0x0000000795580000)
  object space 87552K, 60% used [0x0000000740000000,0x000000074335ca50,0x0000000745580000)
 Metaspace       used 20238K, capacity 20433K, committed 20736K, reserved 1069056K
  class space    used 1970K, capacity 2047K, committed 2048K, reserved 1048576K
Event: 2242.850 GC heap after
Heap after GC invocations=4685 (full 0):
 PSYoungGen      total 24576K, used 64K [0x0000000795580000, 0x00000007a5080000, 0x00000007c0000000)
  eden space 24064K, 0% used [0x0000000795580000,0x0000000795580000,0x0000000796d00000)
  from space 512K, 12% used [0x00000007a4f80000,0x00000007a4f90000,0x00000007a5000000)
  to   space 512K, 0% used [0x00000007a5000000,0x00000007a5000000,0x00000007a5080000)
 ParOldGen       total 87552K, used 52594K [0x0000000740000000, 0x0000000745580000, 0x0000000795580000)
  object space 87552K, 60% used [0x0000000740000000,0x000000074335ca50,0x0000000745580000)
 Metaspace       used 20238K, capacity 20433K, committed 20736K, reserved 1069056K
  class space    used 1970K, capacity 2047K, committed 2048K, reserved 1048576K
}
Event: 2243.343 GC heap before
{Heap before GC invocations=4686 (full 0):
 PSYoungGen      total 24576K, used 24128K [0x0000000795580000, 0x00000007a5080000, 0x00000007c0000000)
  eden space 24064K, 100% used [0x0000000795580000,0x0000000796d00000,0x0000000796d00000)
  from space 512K, 12% used [0x00000007a4f80000,0x00000007a4f90000,0x00000007a5000000)
  to   space 512K, 0% used [0x00000007a5000000,0x00000007a5000000,0x00000007a5080000)
 ParOldGen       total 87552K, used 52594K [0x0000000740000000, 0x0000000745580000, 0x0000000795580000)
  object space 87552K, 60% used [0x0000000740000000,0x000000074335ca50,0x0000000745580000)
 Metaspace       used 20238K, capacity 20433K, committed 20736K, reserved 1069056K
  class space    used 1970K, capacity 2047K, committed 2048K, reserved 1048576K
Event: 2243.345 GC heap after
Heap after GC invocations=4686 (full 0):
 PSYoungGen      total 24576K, used 64K [0x0000000795580000, 0x00000007a5080000, 0x00000007c0000000)
  eden space 24064K, 0% used [0x0000000795580000,0x0000000795580000,0x0000000796d00000)
  from space 512K, 12% used [0x00000007a5000000,0x00000007a5010000,0x00000007a5080000)
  to   space 512K, 0% used [0x00000007a4f80000,0x00000007a4f80000,0x00000007a5000000)
 ParOldGen       total 87552K, used 52610K [0x0000000740000000, 0x0000000745580000, 0x0000000795580000)
  object space 87552K, 60% used [0x0000000740000000,0x0000000743360a50,0x0000000745580000)
 Metaspace       used 20238K, capacity 20433K, committed 20736K, reserved 1069056K
  class space    used 1970K, capacity 2047K, committed 2048K, reserved 1048576K
}

