# JRE version: Java(TM) SE Runtime Environment (8.0_111-b14) (build 1.8.0_111-b14)
# Java VM: Java HotSpot(TM) 64-Bit Server VM (25.111-b14 mixed mode bsd-amd64 compressed oops)
Heap:
 PSYoungGen      total 72704K, used 14019K [0x0000000795580000, 0x000000079b380000, 0x00000007c0000000)
  eden space 64512K, 9% used [0x0000000795580000,0x0000000795b70a98,0x0000000799480000)
  from space 8192K, 96% used [0x0000000799680000,0x0000000799e40200,0x0000000799e80000)
  to   space 15872K, 0% used [0x000000079a400000,0x000000079a400000,0x000000079b380000)
 ParOldGen       total 87552K, used 28278K [0x0000000740000000, 0x0000000745580000, 0x0000000795580000)
  object space 87552K, 32% used [0x0000000740000000,0x0000000741b9d9d0,0x0000000745580000)
 Metaspace       used 19278K, capacity 19505K, committed 19712K, reserved 1067008K
  class space    used 1917K, capacity 2015K, committed 2048K, reserved 1048576K
GC Heap History (10 events):
Event: 6.488 GC heap before
{Heap before GC invocations=3 (full 0):
 PSYoungGen      total 38400K, used 38389K [0x0000000795580000, 0x0000000798000000, 0x00000007c0000000)
  eden space 33280K, 100% used [0x0000000795580000,0x0000000797600000,0x0000000797600000)
  from space 5120K, 99% used [0x0000000797b00000,0x0000000797ffd5d0,0x0000000798000000)
  to   space 5120K, 0% used [0x0000000797600000,0x0000000797600000,0x0000000797b00000)
 ParOldGen       total 87552K, used 14837K [0x0000000740000000, 0x0000000745580000, 0x0000000795580000)
  object space 87552K, 16% used [0x0000000740000000,0x0000000740e7d620,0x0000000745580000)
 Metaspace       used 18812K, capacity 19015K, committed 19200K, reserved 1067008K
  class space    used 1907K, capacity 1982K, committed 2048K, reserved 1048576K
Event: 6.499 GC heap after
Heap after GC invocations=3 (full 0):
 PSYoungGen      total 38400K, used 5104K [0x0000000795580000, 0x0000000798000000, 0x00000007c0000000)
  eden space 33280K, 0% used [0x0000000795580000,0x0000000795580000,0x0000000797600000)
  from space 5120K, 99% used [0x0000000797600000,0x0000000797afc0c0,0x0000000797b00000)
  to   space 5120K, 0% used [0x0000000797b00000,0x0000000797b00000,0x0000000798000000)
 ParOldGen       total 87552K, used 17782K [0x0000000740000000, 0x0000000745580000, 0x0000000795580000)
  object space 87552K, 20% used [0x0000000740000000,0x000000074115da90,0x0000000745580000)
 Metaspace       used 18812K, capacity 19015K, committed 19200K, reserved 1067008K
  class space    used 1907K, capacity 1982K, committed 2048K, reserved 1048576K
}
Event: 7.090 GC heap before
{Heap before GC invocations=4 (full 0):
 PSYoungGen      total 38400K, used 38366K [0x0000000795580000, 0x0000000798000000, 0x00000007c0000000)
  eden space 33280K, 99% used [0x0000000795580000,0x00000007975fb8a8,0x0000000797600000)
  from space 5120K, 99% used [0x0000000797600000,0x0000000797afc0c0,0x0000000797b00000)
  to   space 5120K, 0% used [0x0000000797b00000,0x0000000797b00000,0x0000000798000000)
 ParOldGen       total 87552K, used 17782K [0x0000000740000000, 0x0000000745580000, 0x0000000795580000)
  object space 87552K, 20% used [0x0000000740000000,0x000000074115da90,0x0000000745580000)
 Metaspace       used 18918K, capacity 19143K, committed 19456K, reserved 1067008K
  class space    used 1907K, capacity 1982K, committed 2048K, reserved 1048576K
Event: 7.099 GC heap after
Heap after GC invocations=4 (full 0):
 PSYoungGen      total 38400K, used 5104K [0x0000000795580000, 0x000000079a080000, 0x00000007c0000000)
  eden space 33280K, 0% used [0x0000000795580000,0x0000000795580000,0x0000000797600000)
  from space 5120K, 99% used [0x0000000797b00000,0x0000000797ffc0d0,0x0000000798000000)
  to   space 5120K, 0% used [0x0000000797600000,0x0000000797600000,0x0000000797b00000)
 ParOldGen       total 87552K, used 21894K [0x0000000740000000, 0x0000000745580000, 0x0000000795580000)
  object space 87552K, 25% used [0x0000000740000000,0x0000000741561be0,0x0000000745580000)
 Metaspace       used 18918K, capacity 19143K, committed 19456K, reserved 1067008K
  class space    used 1907K, capacity 1982K, committed 2048K, reserved 1048576K
}
Event: 7.941 GC heap before
{Heap before GC invocations=5 (full 0):
 PSYoungGen      total 38400K, used 38148K [0x0000000795580000, 0x000000079a080000, 0x00000007c0000000)
  eden space 33280K, 99% used [0x0000000795580000,0x00000007975c51a8,0x0000000797600000)
  from space 5120K, 99% used [0x0000000797b00000,0x0000000797ffc0d0,0x0000000798000000)
  to   space 5120K, 0% used [0x0000000797600000,0x0000000797600000,0x0000000797b00000)
 ParOldGen       total 87552K, used 21894K [0x0000000740000000, 0x0000000745580000, 0x0000000795580000)
  object space 87552K, 25% used [0x0000000740000000,0x0000000741561be0,0x0000000745580000)
 Metaspace       used 19008K, capacity 19207K, committed 19456K, reserved 1067008K
  class space    used 1907K, capacity 1982K, committed 2048K, reserved 1048576K
Event: 7.962 GC heap after
Heap after GC invocations=5 (full 0):
 PSYoungGen      total 38400K, used 5088K [0x0000000795580000, 0x000000079b780000, 0x00000007c0000000)
  eden space 33280K, 0% used [0x0000000795580000,0x0000000795580000,0x0000000797600000)
  from space 5120K, 99% used [0x0000000797600000,0x0000000797af80c0,0x0000000797b00000)
  to   space 16896K, 0% used [0x000000079a700000,0x000000079a700000,0x000000079b780000)
 ParOldGen       total 87552K, used 25499K [0x0000000740000000, 0x0000000745580000, 0x0000000795580000)
  object space 87552K, 29% used [0x0000000740000000,0x00000007418e6d50,0x0000000745580000)
 Metaspace       used 19008K, capacity 19207K, committed 19456K, reserved 1067008K
  class space    used 1907K, capacity 1982K, committed 2048K, reserved 1048576K
}
Event: 9.747 GC heap before
{Heap before GC invocations=6 (full 0):
 PSYoungGen      total 38400K, used 38368K [0x0000000795580000, 0x000000079b780000, 0x00000007c0000000)
  eden space 33280K, 100% used [0x0000000795580000,0x0000000797600000,0x0000000797600000)
  from space 5120K, 99% used [0x0000000797600000,0x0000000797af80c0,0x0000000797b00000)
  to   space 16896K, 0% used [0x000000079a700000,0x000000079a700000,0x000000079b780000)
 ParOldGen       total 87552K, used 25499K [0x0000000740000000, 0x0000000745580000, 0x0000000795580000)
  object space 87552K, 29% used [0x0000000740000000,0x00000007418e6d50,0x0000000745580000)
 Metaspace       used 19115K, capacity 19335K, committed 19712K, reserved 1067008K
  class space    used 1908K, capacity 1982K, committed 2048K, reserved 1048576K
Event: 9.757 GC heap after
Heap after GC invocations=6 (full 0):
 PSYoungGen      total 82432K, used 7296K [0x0000000795580000, 0x000000079b680000, 0x00000007c0000000)
  eden space 66560K, 0% used [0x0000000795580000,0x0000000795580000,0x0000000799680000)
  from space 15872K, 45% used [0x000000079a700000,0x000000079ae20160,0x000000079b680000)
  to   space 16384K, 0% used [0x0000000799680000,0x0000000799680000,0x000000079a680000)
 ParOldGen       total 87552K, used 25499K [0x0000000740000000, 0x0000000745580000, 0x0000000795580000)
  object space 87552K, 29% used [0x0000000740000000,0x00000007418e6d50,0x0000000745580000)
 Metaspace       used 19115K, capacity 19335K, committed 19712K, reserved 1067008K
  class space    used 1908K, capacity 1982K, committed 2048K, reserved 1048576K
}
Event: 14.139 GC heap before
{Heap before GC invocations=7 (full 0):
 PSYoungGen      total 82432K, used 73856K [0x0000000795580000, 0x000000079b680000, 0x00000007c0000000)
  eden space 66560K, 100% used [0x0000000795580000,0x0000000799680000,0x0000000799680000)
  from space 15872K, 45% used [0x000000079a700000,0x000000079ae20160,0x000000079b680000)
  to   space 16384K, 0% used [0x0000000799680000,0x0000000799680000,0x000000079a680000)
 ParOldGen       total 87552K, used 25499K [0x0000000740000000, 0x0000000745580000, 0x0000000795580000)
  object space 87552K, 29% used [0x0000000740000000,0x00000007418e6d50,0x0000000745580000)
 Metaspace       used 19239K, capacity 19409K, committed 19712K, reserved 1067008K
  class space    used 1908K, capacity 1983K, committed 2048K, reserved 1048576K
Event: 14.155 GC heap after
Heap after GC invocations=7 (full 0):
 PSYoungGen      total 72704K, used 7936K [0x0000000795580000, 0x000000079b380000, 0x00000007c0000000)
  eden space 64512K, 0% used [0x0000000795580000,0x0000000795580000,0x0000000799480000)
  from space 8192K, 96% used [0x0000000799680000,0x0000000799e40200,0x0000000799e80000)
  to   space 15872K, 0% used [0x000000079a400000,0x000000079a400000,0x000000079b380000)
 ParOldGen       total 87552K, used 28278K [0x0000000740000000, 0x0000000745580000, 0x0000000795580000)
  object space 87552K, 32% used [0x0000000740000000,0x0000000741b9d9d0,0x0000000745580000)
 Metaspace       used 19239K, capacity 19409K, committed 19712K, reserved 1067008K
  class space    used 1908K, capacity 1983K, committed 2048K, reserved 1048576K
}

