# JRE version: Java(TM) SE Runtime Environment (8.0_111-b14) (build 1.8.0_111-b14)
# Java VM: Java HotSpot(TM) 64-Bit Server VM (25.111-b14 mixed mode bsd-amd64 compressed oops)
Heap:
 PSYoungGen      total 24576K, used 14257K [0x0000000795580000, 0x00000007a6600000, 0x00000007c0000000)
  eden space 24064K, 58% used [0x0000000795580000,0x000000079634c408,0x0000000796d00000)
  from space 512K, 25% used [0x00000007a6580000,0x00000007a65a0000,0x00000007a6600000)
  to   space 512K, 0% used [0x00000007a6500000,0x00000007a6500000,0x00000007a6580000)
 ParOldGen       total 87552K, used 33743K [0x0000000740000000, 0x0000000745580000, 0x0000000795580000)
  object space 87552K, 38% used [0x0000000740000000,0x00000007420f3c20,0x0000000745580000)
 Metaspace       used 20024K, capacity 20177K, committed 20480K, reserved 1067008K
  class space    used 1979K, capacity 2047K, committed 2048K, reserved 1048576K
GC Heap History (10 events):
Event: 275.603 GC heap before
{Heap before GC invocations=262 (full 0):
 PSYoungGen      total 24576K, used 24160K [0x0000000795580000, 0x00000007a6600000, 0x00000007c0000000)
  eden space 24064K, 100% used [0x0000000795580000,0x0000000796d00000,0x0000000796d00000)
  from space 512K, 18% used [0x00000007a6500000,0x00000007a6518000,0x00000007a6580000)
  to   space 512K, 0% used [0x00000007a6580000,0x00000007a6580000,0x00000007a6600000)
 ParOldGen       total 87552K, used 33727K [0x0000000740000000, 0x0000000745580000, 0x0000000795580000)
  object space 87552K, 38% used [0x0000000740000000,0x00000007420efc20,0x0000000745580000)
 Metaspace       used 19988K, capacity 20177K, committed 20480K, reserved 1067008K
  class space    used 1970K, capacity 2047K, committed 2048K, reserved 1048576K
Event: 275.605 GC heap after
Heap after GC invocations=262 (full 0):
 PSYoungGen      total 24576K, used 64K [0x0000000795580000, 0x00000007a6600000, 0x00000007c0000000)
  eden space 24064K, 0% used [0x0000000795580000,0x0000000795580000,0x0000000796d00000)
  from space 512K, 12% used [0x00000007a6580000,0x00000007a6590000,0x00000007a6600000)
  to   space 512K, 0% used [0x00000007a6500000,0x00000007a6500000,0x00000007a6580000)
 ParOldGen       total 87552K, used 33727K [0x0000000740000000, 0x0000000745580000, 0x0000000795580000)
  object space 87552K, 38% used [0x0000000740000000,0x00000007420efc20,0x0000000745580000)
 Metaspace       used 19988K, capacity 20177K, committed 20480K, reserved 1067008K
  class space    used 1970K, capacity 2047K, committed 2048K, reserved 1048576K
}
Event: 276.104 GC heap before
{Heap before GC invocations=263 (full 0):
 PSYoungGen      total 24576K, used 24128K [0x0000000795580000, 0x00000007a6600000, 0x00000007c0000000)
  eden space 24064K, 100% used [0x0000000795580000,0x0000000796d00000,0x0000000796d00000)
  from space 512K, 12% used [0x00000007a6580000,0x00000007a6590000,0x00000007a6600000)
  to   space 512K, 0% used [0x00000007a6500000,0x00000007a6500000,0x00000007a6580000)
 ParOldGen       total 87552K, used 33727K [0x0000000740000000, 0x0000000745580000, 0x0000000795580000)
  object space 87552K, 38% used [0x0000000740000000,0x00000007420efc20,0x0000000745580000)
 Metaspace       used 19988K, capacity 20177K, committed 20480K, reserved 1067008K
  class space    used 1970K, capacity 2047K, committed 2048K, reserved 1048576K
Event: 276.105 GC heap after
Heap after GC invocations=263 (full 0):
 PSYoungGen      total 24576K, used 64K [0x0000000795580000, 0x00000007a6600000, 0x00000007c0000000)
  eden space 24064K, 0% used [0x0000000795580000,0x0000000795580000,0x0000000796d00000)
  from space 512K, 12% used [0x00000007a6500000,0x00000007a6510000,0x00000007a6580000)
  to   space 512K, 0% used [0x00000007a6580000,0x00000007a6580000,0x00000007a6600000)
 ParOldGen       total 87552K, used 33727K [0x0000000740000000, 0x0000000745580000, 0x0000000795580000)
  object space 87552K, 38% used [0x0000000740000000,0x00000007420efc20,0x0000000745580000)
 Metaspace       used 19988K, capacity 20177K, committed 20480K, reserved 1067008K
  class space    used 1970K, capacity 2047K, committed 2048K, reserved 1048576K
}
Event: 276.655 GC heap before
{Heap before GC invocations=264 (full 0):
 PSYoungGen      total 24576K, used 24128K [0x0000000795580000, 0x00000007a6600000, 0x00000007c0000000)
  eden space 24064K, 100% used [0x0000000795580000,0x0000000796d00000,0x0000000796d00000)
  from space 512K, 12% used [0x00000007a6500000,0x00000007a6510000,0x00000007a6580000)
  to   space 512K, 0% used [0x00000007a6580000,0x00000007a6580000,0x00000007a6600000)
 ParOldGen       total 87552K, used 33727K [0x0000000740000000, 0x0000000745580000, 0x0000000795580000)
  object space 87552K, 38% used [0x0000000740000000,0x00000007420efc20,0x0000000745580000)
 Metaspace       used 19988K, capacity 20177K, committed 20480K, reserved 1067008K
  class space    used 1970K, capacity 2047K, committed 2048K, reserved 1048576K
Event: 276.656 GC heap after
Heap after GC invocations=264 (full 0):
 PSYoungGen      total 24576K, used 64K [0x0000000795580000, 0x00000007a6600000, 0x00000007c0000000)
  eden space 24064K, 0% used [0x0000000795580000,0x0000000795580000,0x0000000796d00000)
  from space 512K, 12% used [0x00000007a6580000,0x00000007a6590000,0x00000007a6600000)
  to   space 512K, 0% used [0x00000007a6500000,0x00000007a6500000,0x00000007a6580000)
 ParOldGen       total 87552K, used 33727K [0x0000000740000000, 0x0000000745580000, 0x0000000795580000)
  object space 87552K, 38% used [0x0000000740000000,0x00000007420efc20,0x0000000745580000)
 Metaspace       used 19988K, capacity 20177K, committed 20480K, reserved 1067008K
  class space    used 1970K, capacity 2047K, committed 2048K, reserved 1048576K
}
Event: 277.249 GC heap before
{Heap before GC invocations=265 (full 0):
 PSYoungGen      total 24576K, used 24128K [0x0000000795580000, 0x00000007a6600000, 0x00000007c0000000)
  eden space 24064K, 100% used [0x0000000795580000,0x0000000796d00000,0x0000000796d00000)
  from space 512K, 12% used [0x00000007a6580000,0x00000007a6590000,0x00000007a6600000)
  to   space 512K, 0% used [0x00000007a6500000,0x00000007a6500000,0x00000007a6580000)
 ParOldGen       total 87552K, used 33727K [0x0000000740000000, 0x0000000745580000, 0x0000000795580000)
  object space 87552K, 38% used [0x0000000740000000,0x00000007420efc20,0x0000000745580000)
 Metaspace       used 19988K, capacity 20177K, committed 20480K, reserved 1067008K
  class space    used 1970K, capacity 2047K, committed 2048K, reserved 1048576K
Event: 277.251 GC heap after
Heap after GC invocations=265 (full 0):
 PSYoungGen      total 24576K, used 96K [0x0000000795580000, 0x00000007a6600000, 0x00000007c0000000)
  eden space 24064K, 0% used [0x0000000795580000,0x0000000795580000,0x0000000796d00000)
  from space 512K, 18% used [0x00000007a6500000,0x00000007a6518000,0x00000007a6580000)
  to   space 512K, 0% used [0x00000007a6580000,0x00000007a6580000,0x00000007a6600000)
 ParOldGen       total 87552K, used 33727K [0x0000000740000000, 0x0000000745580000, 0x0000000795580000)
  object space 87552K, 38% used [0x0000000740000000,0x00000007420efc20,0x0000000745580000)
 Metaspace       used 19988K, capacity 20177K, committed 20480K, reserved 1067008K
  class space    used 1970K, capacity 2047K, committed 2048K, reserved 1048576K
}
Event: 277.805 GC heap before
{Heap before GC invocations=266 (full 0):
 PSYoungGen      total 24576K, used 24160K [0x0000000795580000, 0x00000007a6600000, 0x00000007c0000000)
  eden space 24064K, 100% used [0x0000000795580000,0x0000000796d00000,0x0000000796d00000)
  from space 512K, 18% used [0x00000007a6500000,0x00000007a6518000,0x00000007a6580000)
  to   space 512K, 0% used [0x00000007a6580000,0x00000007a6580000,0x00000007a6600000)
 ParOldGen       total 87552K, used 33727K [0x0000000740000000, 0x0000000745580000, 0x0000000795580000)
  object space 87552K, 38% used [0x0000000740000000,0x00000007420efc20,0x0000000745580000)
 Metaspace       used 19988K, capacity 20177K, committed 20480K, reserved 1067008K
  class space    used 1970K, capacity 2047K, committed 2048K, reserved 1048576K
Event: 277.807 GC heap after
Heap after GC invocations=266 (full 0):
 PSYoungGen      total 24576K, used 128K [0x0000000795580000, 0x00000007a6600000, 0x00000007c0000000)
  eden space 24064K, 0% used [0x0000000795580000,0x0000000795580000,0x0000000796d00000)
  from space 512K, 25% used [0x00000007a6580000,0x00000007a65a0000,0x00000007a6600000)
  to   space 512K, 0% used [0x00000007a6500000,0x00000007a6500000,0x00000007a6580000)
 ParOldGen       total 87552K, used 33743K [0x0000000740000000, 0x0000000745580000, 0x0000000795580000)
  object space 87552K, 38% used [0x0000000740000000,0x00000007420f3c20,0x0000000745580000)
 Metaspace       used 19988K, capacity 20177K, committed 20480K, reserved 1067008K
  class space    used 1970K, capacity 2047K, committed 2048K, reserved 1048576K
}

