# JRE version: Java(TM) SE Runtime Environment (8.0_111-b14) (build 1.8.0_111-b14)
# Java VM: Java HotSpot(TM) 64-Bit Server VM (25.111-b14 mixed mode bsd-amd64 compressed oops)
Heap:
 PSYoungGen      total 95744K, used 67114K [0x0000000795580000, 0x00000007a3180000, 0x00000007c0000000)
  eden space 95232K, 70% used [0x0000000795580000,0x00000007996f2988,0x000000079b280000)
  from space 512K, 18% used [0x00000007a3100000,0x00000007a3118000,0x00000007a3180000)
  to   space 15872K, 0% used [0x00000007a1280000,0x00000007a1280000,0x00000007a2200000)
 ParOldGen       total 87552K, used 30879K [0x0000000740000000, 0x0000000745580000, 0x0000000795580000)
  object space 87552K, 35% used [0x0000000740000000,0x0000000741e27ce0,0x0000000745580000)
 Metaspace       used 20024K, capacity 20177K, committed 20480K, reserved 1067008K
  class space    used 1978K, capacity 2047K, committed 2048K, reserved 1048576K
GC Heap History (10 events):
Event: 30.303 GC heap before
{Heap before GC invocations=12 (full 0):
 PSYoungGen      total 114688K, used 114208K [0x0000000795580000, 0x00000007a5f00000, 0x00000007c0000000)
  eden space 114176K, 100% used [0x0000000795580000,0x000000079c500000,0x000000079c500000)
  from space 512K, 6% used [0x00000007a4100000,0x00000007a4108000,0x00000007a4180000)
  to   space 15872K, 0% used [0x00000007a4f80000,0x00000007a4f80000,0x00000007a5f00000)
 ParOldGen       total 87552K, used 30799K [0x0000000740000000, 0x0000000745580000, 0x0000000795580000)
  object space 87552K, 35% used [0x0000000740000000,0x0000000741e13ce0,0x0000000745580000)
 Metaspace       used 19939K, capacity 20113K, committed 20480K, reserved 1067008K
  class space    used 1969K, capacity 2047K, committed 2048K, reserved 1048576K
Event: 30.305 GC heap after
Heap after GC invocations=12 (full 0):
 PSYoungGen      total 110592K, used 96K [0x0000000795580000, 0x00000007a5000000, 0x00000007c0000000)
  eden space 110080K, 0% used [0x0000000795580000,0x0000000795580000,0x000000079c100000)
  from space 512K, 18% used [0x00000007a4f80000,0x00000007a4f98000,0x00000007a5000000)
  to   space 16384K, 0% used [0x00000007a3000000,0x00000007a3000000,0x00000007a4000000)
 ParOldGen       total 87552K, used 30823K [0x0000000740000000, 0x0000000745580000, 0x0000000795580000)
  object space 87552K, 35% used [0x0000000740000000,0x0000000741e19ce0,0x0000000745580000)
 Metaspace       used 19939K, capacity 20113K, committed 20480K, reserved 1067008K
  class space    used 1969K, capacity 2047K, committed 2048K, reserved 1048576K
}
Event: 33.466 GC heap before
{Heap before GC invocations=13 (full 0):
 PSYoungGen      total 110592K, used 110176K [0x0000000795580000, 0x00000007a5000000, 0x00000007c0000000)
  eden space 110080K, 100% used [0x0000000795580000,0x000000079c100000,0x000000079c100000)
  from space 512K, 18% used [0x00000007a4f80000,0x00000007a4f98000,0x00000007a5000000)
  to   space 16384K, 0% used [0x00000007a3000000,0x00000007a3000000,0x00000007a4000000)
 ParOldGen       total 87552K, used 30823K [0x0000000740000000, 0x0000000745580000, 0x0000000795580000)
  object space 87552K, 35% used [0x0000000740000000,0x0000000741e19ce0,0x0000000745580000)
 Metaspace       used 19976K, capacity 20177K, committed 20480K, reserved 1067008K
  class space    used 1969K, capacity 2047K, committed 2048K, reserved 1048576K
Event: 33.467 GC heap after
Heap after GC invocations=13 (full 0):
 PSYoungGen      total 122368K, used 96K [0x0000000795580000, 0x00000007a5000000, 0x00000007c0000000)
  eden space 105984K, 0% used [0x0000000795580000,0x0000000795580000,0x000000079bd00000)
  from space 16384K, 0% used [0x00000007a3000000,0x00000007a3018000,0x00000007a4000000)
  to   space 16384K, 0% used [0x00000007a4000000,0x00000007a4000000,0x00000007a5000000)
 ParOldGen       total 87552K, used 30831K [0x0000000740000000, 0x0000000745580000, 0x0000000795580000)
  object space 87552K, 35% used [0x0000000740000000,0x0000000741e1bce0,0x0000000745580000)
 Metaspace       used 19976K, capacity 20177K, committed 20480K, reserved 1067008K
  class space    used 1969K, capacity 2047K, committed 2048K, reserved 1048576K
}
Event: 36.621 GC heap before
{Heap before GC invocations=14 (full 0):
 PSYoungGen      total 122368K, used 106080K [0x0000000795580000, 0x00000007a5000000, 0x00000007c0000000)
  eden space 105984K, 100% used [0x0000000795580000,0x000000079bd00000,0x000000079bd00000)
  from space 16384K, 0% used [0x00000007a3000000,0x00000007a3018000,0x00000007a4000000)
  to   space 16384K, 0% used [0x00000007a4000000,0x00000007a4000000,0x00000007a5000000)
 ParOldGen       total 87552K, used 30831K [0x0000000740000000, 0x0000000745580000, 0x0000000795580000)
  object space 87552K, 35% used [0x0000000740000000,0x0000000741e1bce0,0x0000000745580000)
 Metaspace       used 19976K, capacity 20177K, committed 20480K, reserved 1067008K
  class space    used 1969K, capacity 2047K, committed 2048K, reserved 1048576K
Event: 36.623 GC heap after
Heap after GC invocations=14 (full 0):
 PSYoungGen      total 102912K, used 128K [0x0000000795580000, 0x00000007a4080000, 0x00000007c0000000)
  eden space 102400K, 0% used [0x0000000795580000,0x0000000795580000,0x000000079b980000)
  from space 512K, 25% used [0x00000007a4000000,0x00000007a4020000,0x00000007a4080000)
  to   space 16384K, 0% used [0x00000007a2080000,0x00000007a2080000,0x00000007a3080000)
 ParOldGen       total 87552K, used 30847K [0x0000000740000000, 0x0000000745580000, 0x0000000795580000)
  object space 87552K, 35% used [0x0000000740000000,0x0000000741e1fce0,0x0000000745580000)
 Metaspace       used 19976K, capacity 20177K, committed 20480K, reserved 1067008K
  class space    used 1969K, capacity 2047K, committed 2048K, reserved 1048576K
}
Event: 39.646 GC heap before
{Heap before GC invocations=15 (full 0):
 PSYoungGen      total 102912K, used 102528K [0x0000000795580000, 0x00000007a4080000, 0x00000007c0000000)
  eden space 102400K, 100% used [0x0000000795580000,0x000000079b980000,0x000000079b980000)
  from space 512K, 25% used [0x00000007a4000000,0x00000007a4020000,0x00000007a4080000)
  to   space 16384K, 0% used [0x00000007a2080000,0x00000007a2080000,0x00000007a3080000)
 ParOldGen       total 87552K, used 30847K [0x0000000740000000, 0x0000000745580000, 0x0000000795580000)
  object space 87552K, 35% used [0x0000000740000000,0x0000000741e1fce0,0x0000000745580000)
 Metaspace       used 19982K, capacity 20177K, committed 20480K, reserved 1067008K
  class space    used 1969K, capacity 2047K, committed 2048K, reserved 1048576K
Event: 39.648 GC heap after
Heap after GC invocations=15 (full 0):
 PSYoungGen      total 115200K, used 128K [0x0000000795580000, 0x00000007a4080000, 0x00000007c0000000)
  eden space 98816K, 0% used [0x0000000795580000,0x0000000795580000,0x000000079b600000)
  from space 16384K, 0% used [0x00000007a2080000,0x00000007a20a0000,0x00000007a3080000)
  to   space 15872K, 0% used [0x00000007a3100000,0x00000007a3100000,0x00000007a4080000)
 ParOldGen       total 87552K, used 30855K [0x0000000740000000, 0x0000000745580000, 0x0000000795580000)
  object space 87552K, 35% used [0x0000000740000000,0x0000000741e21ce0,0x0000000745580000)
 Metaspace       used 19982K, capacity 20177K, committed 20480K, reserved 1067008K
  class space    used 1969K, capacity 2047K, committed 2048K, reserved 1048576K
}
Event: 42.554 GC heap before
{Heap before GC invocations=16 (full 0):
 PSYoungGen      total 115200K, used 98944K [0x0000000795580000, 0x00000007a4080000, 0x00000007c0000000)
  eden space 98816K, 100% used [0x0000000795580000,0x000000079b600000,0x000000079b600000)
  from space 16384K, 0% used [0x00000007a2080000,0x00000007a20a0000,0x00000007a3080000)
  to   space 15872K, 0% used [0x00000007a3100000,0x00000007a3100000,0x00000007a4080000)
 ParOldGen       total 87552K, used 30855K [0x0000000740000000, 0x0000000745580000, 0x0000000795580000)
  object space 87552K, 35% used [0x0000000740000000,0x0000000741e21ce0,0x0000000745580000)
 Metaspace       used 19987K, capacity 20177K, committed 20480K, reserved 1067008K
  class space    used 1969K, capacity 2047K, committed 2048K, reserved 1048576K
Event: 42.556 GC heap after
Heap after GC invocations=16 (full 0):
 PSYoungGen      total 95744K, used 96K [0x0000000795580000, 0x00000007a3180000, 0x00000007c0000000)
  eden space 95232K, 0% used [0x0000000795580000,0x0000000795580000,0x000000079b280000)
  from space 512K, 18% used [0x00000007a3100000,0x00000007a3118000,0x00000007a3180000)
  to   space 15872K, 0% used [0x00000007a1280000,0x00000007a1280000,0x00000007a2200000)
 ParOldGen       total 87552K, used 30879K [0x0000000740000000, 0x0000000745580000, 0x0000000795580000)
  object space 87552K, 35% used [0x0000000740000000,0x0000000741e27ce0,0x0000000745580000)
 Metaspace       used 19987K, capacity 20177K, committed 20480K, reserved 1067008K
  class space    used 1969K, capacity 2047K, committed 2048K, reserved 1048576K
}

