# JRE version: Java(TM) SE Runtime Environment (8.0_111-b14) (build 1.8.0_111-b14)
# Java VM: Java HotSpot(TM) 64-Bit Server VM (25.111-b14 mixed mode bsd-amd64 compressed oops)
Heap:
 PSYoungGen      total 135168K, used 116109K [0x0000000795580000, 0x00000007a9f80000, 0x00000007c0000000)
  eden space 125440K, 92% used [0x0000000795580000,0x000000079c6d3478,0x000000079d000000)
  from space 9728K, 0% used [0x00000007a8c80000,0x00000007a8c90000,0x00000007a9600000)
  to   space 9216K, 0% used [0x00000007a9680000,0x00000007a9680000,0x00000007a9f80000)
 ParOldGen       total 87552K, used 38892K [0x0000000740000000, 0x0000000745580000, 0x0000000795580000)
  object space 87552K, 44% used [0x0000000740000000,0x00000007425fb1a0,0x0000000745580000)
 Metaspace       used 20085K, capacity 20305K, committed 20480K, reserved 1067008K
  class space    used 1960K, capacity 2047K, committed 2048K, reserved 1048576K
GC Heap History (10 events):
Event: 68.645 GC heap before
{Heap before GC invocations=23 (full 0):
 PSYoungGen      total 153600K, used 153184K [0x0000000795580000, 0x00000007ab380000, 0x00000007c0000000)
  eden space 153088K, 100% used [0x0000000795580000,0x000000079eb00000,0x000000079eb00000)
  from space 512K, 18% used [0x00000007ab300000,0x00000007ab318000,0x00000007ab380000)
  to   space 11776K, 0% used [0x00000007a9c80000,0x00000007a9c80000,0x00000007aa800000)
 ParOldGen       total 87552K, used 38868K [0x0000000740000000, 0x0000000745580000, 0x0000000795580000)
  object space 87552K, 44% used [0x0000000740000000,0x00000007425f51a0,0x0000000745580000)
 Metaspace       used 20028K, capacity 20241K, committed 20480K, reserved 1067008K
  class space    used 1952K, capacity 2047K, committed 2048K, reserved 1048576K
Event: 68.647 GC heap after
Heap after GC invocations=23 (full 0):
 PSYoungGen      total 158720K, used 96K [0x0000000795580000, 0x00000007ab380000, 0x00000007c0000000)
  eden space 146944K, 0% used [0x0000000795580000,0x0000000795580000,0x000000079e500000)
  from space 11776K, 0% used [0x00000007a9c80000,0x00000007a9c98000,0x00000007aa800000)
  to   space 11264K, 0% used [0x00000007aa880000,0x00000007aa880000,0x00000007ab380000)
 ParOldGen       total 87552K, used 38884K [0x0000000740000000, 0x0000000745580000, 0x0000000795580000)
  object space 87552K, 44% used [0x0000000740000000,0x00000007425f91a0,0x0000000745580000)
 Metaspace       used 20028K, capacity 20241K, committed 20480K, reserved 1067008K
  class space    used 1952K, capacity 2047K, committed 2048K, reserved 1048576K
}
Event: 71.078 GC heap before
{Heap before GC invocations=24 (full 0):
 PSYoungGen      total 158720K, used 147040K [0x0000000795580000, 0x00000007ab380000, 0x00000007c0000000)
  eden space 146944K, 100% used [0x0000000795580000,0x000000079e500000,0x000000079e500000)
  from space 11776K, 0% used [0x00000007a9c80000,0x00000007a9c98000,0x00000007aa800000)
  to   space 11264K, 0% used [0x00000007aa880000,0x00000007aa880000,0x00000007ab380000)
 ParOldGen       total 87552K, used 38884K [0x0000000740000000, 0x0000000745580000, 0x0000000795580000)
  object space 87552K, 44% used [0x0000000740000000,0x00000007425f91a0,0x0000000745580000)
 Metaspace       used 20028K, capacity 20241K, committed 20480K, reserved 1067008K
  class space    used 1952K, capacity 2047K, committed 2048K, reserved 1048576K
Event: 71.080 GC heap after
Heap after GC invocations=24 (full 0):
 PSYoungGen      total 141824K, used 128K [0x0000000795580000, 0x00000007aa900000, 0x00000007c0000000)
  eden space 141312K, 0% used [0x0000000795580000,0x0000000795580000,0x000000079df80000)
  from space 512K, 25% used [0x00000007aa880000,0x00000007aa8a0000,0x00000007aa900000)
  to   space 10752K, 0% used [0x00000007a9400000,0x00000007a9400000,0x00000007a9e80000)
 ParOldGen       total 87552K, used 38884K [0x0000000740000000, 0x0000000745580000, 0x0000000795580000)
  object space 87552K, 44% used [0x0000000740000000,0x00000007425f91a0,0x0000000745580000)
 Metaspace       used 20028K, capacity 20241K, committed 20480K, reserved 1067008K
  class space    used 1952K, capacity 2047K, committed 2048K, reserved 1048576K
}
Event: 73.326 GC heap before
{Heap before GC invocations=25 (full 0):
 PSYoungGen      total 141824K, used 141440K [0x0000000795580000, 0x00000007aa900000, 0x00000007c0000000)
  eden space 141312K, 100% used [0x0000000795580000,0x000000079df80000,0x000000079df80000)
  from space 512K, 25% used [0x00000007aa880000,0x00000007aa8a0000,0x00000007aa900000)
  to   space 10752K, 0% used [0x00000007a9400000,0x00000007a9400000,0x00000007a9e80000)
 ParOldGen       total 87552K, used 38884K [0x0000000740000000, 0x0000000745580000, 0x0000000795580000)
  object space 87552K, 44% used [0x0000000740000000,0x00000007425f91a0,0x0000000745580000)
 Metaspace       used 20028K, capacity 20241K, committed 20480K, reserved 1067008K
  class space    used 1952K, capacity 2047K, committed 2048K, reserved 1048576K
Event: 73.328 GC heap after
Heap after GC invocations=25 (full 0):
 PSYoungGen      total 146432K, used 96K [0x0000000795580000, 0x00000007aa900000, 0x00000007c0000000)
  eden space 135680K, 0% used [0x0000000795580000,0x0000000795580000,0x000000079da00000)
  from space 10752K, 0% used [0x00000007a9400000,0x00000007a9418000,0x00000007a9e80000)
  to   space 10240K, 0% used [0x00000007a9f00000,0x00000007a9f00000,0x00000007aa900000)
 ParOldGen       total 87552K, used 38884K [0x0000000740000000, 0x0000000745580000, 0x0000000795580000)
  object space 87552K, 44% used [0x0000000740000000,0x00000007425f91a0,0x0000000745580000)
 Metaspace       used 20028K, capacity 20241K, committed 20480K, reserved 1067008K
  class space    used 1952K, capacity 2047K, committed 2048K, reserved 1048576K
}
Event: 75.545 GC heap before
{Heap before GC invocations=26 (full 0):
 PSYoungGen      total 146432K, used 135776K [0x0000000795580000, 0x00000007aa900000, 0x00000007c0000000)
  eden space 135680K, 100% used [0x0000000795580000,0x000000079da00000,0x000000079da00000)
  from space 10752K, 0% used [0x00000007a9400000,0x00000007a9418000,0x00000007a9e80000)
  to   space 10240K, 0% used [0x00000007a9f00000,0x00000007a9f00000,0x00000007aa900000)
 ParOldGen       total 87552K, used 38884K [0x0000000740000000, 0x0000000745580000, 0x0000000795580000)
  object space 87552K, 44% used [0x0000000740000000,0x00000007425f91a0,0x0000000745580000)
 Metaspace       used 20028K, capacity 20241K, committed 20480K, reserved 1067008K
  class space    used 1952K, capacity 2047K, committed 2048K, reserved 1048576K
Event: 75.547 GC heap after
Heap after GC invocations=26 (full 0):
 PSYoungGen      total 131072K, used 64K [0x0000000795580000, 0x00000007a9f80000, 0x00000007c0000000)
  eden space 130560K, 0% used [0x0000000795580000,0x0000000795580000,0x000000079d500000)
  from space 512K, 12% used [0x00000007a9f00000,0x00000007a9f10000,0x00000007a9f80000)
  to   space 9728K, 0% used [0x00000007a8c80000,0x00000007a8c80000,0x00000007a9600000)
 ParOldGen       total 87552K, used 38884K [0x0000000740000000, 0x0000000745580000, 0x0000000795580000)
  object space 87552K, 44% used [0x0000000740000000,0x00000007425f91a0,0x0000000745580000)
 Metaspace       used 20028K, capacity 20241K, committed 20480K, reserved 1067008K
  class space    used 1952K, capacity 2047K, committed 2048K, reserved 1048576K
}
Event: 77.831 GC heap before
{Heap before GC invocations=27 (full 0):
 PSYoungGen      total 131072K, used 130624K [0x0000000795580000, 0x00000007a9f80000, 0x00000007c0000000)
  eden space 130560K, 100% used [0x0000000795580000,0x000000079d500000,0x000000079d500000)
  from space 512K, 12% used [0x00000007a9f00000,0x00000007a9f10000,0x00000007a9f80000)
  to   space 9728K, 0% used [0x00000007a8c80000,0x00000007a8c80000,0x00000007a9600000)
 ParOldGen       total 87552K, used 38884K [0x0000000740000000, 0x0000000745580000, 0x0000000795580000)
  object space 87552K, 44% used [0x0000000740000000,0x00000007425f91a0,0x0000000745580000)
 Metaspace       used 20047K, capacity 20241K, committed 20480K, reserved 1067008K
  class space    used 1952K, capacity 2047K, committed 2048K, reserved 1048576K
Event: 77.832 GC heap after
Heap after GC invocations=27 (full 0):
 PSYoungGen      total 135168K, used 64K [0x0000000795580000, 0x00000007a9f80000, 0x00000007c0000000)
  eden space 125440K, 0% used [0x0000000795580000,0x0000000795580000,0x000000079d000000)
  from space 9728K, 0% used [0x00000007a8c80000,0x00000007a8c90000,0x00000007a9600000)
  to   space 9216K, 0% used [0x00000007a9680000,0x00000007a9680000,0x00000007a9f80000)
 ParOldGen       total 87552K, used 38892K [0x0000000740000000, 0x0000000745580000, 0x0000000795580000)
  object space 87552K, 44% used [0x0000000740000000,0x00000007425fb1a0,0x0000000745580000)
 Metaspace       used 20047K, capacity 20241K, committed 20480K, reserved 1067008K
  class space    used 1952K, capacity 2047K, committed 2048K, reserved 1048576K
}

