# JRE version: Java(TM) SE Runtime Environment (8.0_111-b14) (build 1.8.0_111-b14)
# Java VM: Java HotSpot(TM) 64-Bit Server VM (25.111-b14 mixed mode bsd-amd64 compressed oops)
Heap:
 PSYoungGen      total 71680K, used 41667K [0x0000000795580000, 0x000000079f680000, 0x00000007c0000000)
  eden space 66560K, 54% used [0x0000000795580000,0x0000000797938c60,0x0000000799680000)
  from space 5120K, 99% used [0x0000000799680000,0x0000000799b78100,0x0000000799b80000)
  to   space 15872K, 0% used [0x000000079e700000,0x000000079e700000,0x000000079f680000)
 ParOldGen       total 87552K, used 24897K [0x0000000740000000, 0x0000000745580000, 0x0000000795580000)
  object space 87552K, 28% used [0x0000000740000000,0x0000000741850420,0x0000000745580000)
 Metaspace       used 19239K, capacity 19495K, committed 19712K, reserved 1067008K
  class space    used 1920K, capacity 2014K, committed 2048K, reserved 1048576K
GC Heap History (10 events):
Event: 4.886 GC heap before
{Heap before GC invocations=1 (full 0):
 PSYoungGen      total 38400K, used 33280K [0x0000000795580000, 0x0000000798000000, 0x00000007c0000000)
  eden space 33280K, 100% used [0x0000000795580000,0x0000000797600000,0x0000000797600000)
  from space 5120K, 0% used [0x0000000797b00000,0x0000000797b00000,0x0000000798000000)
  to   space 5120K, 0% used [0x0000000797600000,0x0000000797600000,0x0000000797b00000)
 ParOldGen       total 87552K, used 0K [0x0000000740000000, 0x0000000745580000, 0x0000000795580000)
  object space 87552K, 0% used [0x0000000740000000,0x0000000740000000,0x0000000745580000)
 Metaspace       used 15997K, capacity 16153K, committed 16384K, reserved 1064960K
  class space    used 1627K, capacity 1691K, committed 1792K, reserved 1048576K
Event: 4.899 GC heap after
Heap after GC invocations=1 (full 0):
 PSYoungGen      total 38400K, used 5118K [0x0000000795580000, 0x0000000798000000, 0x00000007c0000000)
  eden space 33280K, 0% used [0x0000000795580000,0x0000000795580000,0x0000000797600000)
  from space 5120K, 99% used [0x0000000797600000,0x0000000797aff800,0x0000000797b00000)
  to   space 5120K, 0% used [0x0000000797b00000,0x0000000797b00000,0x0000000798000000)
 ParOldGen       total 87552K, used 90K [0x0000000740000000, 0x0000000745580000, 0x0000000795580000)
  object space 87552K, 0% used [0x0000000740000000,0x0000000740016aa0,0x0000000745580000)
 Metaspace       used 15997K, capacity 16153K, committed 16384K, reserved 1064960K
  class space    used 1627K, capacity 1691K, committed 1792K, reserved 1048576K
}
Event: 6.457 GC heap before
{Heap before GC invocations=2 (full 0):
 PSYoungGen      total 38400K, used 38398K [0x0000000795580000, 0x0000000798000000, 0x00000007c0000000)
  eden space 33280K, 100% used [0x0000000795580000,0x0000000797600000,0x0000000797600000)
  from space 5120K, 99% used [0x0000000797600000,0x0000000797aff800,0x0000000797b00000)
  to   space 5120K, 0% used [0x0000000797b00000,0x0000000797b00000,0x0000000798000000)
 ParOldGen       total 87552K, used 90K [0x0000000740000000, 0x0000000745580000, 0x0000000795580000)
  object space 87552K, 0% used [0x0000000740000000,0x0000000740016aa0,0x0000000745580000)
 Metaspace       used 18275K, capacity 18471K, committed 18688K, reserved 1067008K
  class space    used 1862K, capacity 1950K, committed 2048K, reserved 1048576K
Event: 6.480 GC heap after
Heap after GC invocations=2 (full 0):
 PSYoungGen      total 38400K, used 5089K [0x0000000795580000, 0x0000000798000000, 0x00000007c0000000)
  eden space 33280K, 0% used [0x0000000795580000,0x0000000795580000,0x0000000797600000)
  from space 5120K, 99% used [0x0000000797b00000,0x0000000797ff87e8,0x0000000798000000)
  to   space 5120K, 0% used [0x0000000797600000,0x0000000797600000,0x0000000797b00000)
 ParOldGen       total 87552K, used 12678K [0x0000000740000000, 0x0000000745580000, 0x0000000795580000)
  object space 87552K, 14% used [0x0000000740000000,0x0000000740c61ab8,0x0000000745580000)
 Metaspace       used 18275K, capacity 18471K, committed 18688K, reserved 1067008K
  class space    used 1862K, capacity 1950K, committed 2048K, reserved 1048576K
}
Event: 7.240 GC heap before
{Heap before GC invocations=3 (full 0):
 PSYoungGen      total 38400K, used 38369K [0x0000000795580000, 0x0000000798000000, 0x00000007c0000000)
  eden space 33280K, 100% used [0x0000000795580000,0x0000000797600000,0x0000000797600000)
  from space 5120K, 99% used [0x0000000797b00000,0x0000000797ff87e8,0x0000000798000000)
  to   space 5120K, 0% used [0x0000000797600000,0x0000000797600000,0x0000000797b00000)
 ParOldGen       total 87552K, used 12678K [0x0000000740000000, 0x0000000745580000, 0x0000000795580000)
  object space 87552K, 14% used [0x0000000740000000,0x0000000740c61ab8,0x0000000745580000)
 Metaspace       used 18795K, capacity 18983K, committed 19200K, reserved 1067008K
  class space    used 1911K, capacity 2014K, committed 2048K, reserved 1048576K
Event: 7.255 GC heap after
Heap after GC invocations=3 (full 0):
 PSYoungGen      total 38400K, used 5088K [0x0000000795580000, 0x000000079a080000, 0x00000007c0000000)
  eden space 33280K, 0% used [0x0000000795580000,0x0000000795580000,0x0000000797600000)
  from space 5120K, 99% used [0x0000000797600000,0x0000000797af80f0,0x0000000797b00000)
  to   space 5120K, 0% used [0x0000000799b80000,0x0000000799b80000,0x000000079a080000)
 ParOldGen       total 87552K, used 15558K [0x0000000740000000, 0x0000000745580000, 0x0000000795580000)
  object space 87552K, 17% used [0x0000000740000000,0x0000000740f31a88,0x0000000745580000)
 Metaspace       used 18795K, capacity 18983K, committed 19200K, reserved 1067008K
  class space    used 1911K, capacity 2014K, committed 2048K, reserved 1048576K
}
Event: 7.734 GC heap before
{Heap before GC invocations=4 (full 0):
 PSYoungGen      total 38400K, used 38324K [0x0000000795580000, 0x000000079a080000, 0x00000007c0000000)
  eden space 33280K, 99% used [0x0000000795580000,0x00000007975f52d8,0x0000000797600000)
  from space 5120K, 99% used [0x0000000797600000,0x0000000797af80f0,0x0000000797b00000)
  to   space 5120K, 0% used [0x0000000799b80000,0x0000000799b80000,0x000000079a080000)
 ParOldGen       total 87552K, used 15558K [0x0000000740000000, 0x0000000745580000, 0x0000000795580000)
  object space 87552K, 17% used [0x0000000740000000,0x0000000740f31a88,0x0000000745580000)
 Metaspace       used 18896K, capacity 19111K, committed 19456K, reserved 1067008K
  class space    used 1911K, capacity 2014K, committed 2048K, reserved 1048576K
Event: 7.753 GC heap after
Heap after GC invocations=4 (full 0):
 PSYoungGen      total 71680K, used 5114K [0x0000000795580000, 0x000000079a080000, 0x00000007c0000000)
  eden space 66560K, 0% used [0x0000000795580000,0x0000000795580000,0x0000000799680000)
  from space 5120K, 99% used [0x0000000799b80000,0x000000079a07e8e0,0x000000079a080000)
  to   space 5120K, 0% used [0x0000000799680000,0x0000000799680000,0x0000000799b80000)
 ParOldGen       total 87552K, used 20016K [0x0000000740000000, 0x0000000745580000, 0x0000000795580000)
  object space 87552K, 22% used [0x0000000740000000,0x000000074138c2f0,0x0000000745580000)
 Metaspace       used 18896K, capacity 19111K, committed 19456K, reserved 1067008K
  class space    used 1911K, capacity 2014K, committed 2048K, reserved 1048576K
}
Event: 10.203 GC heap before
{Heap before GC invocations=5 (full 0):
 PSYoungGen      total 71680K, used 71674K [0x0000000795580000, 0x000000079a080000, 0x00000007c0000000)
  eden space 66560K, 100% used [0x0000000795580000,0x0000000799680000,0x0000000799680000)
  from space 5120K, 99% used [0x0000000799b80000,0x000000079a07e8e0,0x000000079a080000)
  to   space 5120K, 0% used [0x0000000799680000,0x0000000799680000,0x0000000799b80000)
 ParOldGen       total 87552K, used 20016K [0x0000000740000000, 0x0000000745580000, 0x0000000795580000)
  object space 87552K, 22% used [0x0000000740000000,0x000000074138c2f0,0x0000000745580000)
 Metaspace       used 19106K, capacity 19367K, committed 19712K, reserved 1067008K
  class space    used 1912K, capacity 2014K, committed 2048K, reserved 1048576K
Event: 10.215 GC heap after
Heap after GC invocations=5 (full 0):
 PSYoungGen      total 71680K, used 5088K [0x0000000795580000, 0x000000079f680000, 0x00000007c0000000)
  eden space 66560K, 0% used [0x0000000795580000,0x0000000795580000,0x0000000799680000)
  from space 5120K, 99% used [0x0000000799680000,0x0000000799b78100,0x0000000799b80000)
  to   space 15872K, 0% used [0x000000079e700000,0x000000079e700000,0x000000079f680000)
 ParOldGen       total 87552K, used 24897K [0x0000000740000000, 0x0000000745580000, 0x0000000795580000)
  object space 87552K, 28% used [0x0000000740000000,0x0000000741850420,0x0000000745580000)
 Metaspace       used 19106K, capacity 19367K, committed 19712K, reserved 1067008K
  class space    used 1912K, capacity 2014K, committed 2048K, reserved 1048576K
}

