# JRE version: Java(TM) SE Runtime Environment (8.0_111-b14) (build 1.8.0_111-b14)
# Java VM: Java HotSpot(TM) 64-Bit Server VM (25.111-b14 mixed mode bsd-amd64 compressed oops)
Heap:
 PSYoungGen      total 176128K, used 30374K [0x0000000795580000, 0x00000007aa800000, 0x00000007c0000000)
  eden space 158720K, 19% used [0x0000000795580000,0x0000000797309b68,0x000000079f080000)
  from space 17408K, 0% used [0x00000007a8600000,0x00000007a8620000,0x00000007a9700000)
  to   space 16384K, 0% used [0x00000007a9800000,0x00000007a9800000,0x00000007aa800000)
 ParOldGen       total 87552K, used 40413K [0x0000000740000000, 0x0000000745580000, 0x0000000795580000)
  object space 87552K, 46% used [0x0000000740000000,0x0000000742777430,0x0000000745580000)
 Metaspace       used 20018K, capacity 20241K, committed 20480K, reserved 1067008K
  class space    used 1959K, capacity 2047K, committed 2048K, reserved 1048576K
GC Heap History (10 events):
Event: 42.744 GC heap before
{Heap before GC invocations=17 (full 0):
 PSYoungGen      total 196096K, used 195680K [0x0000000795580000, 0x00000007acb80000, 0x00000007c0000000)
  eden space 195584K, 100% used [0x0000000795580000,0x00000007a1480000,0x00000007a1480000)
  from space 512K, 18% used [0x00000007acb00000,0x00000007acb18000,0x00000007acb80000)
  to   space 19968K, 0% used [0x00000007aa480000,0x00000007aa480000,0x00000007ab800000)
 ParOldGen       total 87552K, used 40397K [0x0000000740000000, 0x0000000745580000, 0x0000000795580000)
  object space 87552K, 46% used [0x0000000740000000,0x0000000742773430,0x0000000745580000)
 Metaspace       used 19988K, capacity 20177K, committed 20480K, reserved 1067008K
  class space    used 1952K, capacity 2047K, committed 2048K, reserved 1048576K
Event: 42.745 GC heap after
Heap after GC invocations=17 (full 0):
 PSYoungGen      total 207360K, used 96K [0x0000000795580000, 0x00000007acb80000, 0x00000007c0000000)
  eden space 187392K, 0% used [0x0000000795580000,0x0000000795580000,0x00000007a0c80000)
  from space 19968K, 0% used [0x00000007aa480000,0x00000007aa498000,0x00000007ab800000)
  to   space 19456K, 0% used [0x00000007ab880000,0x00000007ab880000,0x00000007acb80000)
 ParOldGen       total 87552K, used 40405K [0x0000000740000000, 0x0000000745580000, 0x0000000795580000)
  object space 87552K, 46% used [0x0000000740000000,0x0000000742775430,0x0000000745580000)
 Metaspace       used 19988K, capacity 20177K, committed 20480K, reserved 1067008K
  class space    used 1952K, capacity 2047K, committed 2048K, reserved 1048576K
}
Event: 45.457 GC heap before
{Heap before GC invocations=18 (full 0):
 PSYoungGen      total 207360K, used 187488K [0x0000000795580000, 0x00000007acb80000, 0x00000007c0000000)
  eden space 187392K, 100% used [0x0000000795580000,0x00000007a0c80000,0x00000007a0c80000)
  from space 19968K, 0% used [0x00000007aa480000,0x00000007aa498000,0x00000007ab800000)
  to   space 19456K, 0% used [0x00000007ab880000,0x00000007ab880000,0x00000007acb80000)
 ParOldGen       total 87552K, used 40405K [0x0000000740000000, 0x0000000745580000, 0x0000000795580000)
  object space 87552K, 46% used [0x0000000740000000,0x0000000742775430,0x0000000745580000)
 Metaspace       used 19988K, capacity 20177K, committed 20480K, reserved 1067008K
  class space    used 1952K, capacity 2047K, committed 2048K, reserved 1048576K
Event: 45.458 GC heap after
Heap after GC invocations=18 (full 0):
 PSYoungGen      total 180224K, used 64K [0x0000000795580000, 0x00000007ab900000, 0x00000007c0000000)
  eden space 179712K, 0% used [0x0000000795580000,0x0000000795580000,0x00000007a0500000)
  from space 512K, 12% used [0x00000007ab880000,0x00000007ab890000,0x00000007ab900000)
  to   space 18944K, 0% used [0x00000007a9400000,0x00000007a9400000,0x00000007aa680000)
 ParOldGen       total 87552K, used 40405K [0x0000000740000000, 0x0000000745580000, 0x0000000795580000)
  object space 87552K, 46% used [0x0000000740000000,0x0000000742775430,0x0000000745580000)
 Metaspace       used 19988K, capacity 20177K, committed 20480K, reserved 1067008K
  class space    used 1952K, capacity 2047K, committed 2048K, reserved 1048576K
}
Event: 47.843 GC heap before
{Heap before GC invocations=19 (full 0):
 PSYoungGen      total 180224K, used 179776K [0x0000000795580000, 0x00000007ab900000, 0x00000007c0000000)
  eden space 179712K, 100% used [0x0000000795580000,0x00000007a0500000,0x00000007a0500000)
  from space 512K, 12% used [0x00000007ab880000,0x00000007ab890000,0x00000007ab900000)
  to   space 18944K, 0% used [0x00000007a9400000,0x00000007a9400000,0x00000007aa680000)
 ParOldGen       total 87552K, used 40405K [0x0000000740000000, 0x0000000745580000, 0x0000000795580000)
  object space 87552K, 46% used [0x0000000740000000,0x0000000742775430,0x0000000745580000)
 Metaspace       used 19988K, capacity 20177K, committed 20480K, reserved 1067008K
  class space    used 1952K, capacity 2047K, committed 2048K, reserved 1048576K
Event: 47.844 GC heap after
Heap after GC invocations=19 (full 0):
 PSYoungGen      total 191488K, used 128K [0x0000000795580000, 0x00000007ab900000, 0x00000007c0000000)
  eden space 172544K, 0% used [0x0000000795580000,0x0000000795580000,0x000000079fe00000)
  from space 18944K, 0% used [0x00000007a9400000,0x00000007a9420000,0x00000007aa680000)
  to   space 17920K, 0% used [0x00000007aa780000,0x00000007aa780000,0x00000007ab900000)
 ParOldGen       total 87552K, used 40405K [0x0000000740000000, 0x0000000745580000, 0x0000000795580000)
  object space 87552K, 46% used [0x0000000740000000,0x0000000742775430,0x0000000745580000)
 Metaspace       used 19988K, capacity 20177K, committed 20480K, reserved 1067008K
  class space    used 1952K, capacity 2047K, committed 2048K, reserved 1048576K
}
Event: 50.275 GC heap before
{Heap before GC invocations=20 (full 0):
 PSYoungGen      total 191488K, used 172672K [0x0000000795580000, 0x00000007ab900000, 0x00000007c0000000)
  eden space 172544K, 100% used [0x0000000795580000,0x000000079fe00000,0x000000079fe00000)
  from space 18944K, 0% used [0x00000007a9400000,0x00000007a9420000,0x00000007aa680000)
  to   space 17920K, 0% used [0x00000007aa780000,0x00000007aa780000,0x00000007ab900000)
 ParOldGen       total 87552K, used 40405K [0x0000000740000000, 0x0000000745580000, 0x0000000795580000)
  object space 87552K, 46% used [0x0000000740000000,0x0000000742775430,0x0000000745580000)
 Metaspace       used 19988K, capacity 20177K, committed 20480K, reserved 1067008K
  class space    used 1952K, capacity 2047K, committed 2048K, reserved 1048576K
Event: 50.277 GC heap after
Heap after GC invocations=20 (full 0):
 PSYoungGen      total 165888K, used 128K [0x0000000795580000, 0x00000007aa800000, 0x00000007c0000000)
  eden space 165376K, 0% used [0x0000000795580000,0x0000000795580000,0x000000079f700000)
  from space 512K, 25% used [0x00000007aa780000,0x00000007aa7a0000,0x00000007aa800000)
  to   space 17408K, 0% used [0x00000007a8600000,0x00000007a8600000,0x00000007a9700000)
 ParOldGen       total 87552K, used 40413K [0x0000000740000000, 0x0000000745580000, 0x0000000795580000)
  object space 87552K, 46% used [0x0000000740000000,0x0000000742777430,0x0000000745580000)
 Metaspace       used 19988K, capacity 20177K, committed 20480K, reserved 1067008K
  class space    used 1952K, capacity 2047K, committed 2048K, reserved 1048576K
}
Event: 52.910 GC heap before
{Heap before GC invocations=21 (full 0):
 PSYoungGen      total 165888K, used 165504K [0x0000000795580000, 0x00000007aa800000, 0x00000007c0000000)
  eden space 165376K, 100% used [0x0000000795580000,0x000000079f700000,0x000000079f700000)
  from space 512K, 25% used [0x00000007aa780000,0x00000007aa7a0000,0x00000007aa800000)
  to   space 17408K, 0% used [0x00000007a8600000,0x00000007a8600000,0x00000007a9700000)
 ParOldGen       total 87552K, used 40413K [0x0000000740000000, 0x0000000745580000, 0x0000000795580000)
  object space 87552K, 46% used [0x0000000740000000,0x0000000742777430,0x0000000745580000)
 Metaspace       used 19988K, capacity 20177K, committed 20480K, reserved 1067008K
  class space    used 1952K, capacity 2047K, committed 2048K, reserved 1048576K
Event: 52.912 GC heap after
Heap after GC invocations=21 (full 0):
 PSYoungGen      total 176128K, used 128K [0x0000000795580000, 0x00000007aa800000, 0x00000007c0000000)
  eden space 158720K, 0% used [0x0000000795580000,0x0000000795580000,0x000000079f080000)
  from space 17408K, 0% used [0x00000007a8600000,0x00000007a8620000,0x00000007a9700000)
  to   space 16384K, 0% used [0x00000007a9800000,0x00000007a9800000,0x00000007aa800000)
 ParOldGen       total 87552K, used 40413K [0x0000000740000000, 0x0000000745580000, 0x0000000795580000)
  object space 87552K, 46% used [0x0000000740000000,0x0000000742777430,0x0000000745580000)
 Metaspace       used 19988K, capacity 20177K, committed 20480K, reserved 1067008K
  class space    used 1952K, capacity 2047K, committed 2048K, reserved 1048576K
}

