# JRE version: Java(TM) SE Runtime Environment (8.0_111-b14) (build 1.8.0_111-b14)
# Java VM: Java HotSpot(TM) 64-Bit Server VM (25.111-b14 mixed mode bsd-amd64 compressed oops)
Heap:
 PSYoungGen      total 102400K, used 49066K [0x0000000795580000, 0x000000079dc00000, 0x00000007c0000000)
  eden space 101888K, 48% used [0x0000000795580000,0x0000000798552950,0x000000079b900000)
  from space 512K, 18% used [0x000000079bc80000,0x000000079bc98000,0x000000079bd00000)
  to   space 17920K, 0% used [0x000000079ca80000,0x000000079ca80000,0x000000079dc00000)
 ParOldGen       total 87552K, used 34781K [0x0000000740000000, 0x0000000745580000, 0x0000000795580000)
  object space 87552K, 39% used [0x0000000740000000,0x00000007421f76f0,0x0000000745580000)
 Metaspace       used 19589K, capacity 19825K, committed 19968K, reserved 1067008K
  class space    used 1918K, capacity 2015K, committed 2048K, reserved 1048576K
GC Heap History (10 events):
Event: 31.899 GC heap before
{Heap before GC invocations=9 (full 0):
 PSYoungGen      total 135680K, used 134176K [0x0000000795580000, 0x000000079ef80000, 0x00000007c0000000)
  eden space 122880K, 100% used [0x0000000795580000,0x000000079cd80000,0x000000079cd80000)
  from space 12800K, 88% used [0x000000079e300000,0x000000079ee082d0,0x000000079ef80000)
  to   space 17408K, 0% used [0x000000079cd80000,0x000000079cd80000,0x000000079de80000)
 ParOldGen       total 87552K, used 20113K [0x0000000740000000, 0x0000000745580000, 0x0000000795580000)
  object space 87552K, 22% used [0x0000000740000000,0x00000007413a47e8,0x0000000745580000)
 Metaspace       used 19492K, capacity 19697K, committed 19968K, reserved 1067008K
  class space    used 1910K, capacity 2015K, committed 2048K, reserved 1048576K
Event: 31.904 GC heap after
Heap after GC invocations=9 (full 0):
 PSYoungGen      total 123904K, used 5536K [0x0000000795580000, 0x000000079eb00000, 0x00000007c0000000)
  eden space 118272K, 0% used [0x0000000795580000,0x0000000795580000,0x000000079c900000)
  from space 5632K, 98% used [0x000000079cd80000,0x000000079d2e8150,0x000000079d300000)
  to   space 17408K, 0% used [0x000000079da00000,0x000000079da00000,0x000000079eb00000)
 ParOldGen       total 87552K, used 25897K [0x0000000740000000, 0x0000000745580000, 0x0000000795580000)
  object space 87552K, 29% used [0x0000000740000000,0x000000074194a4c0,0x0000000745580000)
 Metaspace       used 19492K, capacity 19697K, committed 19968K, reserved 1067008K
  class space    used 1910K, capacity 2015K, committed 2048K, reserved 1048576K
}
Event: 39.993 GC heap before
{Heap before GC invocations=10 (full 0):
 PSYoungGen      total 123904K, used 123808K [0x0000000795580000, 0x000000079eb00000, 0x00000007c0000000)
  eden space 118272K, 100% used [0x0000000795580000,0x000000079c900000,0x000000079c900000)
  from space 5632K, 98% used [0x000000079cd80000,0x000000079d2e8150,0x000000079d300000)
  to   space 17408K, 0% used [0x000000079da00000,0x000000079da00000,0x000000079eb00000)
 ParOldGen       total 87552K, used 25897K [0x0000000740000000, 0x0000000745580000, 0x0000000795580000)
  object space 87552K, 29% used [0x0000000740000000,0x000000074194a4c0,0x0000000745580000)
 Metaspace       used 19492K, capacity 19697K, committed 19968K, reserved 1067008K
  class space    used 1910K, capacity 2015K, committed 2048K, reserved 1048576K
Event: 39.999 GC heap after
Heap after GC invocations=10 (full 0):
 PSYoungGen      total 127488K, used 128K [0x0000000795580000, 0x000000079e780000, 0x00000007c0000000)
  eden space 113664K, 0% used [0x0000000795580000,0x0000000795580000,0x000000079c480000)
  from space 13824K, 0% used [0x000000079da00000,0x000000079da20000,0x000000079e780000)
  to   space 17920K, 0% used [0x000000079c480000,0x000000079c480000,0x000000079d600000)
 ParOldGen       total 87552K, used 31349K [0x0000000740000000, 0x0000000745580000, 0x0000000795580000)
  object space 87552K, 35% used [0x0000000740000000,0x0000000741e9d620,0x0000000745580000)
 Metaspace       used 19492K, capacity 19697K, committed 19968K, reserved 1067008K
  class space    used 1910K, capacity 2015K, committed 2048K, reserved 1048576K
}
Event: 48.162 GC heap before
{Heap before GC invocations=11 (full 0):
 PSYoungGen      total 127488K, used 113792K [0x0000000795580000, 0x000000079e780000, 0x00000007c0000000)
  eden space 113664K, 100% used [0x0000000795580000,0x000000079c480000,0x000000079c480000)
  from space 13824K, 0% used [0x000000079da00000,0x000000079da20000,0x000000079e780000)
  to   space 17920K, 0% used [0x000000079c480000,0x000000079c480000,0x000000079d600000)
 ParOldGen       total 87552K, used 31349K [0x0000000740000000, 0x0000000745580000, 0x0000000795580000)
  object space 87552K, 35% used [0x0000000740000000,0x0000000741e9d620,0x0000000745580000)
 Metaspace       used 19520K, capacity 19761K, committed 19968K, reserved 1067008K
  class space    used 1910K, capacity 2015K, committed 2048K, reserved 1048576K
Event: 48.164 GC heap after
Heap after GC invocations=11 (full 0):
 PSYoungGen      total 110080K, used 96K [0x0000000795580000, 0x000000079e480000, 0x00000007c0000000)
  eden space 109568K, 0% used [0x0000000795580000,0x0000000795580000,0x000000079c080000)
  from space 512K, 18% used [0x000000079c480000,0x000000079c498000,0x000000079c500000)
  to   space 18432K, 0% used [0x000000079d280000,0x000000079d280000,0x000000079e480000)
 ParOldGen       total 87552K, used 31373K [0x0000000740000000, 0x0000000745580000, 0x0000000795580000)
  object space 87552K, 35% used [0x0000000740000000,0x0000000741ea3620,0x0000000745580000)
 Metaspace       used 19520K, capacity 19761K, committed 19968K, reserved 1067008K
  class space    used 1910K, capacity 2015K, committed 2048K, reserved 1048576K
}
Event: 54.278 GC heap before
{Heap before GC invocations=12 (full 0):
 PSYoungGen      total 110080K, used 109664K [0x0000000795580000, 0x000000079e480000, 0x00000007c0000000)
  eden space 109568K, 100% used [0x0000000795580000,0x000000079c080000,0x000000079c080000)
  from space 512K, 18% used [0x000000079c480000,0x000000079c498000,0x000000079c500000)
  to   space 18432K, 0% used [0x000000079d280000,0x000000079d280000,0x000000079e480000)
 ParOldGen       total 87552K, used 31373K [0x0000000740000000, 0x0000000745580000, 0x0000000795580000)
  object space 87552K, 35% used [0x0000000740000000,0x0000000741ea3620,0x0000000745580000)
 Metaspace       used 19551K, capacity 19761K, committed 19968K, reserved 1067008K
  class space    used 1910K, capacity 2015K, committed 2048K, reserved 1048576K
Event: 54.282 GC heap after
Heap after GC invocations=12 (full 0):
 PSYoungGen      total 118784K, used 3712K [0x0000000795580000, 0x000000079df80000, 0x00000007c0000000)
  eden space 105472K, 0% used [0x0000000795580000,0x0000000795580000,0x000000079bc80000)
  from space 13312K, 27% used [0x000000079d280000,0x000000079d620110,0x000000079df80000)
  to   space 17920K, 0% used [0x000000079bc80000,0x000000079bc80000,0x000000079ce00000)
 ParOldGen       total 87552K, used 31405K [0x0000000740000000, 0x0000000745580000, 0x0000000795580000)
  object space 87552K, 35% used [0x0000000740000000,0x0000000741eab620,0x0000000745580000)
 Metaspace       used 19551K, capacity 19761K, committed 19968K, reserved 1067008K
  class space    used 1910K, capacity 2015K, committed 2048K, reserved 1048576K
}
Event: 61.812 GC heap before
{Heap before GC invocations=13 (full 0):
 PSYoungGen      total 118784K, used 109184K [0x0000000795580000, 0x000000079df80000, 0x00000007c0000000)
  eden space 105472K, 100% used [0x0000000795580000,0x000000079bc80000,0x000000079bc80000)
  from space 13312K, 27% used [0x000000079d280000,0x000000079d620110,0x000000079df80000)
  to   space 17920K, 0% used [0x000000079bc80000,0x000000079bc80000,0x000000079ce00000)
 ParOldGen       total 87552K, used 31405K [0x0000000740000000, 0x0000000745580000, 0x0000000795580000)
  object space 87552K, 35% used [0x0000000740000000,0x0000000741eab620,0x0000000745580000)
 Metaspace       used 19551K, capacity 19761K, committed 19968K, reserved 1067008K
  class space    used 1910K, capacity 2015K, committed 2048K, reserved 1048576K
Event: 61.816 GC heap after
Heap after GC invocations=13 (full 0):
 PSYoungGen      total 102400K, used 96K [0x0000000795580000, 0x000000079dc00000, 0x00000007c0000000)
  eden space 101888K, 0% used [0x0000000795580000,0x0000000795580000,0x000000079b900000)
  from space 512K, 18% used [0x000000079bc80000,0x000000079bc98000,0x000000079bd00000)
  to   space 17920K, 0% used [0x000000079ca80000,0x000000079ca80000,0x000000079dc00000)
 ParOldGen       total 87552K, used 34781K [0x0000000740000000, 0x0000000745580000, 0x0000000795580000)
  object space 87552K, 39% used [0x0000000740000000,0x00000007421f76f0,0x0000000745580000)
 Metaspace       used 19551K, capacity 19761K, committed 19968K, reserved 1067008K
  class space    used 1910K, capacity 2015K, committed 2048K, reserved 1048576K
}

