# JRE version: Java(TM) SE Runtime Environment (8.0_111-b14) (build 1.8.0_111-b14)
# Java VM: Java HotSpot(TM) 64-Bit Server VM (25.111-b14 mixed mode bsd-amd64 compressed oops)
Heap:
 PSYoungGen      total 88576K, used 50104K [0x0000000795580000, 0x000000079ba80000, 0x00000007c0000000)
  eden space 79872K, 62% used [0x0000000795580000,0x000000079865e118,0x000000079a380000)
  from space 8704K, 0% used [0x000000079b200000,0x000000079b210000,0x000000079ba80000)
  to   space 11776K, 0% used [0x000000079a380000,0x000000079a380000,0x000000079af00000)
 ParOldGen       total 87552K, used 34556K [0x0000000740000000, 0x0000000745580000, 0x0000000795580000)
  object space 87552K, 39% used [0x0000000740000000,0x00000007421bf2e8,0x0000000745580000)
 Metaspace       used 19973K, capacity 20177K, committed 20480K, reserved 1067008K
  class space    used 1962K, capacity 2047K, committed 2048K, reserved 1048576K
GC Heap History (10 events):
Event: 33.457 GC heap before
{Heap before GC invocations=18 (full 0):
 PSYoungGen      total 95232K, used 94816K [0x0000000795580000, 0x000000079ce00000, 0x00000007c0000000)
  eden space 94720K, 100% used [0x0000000795580000,0x000000079b200000,0x000000079b200000)
  from space 512K, 18% used [0x000000079b580000,0x000000079b598000,0x000000079b600000)
  to   space 14336K, 0% used [0x000000079c000000,0x000000079c000000,0x000000079ce00000)
 ParOldGen       total 87552K, used 34492K [0x0000000740000000, 0x0000000745580000, 0x0000000795580000)
  object space 87552K, 39% used [0x0000000740000000,0x00000007421af2e8,0x0000000745580000)
 Metaspace       used 19920K, capacity 20113K, committed 20480K, reserved 1067008K
  class space    used 1953K, capacity 2047K, committed 2048K, reserved 1048576K
Event: 33.458 GC heap after
Heap after GC invocations=18 (full 0):
 PSYoungGen      total 101888K, used 128K [0x0000000795580000, 0x000000079ca00000, 0x00000007c0000000)
  eden space 91648K, 0% used [0x0000000795580000,0x0000000795580000,0x000000079af00000)
  from space 10240K, 1% used [0x000000079c000000,0x000000079c020000,0x000000079ca00000)
  to   space 13824K, 0% used [0x000000079af00000,0x000000079af00000,0x000000079bc80000)
 ParOldGen       total 87552K, used 34508K [0x0000000740000000, 0x0000000745580000, 0x0000000795580000)
  object space 87552K, 39% used [0x0000000740000000,0x00000007421b32e8,0x0000000745580000)
 Metaspace       used 19920K, capacity 20113K, committed 20480K, reserved 1067008K
  class space    used 1953K, capacity 2047K, committed 2048K, reserved 1048576K
}
Event: 35.156 GC heap before
{Heap before GC invocations=19 (full 0):
 PSYoungGen      total 101888K, used 91776K [0x0000000795580000, 0x000000079ca00000, 0x00000007c0000000)
  eden space 91648K, 100% used [0x0000000795580000,0x000000079af00000,0x000000079af00000)
  from space 10240K, 1% used [0x000000079c000000,0x000000079c020000,0x000000079ca00000)
  to   space 13824K, 0% used [0x000000079af00000,0x000000079af00000,0x000000079bc80000)
 ParOldGen       total 87552K, used 34508K [0x0000000740000000, 0x0000000745580000, 0x0000000795580000)
  object space 87552K, 39% used [0x0000000740000000,0x00000007421b32e8,0x0000000745580000)
 Metaspace       used 19920K, capacity 20113K, committed 20480K, reserved 1067008K
  class space    used 1953K, capacity 2047K, committed 2048K, reserved 1048576K
Event: 35.158 GC heap after
Heap after GC invocations=19 (full 0):
 PSYoungGen      total 89088K, used 96K [0x0000000795580000, 0x000000079c600000, 0x00000007c0000000)
  eden space 88576K, 0% used [0x0000000795580000,0x0000000795580000,0x000000079ac00000)
  from space 512K, 18% used [0x000000079af00000,0x000000079af18000,0x000000079af80000)
  to   space 13312K, 0% used [0x000000079b900000,0x000000079b900000,0x000000079c600000)
 ParOldGen       total 87552K, used 34516K [0x0000000740000000, 0x0000000745580000, 0x0000000795580000)
  object space 87552K, 39% used [0x0000000740000000,0x00000007421b52e8,0x0000000745580000)
 Metaspace       used 19920K, capacity 20113K, committed 20480K, reserved 1067008K
  class space    used 1953K, capacity 2047K, committed 2048K, reserved 1048576K
}
Event: 36.845 GC heap before
{Heap before GC invocations=20 (full 0):
 PSYoungGen      total 89088K, used 88672K [0x0000000795580000, 0x000000079c600000, 0x00000007c0000000)
  eden space 88576K, 100% used [0x0000000795580000,0x000000079ac00000,0x000000079ac00000)
  from space 512K, 18% used [0x000000079af00000,0x000000079af18000,0x000000079af80000)
  to   space 13312K, 0% used [0x000000079b900000,0x000000079b900000,0x000000079c600000)
 ParOldGen       total 87552K, used 34516K [0x0000000740000000, 0x0000000745580000, 0x0000000795580000)
  object space 87552K, 39% used [0x0000000740000000,0x00000007421b52e8,0x0000000745580000)
 Metaspace       used 19935K, capacity 20177K, committed 20480K, reserved 1067008K
  class space    used 1953K, capacity 2047K, committed 2048K, reserved 1048576K
Event: 36.847 GC heap after
Heap after GC invocations=20 (full 0):
 PSYoungGen      total 94720K, used 128K [0x0000000795580000, 0x000000079c200000, 0x00000007c0000000)
  eden space 85504K, 0% used [0x0000000795580000,0x0000000795580000,0x000000079a900000)
  from space 9216K, 1% used [0x000000079b900000,0x000000079b920000,0x000000079c200000)
  to   space 12800K, 0% used [0x000000079a900000,0x000000079a900000,0x000000079b580000)
 ParOldGen       total 87552K, used 34532K [0x0000000740000000, 0x0000000745580000, 0x0000000795580000)
  object space 87552K, 39% used [0x0000000740000000,0x00000007421b92e8,0x0000000745580000)
 Metaspace       used 19935K, capacity 20177K, committed 20480K, reserved 1067008K
  class space    used 1953K, capacity 2047K, committed 2048K, reserved 1048576K
}
Event: 38.461 GC heap before
{Heap before GC invocations=21 (full 0):
 PSYoungGen      total 94720K, used 85632K [0x0000000795580000, 0x000000079c200000, 0x00000007c0000000)
  eden space 85504K, 100% used [0x0000000795580000,0x000000079a900000,0x000000079a900000)
  from space 9216K, 1% used [0x000000079b900000,0x000000079b920000,0x000000079c200000)
  to   space 12800K, 0% used [0x000000079a900000,0x000000079a900000,0x000000079b580000)
 ParOldGen       total 87552K, used 34532K [0x0000000740000000, 0x0000000745580000, 0x0000000795580000)
  object space 87552K, 39% used [0x0000000740000000,0x00000007421b92e8,0x0000000745580000)
 Metaspace       used 19935K, capacity 20177K, committed 20480K, reserved 1067008K
  class space    used 1953K, capacity 2047K, committed 2048K, reserved 1048576K
Event: 38.463 GC heap after
Heap after GC invocations=21 (full 0):
 PSYoungGen      total 82944K, used 96K [0x0000000795580000, 0x000000079be00000, 0x00000007c0000000)
  eden space 82432K, 0% used [0x0000000795580000,0x0000000795580000,0x000000079a600000)
  from space 512K, 18% used [0x000000079a900000,0x000000079a918000,0x000000079a980000)
  to   space 12288K, 0% used [0x000000079b200000,0x000000079b200000,0x000000079be00000)
 ParOldGen       total 87552K, used 34548K [0x0000000740000000, 0x0000000745580000, 0x0000000795580000)
  object space 87552K, 39% used [0x0000000740000000,0x00000007421bd2e8,0x0000000745580000)
 Metaspace       used 19935K, capacity 20177K, committed 20480K, reserved 1067008K
  class space    used 1953K, capacity 2047K, committed 2048K, reserved 1048576K
}
Event: 39.953 GC heap before
{Heap before GC invocations=22 (full 0):
 PSYoungGen      total 82944K, used 82528K [0x0000000795580000, 0x000000079be00000, 0x00000007c0000000)
  eden space 82432K, 100% used [0x0000000795580000,0x000000079a600000,0x000000079a600000)
  from space 512K, 18% used [0x000000079a900000,0x000000079a918000,0x000000079a980000)
  to   space 12288K, 0% used [0x000000079b200000,0x000000079b200000,0x000000079be00000)
 ParOldGen       total 87552K, used 34548K [0x0000000740000000, 0x0000000745580000, 0x0000000795580000)
  object space 87552K, 39% used [0x0000000740000000,0x00000007421bd2e8,0x0000000745580000)
 Metaspace       used 19935K, capacity 20177K, committed 20480K, reserved 1067008K
  class space    used 1953K, capacity 2047K, committed 2048K, reserved 1048576K
Event: 39.955 GC heap after
Heap after GC invocations=22 (full 0):
 PSYoungGen      total 88576K, used 64K [0x0000000795580000, 0x000000079ba80000, 0x00000007c0000000)
  eden space 79872K, 0% used [0x0000000795580000,0x0000000795580000,0x000000079a380000)
  from space 8704K, 0% used [0x000000079b200000,0x000000079b210000,0x000000079ba80000)
  to   space 11776K, 0% used [0x000000079a380000,0x000000079a380000,0x000000079af00000)
 ParOldGen       total 87552K, used 34556K [0x0000000740000000, 0x0000000745580000, 0x0000000795580000)
  object space 87552K, 39% used [0x0000000740000000,0x00000007421bf2e8,0x0000000745580000)
 Metaspace       used 19935K, capacity 20177K, committed 20480K, reserved 1067008K
  class space    used 1953K, capacity 2047K, committed 2048K, reserved 1048576K
}

