# JRE version: Java(TM) SE Runtime Environment (8.0_111-b14) (build 1.8.0_111-b14)
# Java VM: Java HotSpot(TM) 64-Bit Server VM (25.111-b14 mixed mode bsd-amd64 compressed oops)
Heap:
 PSYoungGen      total 280576K, used 168208K [0x0000000795580000, 0x00000007b1180000, 0x00000007c0000000)
  eden space 263680K, 60% used [0x0000000795580000,0x000000079f09c140,0x00000007a5700000)
  from space 16896K, 55% used [0x00000007a5700000,0x00000007a6028240,0x00000007a6780000)
  to   space 16384K, 0% used [0x00000007b0180000,0x00000007b0180000,0x00000007b1180000)
 ParOldGen       total 87552K, used 25558K [0x0000000740000000, 0x0000000745580000, 0x0000000795580000)
  object space 87552K, 29% used [0x0000000740000000,0x00000007418f5ae8,0x0000000745580000)
 Metaspace       used 19845K, capacity 20049K, committed 20224K, reserved 1067008K
  class space    used 1963K, capacity 2047K, committed 2048K, reserved 1048576K
GC Heap History (10 events):
Event: 9.321 GC heap before
{Heap before GC invocations=5 (full 0):
 PSYoungGen      total 71680K, used 71659K [0x0000000795580000, 0x000000079a080000, 0x00000007c0000000)
  eden space 66560K, 100% used [0x0000000795580000,0x0000000799680000,0x0000000799680000)
  from space 5120K, 99% used [0x0000000799b80000,0x000000079a07aed0,0x000000079a080000)
  to   space 5120K, 0% used [0x0000000799680000,0x0000000799680000,0x0000000799b80000)
 ParOldGen       total 87552K, used 13170K [0x0000000740000000, 0x0000000745580000, 0x0000000795580000)
  object space 87552K, 15% used [0x0000000740000000,0x0000000740cdca28,0x0000000745580000)
 Metaspace       used 19327K, capacity 19591K, committed 19968K, reserved 1067008K
  class space    used 1954K, capacity 2046K, committed 2048K, reserved 1048576K
Event: 9.337 GC heap after
Heap after GC invocations=5 (full 0):
 PSYoungGen      total 71680K, used 5099K [0x0000000795580000, 0x000000079f280000, 0x00000007c0000000)
  eden space 66560K, 0% used [0x0000000795580000,0x0000000795580000,0x0000000799680000)
  from space 5120K, 99% used [0x0000000799680000,0x0000000799b7aef0,0x0000000799b80000)
  to   space 13824K, 0% used [0x000000079e500000,0x000000079e500000,0x000000079f280000)
 ParOldGen       total 87552K, used 16474K [0x0000000740000000, 0x0000000745580000, 0x0000000795580000)
  object space 87552K, 18% used [0x0000000740000000,0x0000000741016b08,0x0000000745580000)
 Metaspace       used 19327K, capacity 19591K, committed 19968K, reserved 1067008K
  class space    used 1954K, capacity 2046K, committed 2048K, reserved 1048576K
}
Event: 10.116 GC heap before
{Heap before GC invocations=6 (full 0):
 PSYoungGen      total 71680K, used 71659K [0x0000000795580000, 0x000000079f280000, 0x00000007c0000000)
  eden space 66560K, 100% used [0x0000000795580000,0x0000000799680000,0x0000000799680000)
  from space 5120K, 99% used [0x0000000799680000,0x0000000799b7aef0,0x0000000799b80000)
  to   space 13824K, 0% used [0x000000079e500000,0x000000079e500000,0x000000079f280000)
 ParOldGen       total 87552K, used 16474K [0x0000000740000000, 0x0000000745580000, 0x0000000795580000)
  object space 87552K, 18% used [0x0000000740000000,0x0000000741016b08,0x0000000745580000)
 Metaspace       used 19438K, capacity 19655K, committed 19968K, reserved 1067008K
  class space    used 1954K, capacity 2046K, committed 2048K, reserved 1048576K
Event: 10.140 GC heap after
Heap after GC invocations=6 (full 0):
 PSYoungGen      total 146432K, used 10327K [0x0000000795580000, 0x000000079f380000, 0x00000007c0000000)
  eden space 132608K, 0% used [0x0000000795580000,0x0000000795580000,0x000000079d700000)
  from space 13824K, 74% used [0x000000079e500000,0x000000079ef15e00,0x000000079f280000)
  to   space 14336K, 0% used [0x000000079d700000,0x000000079d700000,0x000000079e500000)
 ParOldGen       total 87552K, used 16474K [0x0000000740000000, 0x0000000745580000, 0x0000000795580000)
  object space 87552K, 18% used [0x0000000740000000,0x0000000741016b08,0x0000000745580000)
 Metaspace       used 19438K, capacity 19655K, committed 19968K, reserved 1067008K
  class space    used 1954K, capacity 2046K, committed 2048K, reserved 1048576K
}
Event: 12.081 GC heap before
{Heap before GC invocations=7 (full 0):
 PSYoungGen      total 146432K, used 142935K [0x0000000795580000, 0x000000079f380000, 0x00000007c0000000)
  eden space 132608K, 100% used [0x0000000795580000,0x000000079d700000,0x000000079d700000)
  from space 13824K, 74% used [0x000000079e500000,0x000000079ef15e00,0x000000079f280000)
  to   space 14336K, 0% used [0x000000079d700000,0x000000079d700000,0x000000079e500000)
 ParOldGen       total 87552K, used 16474K [0x0000000740000000, 0x0000000745580000, 0x0000000795580000)
  object space 87552K, 18% used [0x0000000740000000,0x0000000741016b08,0x0000000745580000)
 Metaspace       used 19538K, capacity 19723K, committed 19968K, reserved 1067008K
  class space    used 1954K, capacity 2046K, committed 2048K, reserved 1048576K
Event: 12.120 GC heap after
Heap after GC invocations=7 (full 0):
 PSYoungGen      total 146944K, used 12981K [0x0000000795580000, 0x00000007a7680000, 0x00000007c0000000)
  eden space 132608K, 0% used [0x0000000795580000,0x0000000795580000,0x000000079d700000)
  from space 14336K, 90% used [0x000000079d700000,0x000000079e3ad4c8,0x000000079e500000)
  to   space 15360K, 0% used [0x00000007a6780000,0x00000007a6780000,0x00000007a7680000)
 ParOldGen       total 87552K, used 21078K [0x0000000740000000, 0x0000000745580000, 0x0000000795580000)
  object space 87552K, 24% used [0x0000000740000000,0x00000007414959d8,0x0000000745580000)
 Metaspace       used 19538K, capacity 19723K, committed 19968K, reserved 1067008K
  class space    used 1954K, capacity 2046K, committed 2048K, reserved 1048576K
}
Event: 14.589 GC heap before
{Heap before GC invocations=8 (full 0):
 PSYoungGen      total 146944K, used 145589K [0x0000000795580000, 0x00000007a7680000, 0x00000007c0000000)
  eden space 132608K, 100% used [0x0000000795580000,0x000000079d700000,0x000000079d700000)
  from space 14336K, 90% used [0x000000079d700000,0x000000079e3ad4c8,0x000000079e500000)
  to   space 15360K, 0% used [0x00000007a6780000,0x00000007a6780000,0x00000007a7680000)
 ParOldGen       total 87552K, used 21078K [0x0000000740000000, 0x0000000745580000, 0x0000000795580000)
  object space 87552K, 24% used [0x0000000740000000,0x00000007414959d8,0x0000000745580000)
 Metaspace       used 19634K, capacity 19857K, committed 20224K, reserved 1067008K
  class space    used 1955K, capacity 2047K, committed 2048K, reserved 1048576K
Event: 14.610 GC heap after
Heap after GC invocations=8 (full 0):
 PSYoungGen      total 279040K, used 14240K [0x0000000795580000, 0x00000007a7980000, 0x00000007c0000000)
  eden space 263680K, 0% used [0x0000000795580000,0x0000000795580000,0x00000007a5700000)
  from space 15360K, 92% used [0x00000007a6780000,0x00000007a75683b0,0x00000007a7680000)
  to   space 16896K, 0% used [0x00000007a5700000,0x00000007a5700000,0x00000007a6780000)
 ParOldGen       total 87552K, used 21126K [0x0000000740000000, 0x0000000745580000, 0x0000000795580000)
  object space 87552K, 24% used [0x0000000740000000,0x00000007414a19d8,0x0000000745580000)
 Metaspace       used 19634K, capacity 19857K, committed 20224K, reserved 1067008K
  class space    used 1955K, capacity 2047K, committed 2048K, reserved 1048576K
}
Event: 20.308 GC heap before
{Heap before GC invocations=9 (full 0):
 PSYoungGen      total 279040K, used 277920K [0x0000000795580000, 0x00000007a7980000, 0x00000007c0000000)
  eden space 263680K, 100% used [0x0000000795580000,0x00000007a5700000,0x00000007a5700000)
  from space 15360K, 92% used [0x00000007a6780000,0x00000007a75683b0,0x00000007a7680000)
  to   space 16896K, 0% used [0x00000007a5700000,0x00000007a5700000,0x00000007a6780000)
 ParOldGen       total 87552K, used 21126K [0x0000000740000000, 0x0000000745580000, 0x0000000795580000)
  object space 87552K, 24% used [0x0000000740000000,0x00000007414a19d8,0x0000000745580000)
 Metaspace       used 19797K, capacity 20049K, committed 20224K, reserved 1067008K
  class space    used 1955K, capacity 2047K, committed 2048K, reserved 1048576K
Event: 20.325 GC heap after
Heap after GC invocations=9 (full 0):
 PSYoungGen      total 280576K, used 9376K [0x0000000795580000, 0x00000007b1180000, 0x00000007c0000000)
  eden space 263680K, 0% used [0x0000000795580000,0x0000000795580000,0x00000007a5700000)
  from space 16896K, 55% used [0x00000007a5700000,0x00000007a6028240,0x00000007a6780000)
  to   space 16384K, 0% used [0x00000007b0180000,0x00000007b0180000,0x00000007b1180000)
 ParOldGen       total 87552K, used 25558K [0x0000000740000000, 0x0000000745580000, 0x0000000795580000)
  object space 87552K, 29% used [0x0000000740000000,0x00000007418f5ae8,0x0000000745580000)
 Metaspace       used 19797K, capacity 20049K, committed 20224K, reserved 1067008K
  class space    used 1955K, capacity 2047K, committed 2048K, reserved 1048576K
}

