# JRE version: Java(TM) SE Runtime Environment (8.0_111-b14) (build 1.8.0_111-b14)
# Java VM: Java HotSpot(TM) 64-Bit Server VM (25.111-b14 mixed mode bsd-amd64 compressed oops)
Heap:
 PSYoungGen      total 146944K, used 36095K [0x0000000795580000, 0x00000007a4080000, 0x00000007c0000000)
  eden space 133120K, 22% used [0x0000000795580000,0x0000000797313c30,0x000000079d780000)
  from space 13824K, 42% used [0x000000079d780000,0x000000079dd2c170,0x000000079e500000)
  to   space 13824K, 0% used [0x00000007a3300000,0x00000007a3300000,0x00000007a4080000)
 ParOldGen       total 87552K, used 30208K [0x0000000740000000, 0x0000000745580000, 0x0000000795580000)
  object space 87552K, 34% used [0x0000000740000000,0x0000000741d800e8,0x0000000745580000)
 Metaspace       used 19680K, capacity 19857K, committed 20224K, reserved 1067008K
  class space    used 1962K, capacity 2047K, committed 2048K, reserved 1048576K
GC Heap History (10 events):
Event: 6.990 GC heap before
{Heap before GC invocations=5 (full 0):
 PSYoungGen      total 38400K, used 38185K [0x0000000795580000, 0x000000079a080000, 0x00000007c0000000)
  eden space 33280K, 99% used [0x0000000795580000,0x00000007975d2620,0x0000000797600000)
  from space 5120K, 99% used [0x0000000797b00000,0x0000000797ff80a0,0x0000000798000000)
  to   space 5120K, 0% used [0x0000000797600000,0x0000000797600000,0x0000000797b00000)
 ParOldGen       total 87552K, used 16660K [0x0000000740000000, 0x0000000745580000, 0x0000000795580000)
  object space 87552K, 19% used [0x0000000740000000,0x0000000741045068,0x0000000745580000)
 Metaspace       used 19302K, capacity 19527K, committed 19712K, reserved 1067008K
  class space    used 1953K, capacity 2046K, committed 2048K, reserved 1048576K
Event: 7.006 GC heap after
Heap after GC invocations=5 (full 0):
 PSYoungGen      total 38400K, used 5104K [0x0000000795580000, 0x000000079b280000, 0x00000007c0000000)
  eden space 33280K, 0% used [0x0000000795580000,0x0000000795580000,0x0000000797600000)
  from space 5120K, 99% used [0x0000000797600000,0x0000000797afc0b0,0x0000000797b00000)
  to   space 14336K, 0% used [0x000000079a480000,0x000000079a480000,0x000000079b280000)
 ParOldGen       total 87552K, used 20985K [0x0000000740000000, 0x0000000745580000, 0x0000000795580000)
  object space 87552K, 23% used [0x0000000740000000,0x000000074147e7e8,0x0000000745580000)
 Metaspace       used 19302K, capacity 19527K, committed 19712K, reserved 1067008K
  class space    used 1953K, capacity 2046K, committed 2048K, reserved 1048576K
}
Event: 7.356 GC heap before
{Heap before GC invocations=6 (full 0):
 PSYoungGen      total 38400K, used 38384K [0x0000000795580000, 0x000000079b280000, 0x00000007c0000000)
  eden space 33280K, 100% used [0x0000000795580000,0x0000000797600000,0x0000000797600000)
  from space 5120K, 99% used [0x0000000797600000,0x0000000797afc0b0,0x0000000797b00000)
  to   space 14336K, 0% used [0x000000079a480000,0x000000079a480000,0x000000079b280000)
 ParOldGen       total 87552K, used 21243K [0x0000000740000000, 0x0000000745580000, 0x0000000795580000)
  object space 87552K, 24% used [0x0000000740000000,0x00000007414befe0,0x0000000745580000)
 Metaspace       used 19355K, capacity 19591K, committed 19968K, reserved 1067008K
  class space    used 1953K, capacity 2046K, committed 2048K, reserved 1048576K
Event: 7.377 GC heap after
Heap after GC invocations=6 (full 0):
 PSYoungGen      total 79872K, used 9872K [0x0000000795580000, 0x000000079b180000, 0x00000007c0000000)
  eden space 66560K, 0% used [0x0000000795580000,0x0000000795580000,0x0000000799680000)
  from space 13312K, 74% used [0x000000079a480000,0x000000079ae241e0,0x000000079b180000)
  to   space 13824K, 0% used [0x0000000799680000,0x0000000799680000,0x000000079a400000)
 ParOldGen       total 87552K, used 21251K [0x0000000740000000, 0x0000000745580000, 0x0000000795580000)
  object space 87552K, 24% used [0x0000000740000000,0x00000007414c0fe0,0x0000000745580000)
 Metaspace       used 19355K, capacity 19591K, committed 19968K, reserved 1067008K
  class space    used 1953K, capacity 2046K, committed 2048K, reserved 1048576K
}
Event: 8.635 GC heap before
{Heap before GC invocations=7 (full 0):
 PSYoungGen      total 79872K, used 76432K [0x0000000795580000, 0x000000079b180000, 0x00000007c0000000)
  eden space 66560K, 100% used [0x0000000795580000,0x0000000799680000,0x0000000799680000)
  from space 13312K, 74% used [0x000000079a480000,0x000000079ae241e0,0x000000079b180000)
  to   space 13824K, 0% used [0x0000000799680000,0x0000000799680000,0x000000079a400000)
 ParOldGen       total 87552K, used 21251K [0x0000000740000000, 0x0000000745580000, 0x0000000795580000)
  object space 87552K, 24% used [0x0000000740000000,0x00000007414c0fe0,0x0000000745580000)
 Metaspace       used 19472K, capacity 19719K, committed 19968K, reserved 1067008K
  class space    used 1953K, capacity 2046K, committed 2048K, reserved 1048576K
Event: 8.660 GC heap after
Heap after GC invocations=7 (full 0):
 PSYoungGen      total 80384K, used 10784K [0x0000000795580000, 0x000000079f280000, 0x00000007c0000000)
  eden space 66560K, 0% used [0x0000000795580000,0x0000000795580000,0x0000000799680000)
  from space 13824K, 78% used [0x0000000799680000,0x000000079a108250,0x000000079a400000)
  to   space 13824K, 0% used [0x000000079e500000,0x000000079e500000,0x000000079f280000)
 ParOldGen       total 87552K, used 23127K [0x0000000740000000, 0x0000000745580000, 0x0000000795580000)
  object space 87552K, 26% used [0x0000000740000000,0x0000000741695f38,0x0000000745580000)
 Metaspace       used 19472K, capacity 19719K, committed 19968K, reserved 1067008K
  class space    used 1953K, capacity 2046K, committed 2048K, reserved 1048576K
}
Event: 10.150 GC heap before
{Heap before GC invocations=8 (full 0):
 PSYoungGen      total 80384K, used 77219K [0x0000000795580000, 0x000000079f280000, 0x00000007c0000000)
  eden space 66560K, 99% used [0x0000000795580000,0x0000000799660c18,0x0000000799680000)
  from space 13824K, 78% used [0x0000000799680000,0x000000079a108250,0x000000079a400000)
  to   space 13824K, 0% used [0x000000079e500000,0x000000079e500000,0x000000079f280000)
 ParOldGen       total 87552K, used 23127K [0x0000000740000000, 0x0000000745580000, 0x0000000795580000)
  object space 87552K, 26% used [0x0000000740000000,0x0000000741695f38,0x0000000745580000)
 Metaspace       used 19538K, capacity 19723K, committed 19968K, reserved 1067008K
  class space    used 1953K, capacity 2046K, committed 2048K, reserved 1048576K
Event: 10.163 GC heap after
Heap after GC invocations=8 (full 0):
 PSYoungGen      total 146944K, used 10080K [0x0000000795580000, 0x000000079f280000, 0x00000007c0000000)
  eden space 133120K, 0% used [0x0000000795580000,0x0000000795580000,0x000000079d780000)
  from space 13824K, 72% used [0x000000079e500000,0x000000079eed8290,0x000000079f280000)
  to   space 13824K, 0% used [0x000000079d780000,0x000000079d780000,0x000000079e500000)
 ParOldGen       total 87552K, used 25991K [0x0000000740000000, 0x0000000745580000, 0x0000000795580000)
  object space 87552K, 29% used [0x0000000740000000,0x0000000741961f88,0x0000000745580000)
 Metaspace       used 19538K, capacity 19723K, committed 19968K, reserved 1067008K
  class space    used 1953K, capacity 2046K, committed 2048K, reserved 1048576K
}
Event: 13.596 GC heap before
{Heap before GC invocations=9 (full 0):
 PSYoungGen      total 146944K, used 143200K [0x0000000795580000, 0x000000079f280000, 0x00000007c0000000)
  eden space 133120K, 100% used [0x0000000795580000,0x000000079d780000,0x000000079d780000)
  from space 13824K, 72% used [0x000000079e500000,0x000000079eed8290,0x000000079f280000)
  to   space 13824K, 0% used [0x000000079d780000,0x000000079d780000,0x000000079e500000)
 ParOldGen       total 87552K, used 25991K [0x0000000740000000, 0x0000000745580000, 0x0000000795580000)
  object space 87552K, 29% used [0x0000000740000000,0x0000000741961f88,0x0000000745580000)
 Metaspace       used 19641K, capacity 19857K, committed 20224K, reserved 1067008K
  class space    used 1954K, capacity 2047K, committed 2048K, reserved 1048576K
Event: 13.605 GC heap after
Heap after GC invocations=9 (full 0):
 PSYoungGen      total 146944K, used 5808K [0x0000000795580000, 0x00000007a4080000, 0x00000007c0000000)
  eden space 133120K, 0% used [0x0000000795580000,0x0000000795580000,0x000000079d780000)
  from space 13824K, 42% used [0x000000079d780000,0x000000079dd2c170,0x000000079e500000)
  to   space 13824K, 0% used [0x00000007a3300000,0x00000007a3300000,0x00000007a4080000)
 ParOldGen       total 87552K, used 30208K [0x0000000740000000, 0x0000000745580000, 0x0000000795580000)
  object space 87552K, 34% used [0x0000000740000000,0x0000000741d800e8,0x0000000745580000)
 Metaspace       used 19641K, capacity 19857K, committed 20224K, reserved 1067008K
  class space    used 1954K, capacity 2047K, committed 2048K, reserved 1048576K
}

