# JRE version: Java(TM) SE Runtime Environment (8.0_111-b14) (build 1.8.0_111-b14)
# Java VM: Java HotSpot(TM) 64-Bit Server VM (25.111-b14 mixed mode bsd-amd64 compressed oops)
Heap:
 PSYoungGen      total 151552K, used 104341K [0x0000000795580000, 0x00000007a0180000, 0x00000007c0000000)
  eden space 131584K, 67% used [0x0000000795580000,0x000000079ac093f8,0x000000079d600000)
  from space 19968K, 78% used [0x000000079eb00000,0x000000079fa5c138,0x000000079fe80000)
  to   space 21504K, 0% used [0x000000079d600000,0x000000079d600000,0x000000079eb00000)
 ParOldGen       total 87552K, used 28462K [0x0000000740000000, 0x0000000745580000, 0x0000000795580000)
  object space 87552K, 32% used [0x0000000740000000,0x0000000741bcb8a8,0x0000000745580000)
 Metaspace       used 19409K, capacity 19633K, committed 19968K, reserved 1067008K
  class space    used 1917K, capacity 2015K, committed 2048K, reserved 1048576K
GC Heap History (10 events):
Event: 5.485 GC heap before
{Heap before GC invocations=2 (full 0):
 PSYoungGen      total 38400K, used 38268K [0x0000000795580000, 0x0000000798000000, 0x00000007c0000000)
  eden space 33280K, 99% used [0x0000000795580000,0x00000007975e1ee8,0x0000000797600000)
  from space 5120K, 99% used [0x0000000797600000,0x0000000797afd378,0x0000000797b00000)
  to   space 5120K, 0% used [0x0000000797b00000,0x0000000797b00000,0x0000000798000000)
 ParOldGen       total 87552K, used 326K [0x0000000740000000, 0x0000000745580000, 0x0000000795580000)
  object space 87552K, 0% used [0x0000000740000000,0x0000000740051b00,0x0000000745580000)
 Metaspace       used 18665K, capacity 18887K, committed 19200K, reserved 1067008K
  class space    used 1906K, capacity 1982K, committed 2048K, reserved 1048576K
Event: 5.515 GC heap after
Heap after GC invocations=2 (full 0):
 PSYoungGen      total 38400K, used 5114K [0x0000000795580000, 0x000000079a080000, 0x00000007c0000000)
  eden space 33280K, 0% used [0x0000000795580000,0x0000000795580000,0x0000000797600000)
  from space 5120K, 99% used [0x0000000797b00000,0x0000000797ffea28,0x0000000798000000)
  to   space 5120K, 0% used [0x0000000797600000,0x0000000797600000,0x0000000797b00000)
 ParOldGen       total 87552K, used 13711K [0x0000000740000000, 0x0000000745580000, 0x0000000795580000)
  object space 87552K, 15% used [0x0000000740000000,0x0000000740d63ca0,0x0000000745580000)
 Metaspace       used 18665K, capacity 18887K, committed 19200K, reserved 1067008K
  class space    used 1906K, capacity 1982K, committed 2048K, reserved 1048576K
}
Event: 6.084 GC heap before
{Heap before GC invocations=3 (full 0):
 PSYoungGen      total 38400K, used 38394K [0x0000000795580000, 0x000000079a080000, 0x00000007c0000000)
  eden space 33280K, 100% used [0x0000000795580000,0x0000000797600000,0x0000000797600000)
  from space 5120K, 99% used [0x0000000797b00000,0x0000000797ffea28,0x0000000798000000)
  to   space 5120K, 0% used [0x0000000797600000,0x0000000797600000,0x0000000797b00000)
 ParOldGen       total 87552K, used 13971K [0x0000000740000000, 0x0000000745580000, 0x0000000795580000)
  object space 87552K, 15% used [0x0000000740000000,0x0000000740da4d90,0x0000000745580000)
 Metaspace       used 18784K, capacity 19015K, committed 19200K, reserved 1067008K
  class space    used 1907K, capacity 1982K, committed 2048K, reserved 1048576K
Event: 6.099 GC heap after
Heap after GC invocations=3 (full 0):
 PSYoungGen      total 38400K, used 5115K [0x0000000795580000, 0x000000079a080000, 0x00000007c0000000)
  eden space 33280K, 0% used [0x0000000795580000,0x0000000795580000,0x0000000797600000)
  from space 5120K, 99% used [0x0000000797600000,0x0000000797afeec0,0x0000000797b00000)
  to   space 5120K, 0% used [0x0000000799b80000,0x0000000799b80000,0x000000079a080000)
 ParOldGen       total 87552K, used 19965K [0x0000000740000000, 0x0000000745580000, 0x0000000795580000)
  object space 87552K, 22% used [0x0000000740000000,0x000000074137f688,0x0000000745580000)
 Metaspace       used 18784K, capacity 19015K, committed 19200K, reserved 1067008K
  class space    used 1907K, capacity 1982K, committed 2048K, reserved 1048576K
}
Event: 6.100 GC heap before
{Heap before GC invocations=4 (full 0):
 PSYoungGen      total 38400K, used 5226K [0x0000000795580000, 0x000000079a080000, 0x00000007c0000000)
  eden space 33280K, 0% used [0x0000000795580000,0x000000079559bc38,0x0000000797600000)
  from space 5120K, 99% used [0x0000000797600000,0x0000000797afeec0,0x0000000797b00000)
  to   space 5120K, 0% used [0x0000000799b80000,0x0000000799b80000,0x000000079a080000)
 ParOldGen       total 87552K, used 19965K [0x0000000740000000, 0x0000000745580000, 0x0000000795580000)
  object space 87552K, 22% used [0x0000000740000000,0x000000074137f688,0x0000000745580000)
 Metaspace       used 18784K, capacity 19015K, committed 19200K, reserved 1067008K
  class space    used 1907K, capacity 1982K, committed 2048K, reserved 1048576K
Event: 6.114 GC heap after
Heap after GC invocations=4 (full 0):
 PSYoungGen      total 71680K, used 4978K [0x0000000795580000, 0x000000079a080000, 0x00000007c0000000)
  eden space 66560K, 0% used [0x0000000795580000,0x0000000795580000,0x0000000799680000)
  from space 5120K, 97% used [0x0000000799b80000,0x000000079a05ca78,0x000000079a080000)
  to   space 5120K, 0% used [0x0000000799680000,0x0000000799680000,0x0000000799b80000)
 ParOldGen       total 87552K, used 20221K [0x0000000740000000, 0x0000000745580000, 0x0000000795580000)
  object space 87552K, 23% used [0x0000000740000000,0x00000007413bf698,0x0000000745580000)
 Metaspace       used 18784K, capacity 19015K, committed 19200K, reserved 1067008K
  class space    used 1907K, capacity 1982K, committed 2048K, reserved 1048576K
}
Event: 7.869 GC heap before
{Heap before GC invocations=5 (full 0):
 PSYoungGen      total 71680K, used 71538K [0x0000000795580000, 0x000000079a080000, 0x00000007c0000000)
  eden space 66560K, 100% used [0x0000000795580000,0x0000000799680000,0x0000000799680000)
  from space 5120K, 97% used [0x0000000799b80000,0x000000079a05ca78,0x000000079a080000)
  to   space 5120K, 0% used [0x0000000799680000,0x0000000799680000,0x0000000799b80000)
 ParOldGen       total 87552K, used 20221K [0x0000000740000000, 0x0000000745580000, 0x0000000795580000)
  object space 87552K, 23% used [0x0000000740000000,0x00000007413bf698,0x0000000745580000)
 Metaspace       used 19045K, capacity 19281K, committed 19456K, reserved 1067008K
  class space    used 1908K, capacity 1983K, committed 2048K, reserved 1048576K
Event: 7.898 GC heap after
Heap after GC invocations=5 (full 0):
 PSYoungGen      total 71680K, used 5115K [0x0000000795580000, 0x000000079fe80000, 0x00000007c0000000)
  eden space 66560K, 0% used [0x0000000795580000,0x0000000795580000,0x0000000799680000)
  from space 5120K, 99% used [0x0000000799680000,0x0000000799b7eed0,0x0000000799b80000)
  to   space 19968K, 0% used [0x000000079eb00000,0x000000079eb00000,0x000000079fe80000)
 ParOldGen       total 87552K, used 28462K [0x0000000740000000, 0x0000000745580000, 0x0000000795580000)
  object space 87552K, 32% used [0x0000000740000000,0x0000000741bcb8a8,0x0000000745580000)
 Metaspace       used 19045K, capacity 19281K, committed 19456K, reserved 1067008K
  class space    used 1908K, capacity 1983K, committed 2048K, reserved 1048576K
}
Event: 8.767 GC heap before
{Heap before GC invocations=6 (full 0):
 PSYoungGen      total 71680K, used 71429K [0x0000000795580000, 0x000000079fe80000, 0x00000007c0000000)
  eden space 66560K, 99% used [0x0000000795580000,0x00000007996426a0,0x0000000799680000)
  from space 5120K, 99% used [0x0000000799680000,0x0000000799b7eed0,0x0000000799b80000)
  to   space 19968K, 0% used [0x000000079eb00000,0x000000079eb00000,0x000000079fe80000)
 ParOldGen       total 87552K, used 28462K [0x0000000740000000, 0x0000000745580000, 0x0000000795580000)
  object space 87552K, 32% used [0x0000000740000000,0x0000000741bcb8a8,0x0000000745580000)
 Metaspace       used 19209K, capacity 19409K, committed 19712K, reserved 1067008K
  class space    used 1908K, capacity 1983K, committed 2048K, reserved 1048576K
Event: 8.785 GC heap after
Heap after GC invocations=6 (full 0):
 PSYoungGen      total 151552K, used 15728K [0x0000000795580000, 0x00000007a0180000, 0x00000007c0000000)
  eden space 131584K, 0% used [0x0000000795580000,0x0000000795580000,0x000000079d600000)
  from space 19968K, 78% used [0x000000079eb00000,0x000000079fa5c138,0x000000079fe80000)
  to   space 21504K, 0% used [0x000000079d600000,0x000000079d600000,0x000000079eb00000)
 ParOldGen       total 87552K, used 28462K [0x0000000740000000, 0x0000000745580000, 0x0000000795580000)
  object space 87552K, 32% used [0x0000000740000000,0x0000000741bcb8a8,0x0000000745580000)
 Metaspace       used 19209K, capacity 19409K, committed 19712K, reserved 1067008K
  class space    used 1908K, capacity 1983K, committed 2048K, reserved 1048576K
}

