# JRE version: Java(TM) SE Runtime Environment (8.0_111-b14) (build 1.8.0_111-b14)
# Java VM: Java HotSpot(TM) 64-Bit Server VM (25.111-b14 mixed mode bsd-amd64 compressed oops)
Heap:
 PSYoungGen      total 137728K, used 91310K [0x0000000795580000, 0x000000079f400000, 0x00000007c0000000)
  eden space 122368K, 64% used [0x0000000795580000,0x000000079a2b3538,0x000000079cd00000)
  from space 15360K, 79% used [0x000000079e500000,0x000000079f0f82f0,0x000000079f400000)
  to   space 19968K, 0% used [0x000000079cd00000,0x000000079cd00000,0x000000079e080000)
 ParOldGen       total 87552K, used 32744K [0x0000000740000000, 0x0000000745580000, 0x0000000795580000)
  object space 87552K, 37% used [0x0000000740000000,0x0000000741ffa378,0x0000000745580000)
 Metaspace       used 19648K, capacity 19857K, committed 20224K, reserved 1067008K
  class space    used 1906K, capacity 1983K, committed 2048K, reserved 1048576K
GC Heap History (10 events):
Event: 7.736 GC heap before
{Heap before GC invocations=4 (full 0):
 PSYoungGen      total 38400K, used 38384K [0x0000000795580000, 0x000000079a080000, 0x00000007c0000000)
  eden space 33280K, 100% used [0x0000000795580000,0x0000000797600000,0x0000000797600000)
  from space 5120K, 99% used [0x0000000797600000,0x0000000797afc100,0x0000000797b00000)
  to   space 5120K, 0% used [0x0000000799b80000,0x0000000799b80000,0x000000079a080000)
 ParOldGen       total 87552K, used 16669K [0x0000000740000000, 0x0000000745580000, 0x0000000795580000)
  object space 87552K, 19% used [0x0000000740000000,0x0000000741047610,0x0000000745580000)
 Metaspace       used 18888K, capacity 19079K, committed 19456K, reserved 1067008K
  class space    used 1897K, capacity 1982K, committed 2048K, reserved 1048576K
Event: 7.748 GC heap after
Heap after GC invocations=4 (full 0):
 PSYoungGen      total 71680K, used 5088K [0x0000000795580000, 0x000000079a080000, 0x00000007c0000000)
  eden space 66560K, 0% used [0x0000000795580000,0x0000000795580000,0x0000000799680000)
  from space 5120K, 99% used [0x0000000799b80000,0x000000079a0783a0,0x000000079a080000)
  to   space 5120K, 0% used [0x0000000799680000,0x0000000799680000,0x0000000799b80000)
 ParOldGen       total 87552K, used 22301K [0x0000000740000000, 0x0000000745580000, 0x0000000795580000)
  object space 87552K, 25% used [0x0000000740000000,0x00000007415c7770,0x0000000745580000)
 Metaspace       used 18888K, capacity 19079K, committed 19456K, reserved 1067008K
  class space    used 1897K, capacity 1982K, committed 2048K, reserved 1048576K
}
Event: 10.138 GC heap before
{Heap before GC invocations=5 (full 0):
 PSYoungGen      total 71680K, used 71648K [0x0000000795580000, 0x000000079a080000, 0x00000007c0000000)
  eden space 66560K, 100% used [0x0000000795580000,0x0000000799680000,0x0000000799680000)
  from space 5120K, 99% used [0x0000000799b80000,0x000000079a0783a0,0x000000079a080000)
  to   space 5120K, 0% used [0x0000000799680000,0x0000000799680000,0x0000000799b80000)
 ParOldGen       total 87552K, used 22303K [0x0000000740000000, 0x0000000745580000, 0x0000000795580000)
  object space 87552K, 25% used [0x0000000740000000,0x00000007415c7fb8,0x0000000745580000)
 Metaspace       used 19131K, capacity 19345K, committed 19712K, reserved 1067008K
  class space    used 1898K, capacity 1983K, committed 2048K, reserved 1048576K
Event: 10.155 GC heap after
Heap after GC invocations=5 (full 0):
 PSYoungGen      total 71680K, used 5050K [0x0000000795580000, 0x000000079fb80000, 0x00000007c0000000)
  eden space 66560K, 0% used [0x0000000795580000,0x0000000795580000,0x0000000799680000)
  from space 5120K, 98% used [0x0000000799680000,0x0000000799b6eb90,0x0000000799b80000)
  to   space 18432K, 0% used [0x000000079e980000,0x000000079e980000,0x000000079fb80000)
 ParOldGen       total 87552K, used 29480K [0x0000000740000000, 0x0000000745580000, 0x0000000795580000)
  object space 87552K, 33% used [0x0000000740000000,0x0000000741cca178,0x0000000745580000)
 Metaspace       used 19131K, capacity 19345K, committed 19712K, reserved 1067008K
  class space    used 1898K, capacity 1983K, committed 2048K, reserved 1048576K
}
Event: 11.622 GC heap before
{Heap before GC invocations=6 (full 0):
 PSYoungGen      total 71680K, used 71610K [0x0000000795580000, 0x000000079fb80000, 0x00000007c0000000)
  eden space 66560K, 100% used [0x0000000795580000,0x0000000799680000,0x0000000799680000)
  from space 5120K, 98% used [0x0000000799680000,0x0000000799b6eb90,0x0000000799b80000)
  to   space 18432K, 0% used [0x000000079e980000,0x000000079e980000,0x000000079fb80000)
 ParOldGen       total 87552K, used 29480K [0x0000000740000000, 0x0000000745580000, 0x0000000795580000)
  object space 87552K, 33% used [0x0000000740000000,0x0000000741cca178,0x0000000745580000)
 Metaspace       used 19241K, capacity 19473K, committed 19712K, reserved 1067008K
  class space    used 1898K, capacity 1983K, committed 2048K, reserved 1048576K
Event: 11.639 GC heap after
Heap after GC invocations=6 (full 0):
 PSYoungGen      total 150528K, used 13323K [0x0000000795580000, 0x000000079fd80000, 0x00000007c0000000)
  eden space 132096K, 0% used [0x0000000795580000,0x0000000795580000,0x000000079d680000)
  from space 18432K, 72% used [0x000000079e980000,0x000000079f682d80,0x000000079fb80000)
  to   space 19456K, 0% used [0x000000079d680000,0x000000079d680000,0x000000079e980000)
 ParOldGen       total 87552K, used 29488K [0x0000000740000000, 0x0000000745580000, 0x0000000795580000)
  object space 87552K, 33% used [0x0000000740000000,0x0000000741ccc178,0x0000000745580000)
 Metaspace       used 19241K, capacity 19473K, committed 19712K, reserved 1067008K
  class space    used 1898K, capacity 1983K, committed 2048K, reserved 1048576K
}
Event: 21.597 GC heap before
{Heap before GC invocations=7 (full 0):
 PSYoungGen      total 150528K, used 145419K [0x0000000795580000, 0x000000079fd80000, 0x00000007c0000000)
  eden space 132096K, 100% used [0x0000000795580000,0x000000079d680000,0x000000079d680000)
  from space 18432K, 72% used [0x000000079e980000,0x000000079f682d80,0x000000079fb80000)
  to   space 19456K, 0% used [0x000000079d680000,0x000000079d680000,0x000000079e980000)
 ParOldGen       total 87552K, used 29488K [0x0000000740000000, 0x0000000745580000, 0x0000000795580000)
  object space 87552K, 33% used [0x0000000740000000,0x0000000741ccc178,0x0000000745580000)
 Metaspace       used 19553K, capacity 19793K, committed 19968K, reserved 1067008K
  class space    used 1898K, capacity 1983K, committed 2048K, reserved 1048576K
Event: 21.623 GC heap after
Heap after GC invocations=7 (full 0):
 PSYoungGen      total 140288K, used 13232K [0x0000000795580000, 0x000000079f880000, 0x00000007c0000000)
  eden space 126976K, 0% used [0x0000000795580000,0x0000000795580000,0x000000079d180000)
  from space 13312K, 99% used [0x000000079d680000,0x000000079e36c350,0x000000079e380000)
  to   space 19968K, 0% used [0x000000079e500000,0x000000079e500000,0x000000079f880000)
 ParOldGen       total 87552K, used 31928K [0x0000000740000000, 0x0000000745580000, 0x0000000795580000)
  object space 87552K, 36% used [0x0000000740000000,0x0000000741f2e348,0x0000000745580000)
 Metaspace       used 19553K, capacity 19793K, committed 19968K, reserved 1067008K
  class space    used 1898K, capacity 1983K, committed 2048K, reserved 1048576K
}
Event: 32.883 GC heap before
{Heap before GC invocations=8 (full 0):
 PSYoungGen      total 140288K, used 140208K [0x0000000795580000, 0x000000079f880000, 0x00000007c0000000)
  eden space 126976K, 100% used [0x0000000795580000,0x000000079d180000,0x000000079d180000)
  from space 13312K, 99% used [0x000000079d680000,0x000000079e36c350,0x000000079e380000)
  to   space 19968K, 0% used [0x000000079e500000,0x000000079e500000,0x000000079f880000)
 ParOldGen       total 87552K, used 31928K [0x0000000740000000, 0x0000000745580000, 0x0000000795580000)
  object space 87552K, 36% used [0x0000000740000000,0x0000000741f2e348,0x0000000745580000)
 Metaspace       used 19599K, capacity 19793K, committed 19968K, reserved 1067008K
  class space    used 1899K, capacity 1983K, committed 2048K, reserved 1048576K
Event: 32.889 GC heap after
Heap after GC invocations=8 (full 0):
 PSYoungGen      total 137728K, used 12256K [0x0000000795580000, 0x000000079f400000, 0x00000007c0000000)
  eden space 122368K, 0% used [0x0000000795580000,0x0000000795580000,0x000000079cd00000)
  from space 15360K, 79% used [0x000000079e500000,0x000000079f0f82f0,0x000000079f400000)
  to   space 19968K, 0% used [0x000000079cd00000,0x000000079cd00000,0x000000079e080000)
 ParOldGen       total 87552K, used 32744K [0x0000000740000000, 0x0000000745580000, 0x0000000795580000)
  object space 87552K, 37% used [0x0000000740000000,0x0000000741ffa378,0x0000000745580000)
 Metaspace       used 19599K, capacity 19793K, committed 19968K, reserved 1067008K
  class space    used 1899K, capacity 1983K, committed 2048K, reserved 1048576K
}

