# JRE version: Java(TM) SE Runtime Environment (8.0_111-b14) (build 1.8.0_111-b14)
# Java VM: Java HotSpot(TM) 64-Bit Server VM (25.111-b14 mixed mode bsd-amd64 compressed oops)
Heap:
 PSYoungGen      total 69120K, used 18240K [0x0000000795580000, 0x000000079a480000, 0x00000007c0000000)
  eden space 62464K, 29% used [0x0000000795580000,0x00000007967383f8,0x0000000799280000)
  from space 6656K, 1% used [0x0000000799e00000,0x0000000799e18000,0x000000079a480000)
  to   space 9216K, 0% used [0x0000000799280000,0x0000000799280000,0x0000000799b80000)
 ParOldGen       total 87552K, used 53898K [0x0000000740000000, 0x0000000745580000, 0x0000000795580000)
  object space 87552K, 61% used [0x0000000740000000,0x00000007434a28f8,0x0000000745580000)
 Metaspace       used 20246K, capacity 20445K, committed 20864K, reserved 1069056K
  class space    used 1975K, capacity 2049K, committed 2176K, reserved 1048576K
GC Heap History (10 events):
Event: 71.508 GC heap before
{Heap before GC invocations=26 (full 0):
 PSYoungGen      total 73216K, used 72800K [0x0000000795580000, 0x000000079b480000, 0x00000007c0000000)
  eden space 72704K, 100% used [0x0000000795580000,0x0000000799c80000,0x0000000799c80000)
  from space 512K, 18% used [0x0000000799f00000,0x0000000799f18000,0x0000000799f80000)
  to   space 12288K, 0% used [0x000000079a880000,0x000000079a880000,0x000000079b480000)
 ParOldGen       total 87552K, used 53874K [0x0000000740000000, 0x0000000745580000, 0x0000000795580000)
  object space 87552K, 61% used [0x0000000740000000,0x000000074349c8f8,0x0000000745580000)
 Metaspace       used 20208K, capacity 20445K, committed 20864K, reserved 1069056K
  class space    used 1966K, capacity 2049K, committed 2176K, reserved 1048576K
Event: 71.510 GC heap after
Heap after GC invocations=26 (full 0):
 PSYoungGen      total 79872K, used 128K [0x0000000795580000, 0x000000079b180000, 0x00000007c0000000)
  eden space 70656K, 0% used [0x0000000795580000,0x0000000795580000,0x0000000799a80000)
  from space 9216K, 1% used [0x000000079a880000,0x000000079a8a0000,0x000000079b180000)
  to   space 11776K, 0% used [0x0000000799a80000,0x0000000799a80000,0x000000079a600000)
 ParOldGen       total 87552K, used 53890K [0x0000000740000000, 0x0000000745580000, 0x0000000795580000)
  object space 87552K, 61% used [0x0000000740000000,0x00000007434a08f8,0x0000000745580000)
 Metaspace       used 20208K, capacity 20445K, committed 20864K, reserved 1069056K
  class space    used 1966K, capacity 2049K, committed 2176K, reserved 1048576K
}
Event: 73.958 GC heap before
{Heap before GC invocations=27 (full 0):
 PSYoungGen      total 79872K, used 70784K [0x0000000795580000, 0x000000079b180000, 0x00000007c0000000)
  eden space 70656K, 100% used [0x0000000795580000,0x0000000799a80000,0x0000000799a80000)
  from space 9216K, 1% used [0x000000079a880000,0x000000079a8a0000,0x000000079b180000)
  to   space 11776K, 0% used [0x0000000799a80000,0x0000000799a80000,0x000000079a600000)
 ParOldGen       total 87552K, used 53890K [0x0000000740000000, 0x0000000745580000, 0x0000000795580000)
  object space 87552K, 61% used [0x0000000740000000,0x00000007434a08f8,0x0000000745580000)
 Metaspace       used 20208K, capacity 20445K, committed 20864K, reserved 1069056K
  class space    used 1966K, capacity 2049K, committed 2176K, reserved 1048576K
Event: 73.960 GC heap after
Heap after GC invocations=27 (full 0):
 PSYoungGen      total 69120K, used 128K [0x0000000795580000, 0x000000079ae80000, 0x00000007c0000000)
  eden space 68608K, 0% used [0x0000000795580000,0x0000000795580000,0x0000000799880000)
  from space 512K, 25% used [0x0000000799a80000,0x0000000799aa0000,0x0000000799b00000)
  to   space 11264K, 0% used [0x000000079a380000,0x000000079a380000,0x000000079ae80000)
 ParOldGen       total 87552K, used 53890K [0x0000000740000000, 0x0000000745580000, 0x0000000795580000)
  object space 87552K, 61% used [0x0000000740000000,0x00000007434a08f8,0x0000000745580000)
 Metaspace       used 20208K, capacity 20445K, committed 20864K, reserved 1069056K
  class space    used 1966K, capacity 2049K, committed 2176K, reserved 1048576K
}
Event: 76.324 GC heap before
{Heap before GC invocations=28 (full 0):
 PSYoungGen      total 69120K, used 68736K [0x0000000795580000, 0x000000079ae80000, 0x00000007c0000000)
  eden space 68608K, 100% used [0x0000000795580000,0x0000000799880000,0x0000000799880000)
  from space 512K, 25% used [0x0000000799a80000,0x0000000799aa0000,0x0000000799b00000)
  to   space 11264K, 0% used [0x000000079a380000,0x000000079a380000,0x000000079ae80000)
 ParOldGen       total 87552K, used 53890K [0x0000000740000000, 0x0000000745580000, 0x0000000795580000)
  object space 87552K, 61% used [0x0000000740000000,0x00000007434a08f8,0x0000000745580000)
 Metaspace       used 20208K, capacity 20445K, committed 20864K, reserved 1069056K
  class space    used 1966K, capacity 2049K, committed 2176K, reserved 1048576K
Event: 76.326 GC heap after
Heap after GC invocations=28 (full 0):
 PSYoungGen      total 73728K, used 96K [0x0000000795580000, 0x000000079aa80000, 0x00000007c0000000)
  eden space 66560K, 0% used [0x0000000795580000,0x0000000795580000,0x0000000799680000)
  from space 7168K, 1% used [0x000000079a380000,0x000000079a398000,0x000000079aa80000)
  to   space 10240K, 0% used [0x0000000799680000,0x0000000799680000,0x000000079a080000)
 ParOldGen       total 87552K, used 53898K [0x0000000740000000, 0x0000000745580000, 0x0000000795580000)
  object space 87552K, 61% used [0x0000000740000000,0x00000007434a28f8,0x0000000745580000)
 Metaspace       used 20208K, capacity 20445K, committed 20864K, reserved 1069056K
  class space    used 1966K, capacity 2049K, committed 2176K, reserved 1048576K
}
Event: 78.589 GC heap before
{Heap before GC invocations=29 (full 0):
 PSYoungGen      total 73728K, used 66656K [0x0000000795580000, 0x000000079aa80000, 0x00000007c0000000)
  eden space 66560K, 100% used [0x0000000795580000,0x0000000799680000,0x0000000799680000)
  from space 7168K, 1% used [0x000000079a380000,0x000000079a398000,0x000000079aa80000)
  to   space 10240K, 0% used [0x0000000799680000,0x0000000799680000,0x000000079a080000)
 ParOldGen       total 87552K, used 53898K [0x0000000740000000, 0x0000000745580000, 0x0000000795580000)
  object space 87552K, 61% used [0x0000000740000000,0x00000007434a28f8,0x0000000745580000)
 Metaspace       used 20208K, capacity 20445K, committed 20864K, reserved 1069056K
  class space    used 1966K, capacity 2049K, committed 2176K, reserved 1048576K
Event: 78.591 GC heap after
Heap after GC invocations=29 (full 0):
 PSYoungGen      total 65024K, used 128K [0x0000000795580000, 0x000000079a780000, 0x00000007c0000000)
  eden space 64512K, 0% used [0x0000000795580000,0x0000000795580000,0x0000000799480000)
  from space 512K, 25% used [0x0000000799680000,0x00000007996a0000,0x0000000799700000)
  to   space 9728K, 0% used [0x0000000799e00000,0x0000000799e00000,0x000000079a780000)
 ParOldGen       total 87552K, used 53898K [0x0000000740000000, 0x0000000745580000, 0x0000000795580000)
  object space 87552K, 61% used [0x0000000740000000,0x00000007434a28f8,0x0000000745580000)
 Metaspace       used 20208K, capacity 20445K, committed 20864K, reserved 1069056K
  class space    used 1966K, capacity 2049K, committed 2176K, reserved 1048576K
}
Event: 80.842 GC heap before
{Heap before GC invocations=30 (full 0):
 PSYoungGen      total 65024K, used 64640K [0x0000000795580000, 0x000000079a780000, 0x00000007c0000000)
  eden space 64512K, 100% used [0x0000000795580000,0x0000000799480000,0x0000000799480000)
  from space 512K, 25% used [0x0000000799680000,0x00000007996a0000,0x0000000799700000)
  to   space 9728K, 0% used [0x0000000799e00000,0x0000000799e00000,0x000000079a780000)
 ParOldGen       total 87552K, used 53898K [0x0000000740000000, 0x0000000745580000, 0x0000000795580000)
  object space 87552K, 61% used [0x0000000740000000,0x00000007434a28f8,0x0000000745580000)
 Metaspace       used 20210K, capacity 20445K, committed 20864K, reserved 1069056K
  class space    used 1966K, capacity 2049K, committed 2176K, reserved 1048576K
Event: 80.843 GC heap after
Heap after GC invocations=30 (full 0):
 PSYoungGen      total 69120K, used 96K [0x0000000795580000, 0x000000079a480000, 0x00000007c0000000)
  eden space 62464K, 0% used [0x0000000795580000,0x0000000795580000,0x0000000799280000)
  from space 6656K, 1% used [0x0000000799e00000,0x0000000799e18000,0x000000079a480000)
  to   space 9216K, 0% used [0x0000000799280000,0x0000000799280000,0x0000000799b80000)
 ParOldGen       total 87552K, used 53898K [0x0000000740000000, 0x0000000745580000, 0x0000000795580000)
  object space 87552K, 61% used [0x0000000740000000,0x00000007434a28f8,0x0000000745580000)
 Metaspace       used 20210K, capacity 20445K, committed 20864K, reserved 1069056K
  class space    used 1966K, capacity 2049K, committed 2176K, reserved 1048576K
}

