# JRE version: Java(TM) SE Runtime Environment (8.0_111-b14) (build 1.8.0_111-b14)
# Java VM: Java HotSpot(TM) 64-Bit Server VM (25.111-b14 mixed mode bsd-amd64 compressed oops)
Heap:
 PSYoungGen      total 75264K, used 31843K [0x0000000795580000, 0x000000079f200000, 0x00000007c0000000)
  eden space 64512K, 33% used [0x0000000795580000,0x0000000796a64cd8,0x0000000799480000)
  from space 10752K, 97% used [0x000000079e780000,0x000000079f1b42a0,0x000000079f200000)
  to   space 15872K, 0% used [0x000000079d300000,0x000000079d300000,0x000000079e280000)
 ParOldGen       total 87552K, used 24882K [0x0000000740000000, 0x0000000745580000, 0x0000000795580000)
  object space 87552K, 28% used [0x0000000740000000,0x000000074184c930,0x0000000745580000)
 Metaspace       used 19728K, capacity 19921K, committed 20224K, reserved 1067008K
  class space    used 1963K, capacity 2047K, committed 2048K, reserved 1048576K
GC Heap History (10 events):
Event: 7.757 GC heap before
{Heap before GC invocations=4 (full 0):
 PSYoungGen      total 38400K, used 38251K [0x0000000795580000, 0x0000000798000000, 0x00000007c0000000)
  eden space 33280K, 100% used [0x0000000795580000,0x0000000797600000,0x0000000797600000)
  from space 5120K, 97% used [0x0000000797600000,0x0000000797adaed0,0x0000000797b00000)
  to   space 5120K, 0% used [0x0000000797b00000,0x0000000797b00000,0x0000000798000000)
 ParOldGen       total 87552K, used 13548K [0x0000000740000000, 0x0000000745580000, 0x0000000795580000)
  object space 87552K, 15% used [0x0000000740000000,0x0000000740d3b1a8,0x0000000745580000)
 Metaspace       used 19295K, capacity 19463K, committed 19712K, reserved 1067008K
  class space    used 1954K, capacity 2046K, committed 2048K, reserved 1048576K
Event: 7.764 GC heap after
Heap after GC invocations=4 (full 0):
 PSYoungGen      total 38400K, used 5115K [0x0000000795580000, 0x0000000798000000, 0x00000007c0000000)
  eden space 33280K, 0% used [0x0000000795580000,0x0000000795580000,0x0000000797600000)
  from space 5120K, 99% used [0x0000000797b00000,0x0000000797ffeef0,0x0000000798000000)
  to   space 5120K, 0% used [0x0000000797600000,0x0000000797600000,0x0000000797b00000)
 ParOldGen       total 87552K, used 15596K [0x0000000740000000, 0x0000000745580000, 0x0000000795580000)
  object space 87552K, 17% used [0x0000000740000000,0x0000000740f3b088,0x0000000745580000)
 Metaspace       used 19295K, capacity 19463K, committed 19712K, reserved 1067008K
  class space    used 1954K, capacity 2046K, committed 2048K, reserved 1048576K
}
Event: 8.193 GC heap before
{Heap before GC invocations=5 (full 0):
 PSYoungGen      total 38400K, used 38187K [0x0000000795580000, 0x0000000798000000, 0x00000007c0000000)
  eden space 33280K, 99% used [0x0000000795580000,0x00000007975cbe88,0x0000000797600000)
  from space 5120K, 99% used [0x0000000797b00000,0x0000000797ffeef0,0x0000000798000000)
  to   space 5120K, 0% used [0x0000000797600000,0x0000000797600000,0x0000000797b00000)
 ParOldGen       total 87552K, used 15596K [0x0000000740000000, 0x0000000745580000, 0x0000000795580000)
  object space 87552K, 17% used [0x0000000740000000,0x0000000740f3b088,0x0000000745580000)
 Metaspace       used 19346K, capacity 19591K, committed 19968K, reserved 1067008K
  class space    used 1954K, capacity 2046K, committed 2048K, reserved 1048576K
Event: 8.202 GC heap after
Heap after GC invocations=5 (full 0):
 PSYoungGen      total 38400K, used 5115K [0x0000000795580000, 0x000000079b780000, 0x00000007c0000000)
  eden space 33280K, 0% used [0x0000000795580000,0x0000000795580000,0x0000000797600000)
  from space 5120K, 99% used [0x0000000797600000,0x0000000797afeee0,0x0000000797b00000)
  to   space 16896K, 0% used [0x000000079a700000,0x000000079a700000,0x000000079b780000)
 ParOldGen       total 87552K, used 20256K [0x0000000740000000, 0x0000000745580000, 0x0000000795580000)
  object space 87552K, 23% used [0x0000000740000000,0x00000007413c83e0,0x0000000745580000)
 Metaspace       used 19346K, capacity 19591K, committed 19968K, reserved 1067008K
  class space    used 1954K, capacity 2046K, committed 2048K, reserved 1048576K
}
Event: 8.624 GC heap before
{Heap before GC invocations=6 (full 0):
 PSYoungGen      total 38400K, used 38395K [0x0000000795580000, 0x000000079b780000, 0x00000007c0000000)
  eden space 33280K, 100% used [0x0000000795580000,0x0000000797600000,0x0000000797600000)
  from space 5120K, 99% used [0x0000000797600000,0x0000000797afeee0,0x0000000797b00000)
  to   space 16896K, 0% used [0x000000079a700000,0x000000079a700000,0x000000079b780000)
 ParOldGen       total 87552K, used 20512K [0x0000000740000000, 0x0000000745580000, 0x0000000795580000)
  object space 87552K, 23% used [0x0000000740000000,0x00000007414083f0,0x0000000745580000)
 Metaspace       used 19432K, capacity 19591K, committed 19968K, reserved 1067008K
  class space    used 1954K, capacity 2046K, committed 2048K, reserved 1048576K
Event: 8.635 GC heap after
Heap after GC invocations=6 (full 0):
 PSYoungGen      total 83456K, used 11071K [0x0000000795580000, 0x000000079b780000, 0x00000007c0000000)
  eden space 66560K, 0% used [0x0000000795580000,0x0000000795580000,0x0000000799680000)
  from space 16896K, 65% used [0x000000079a700000,0x000000079b1cfc40,0x000000079b780000)
  to   space 16896K, 0% used [0x0000000799680000,0x0000000799680000,0x000000079a700000)
 ParOldGen       total 87552K, used 20512K [0x0000000740000000, 0x0000000745580000, 0x0000000795580000)
  object space 87552K, 23% used [0x0000000740000000,0x00000007414083f0,0x0000000745580000)
 Metaspace       used 19432K, capacity 19591K, committed 19968K, reserved 1067008K
  class space    used 1954K, capacity 2046K, committed 2048K, reserved 1048576K
}
Event: 10.806 GC heap before
{Heap before GC invocations=7 (full 0):
 PSYoungGen      total 83456K, used 77631K [0x0000000795580000, 0x000000079b780000, 0x00000007c0000000)
  eden space 66560K, 100% used [0x0000000795580000,0x0000000799680000,0x0000000799680000)
  from space 16896K, 65% used [0x000000079a700000,0x000000079b1cfc40,0x000000079b780000)
  to   space 16896K, 0% used [0x0000000799680000,0x0000000799680000,0x000000079a700000)
 ParOldGen       total 87552K, used 20515K [0x0000000740000000, 0x0000000745580000, 0x0000000795580000)
  object space 87552K, 23% used [0x0000000740000000,0x0000000741408d00,0x0000000745580000)
 Metaspace       used 19567K, capacity 19793K, committed 19968K, reserved 1067008K
  class space    used 1954K, capacity 2047K, committed 2048K, reserved 1048576K
Event: 10.820 GC heap after
Heap after GC invocations=7 (full 0):
 PSYoungGen      total 83456K, used 10480K [0x0000000795580000, 0x000000079f780000, 0x00000007c0000000)
  eden space 66560K, 0% used [0x0000000795580000,0x0000000795580000,0x0000000799680000)
  from space 16896K, 62% used [0x0000000799680000,0x000000079a0bc2a0,0x000000079a700000)
  to   space 16384K, 0% used [0x000000079e780000,0x000000079e780000,0x000000079f780000)
 ParOldGen       total 87552K, used 24850K [0x0000000740000000, 0x0000000745580000, 0x0000000795580000)
  object space 87552K, 28% used [0x0000000740000000,0x0000000741844930,0x0000000745580000)
 Metaspace       used 19567K, capacity 19793K, committed 19968K, reserved 1067008K
  class space    used 1954K, capacity 2047K, committed 2048K, reserved 1048576K
}
Event: 14.447 GC heap before
{Heap before GC invocations=8 (full 0):
 PSYoungGen      total 83456K, used 77040K [0x0000000795580000, 0x000000079f780000, 0x00000007c0000000)
  eden space 66560K, 100% used [0x0000000795580000,0x0000000799680000,0x0000000799680000)
  from space 16896K, 62% used [0x0000000799680000,0x000000079a0bc2a0,0x000000079a700000)
  to   space 16384K, 0% used [0x000000079e780000,0x000000079e780000,0x000000079f780000)
 ParOldGen       total 87552K, used 24850K [0x0000000740000000, 0x0000000745580000, 0x0000000795580000)
  object space 87552K, 28% used [0x0000000740000000,0x0000000741844930,0x0000000745580000)
 Metaspace       used 19660K, capacity 19857K, committed 20224K, reserved 1067008K
  class space    used 1955K, capacity 2047K, committed 2048K, reserved 1048576K
Event: 14.455 GC heap after
Heap after GC invocations=8 (full 0):
 PSYoungGen      total 75264K, used 10448K [0x0000000795580000, 0x000000079f200000, 0x00000007c0000000)
  eden space 64512K, 0% used [0x0000000795580000,0x0000000795580000,0x0000000799480000)
  from space 10752K, 97% used [0x000000079e780000,0x000000079f1b42a0,0x000000079f200000)
  to   space 15872K, 0% used [0x000000079d300000,0x000000079d300000,0x000000079e280000)
 ParOldGen       total 87552K, used 24882K [0x0000000740000000, 0x0000000745580000, 0x0000000795580000)
  object space 87552K, 28% used [0x0000000740000000,0x000000074184c930,0x0000000745580000)
 Metaspace       used 19660K, capacity 19857K, committed 20224K, reserved 1067008K
  class space    used 1955K, capacity 2047K, committed 2048K, reserved 1048576K
}

