# JRE version: Java(TM) SE Runtime Environment (8.0_111-b14) (build 1.8.0_111-b14)
# Java VM: Java HotSpot(TM) 64-Bit Server VM (25.111-b14 mixed mode bsd-amd64 compressed oops)
Heap:
 PSYoungGen      total 465920K, used 431975K [0x0000000795580000, 0x00000007bde80000, 0x00000007c0000000)
  eden space 449024K, 96% used [0x0000000795580000,0x00000007afb39e08,0x00000007b0c00000)
  from space 16896K, 0% used [0x00000007bbd80000,0x00000007bbda0000,0x00000007bce00000)
  to   space 16384K, 0% used [0x00000007bce80000,0x00000007bce80000,0x00000007bde80000)
 ParOldGen       total 87552K, used 41480K [0x0000000740000000, 0x0000000745580000, 0x0000000795580000)
  object space 87552K, 47% used [0x0000000740000000,0x00000007428823f8,0x0000000745580000)
 Metaspace       used 20200K, capacity 20433K, committed 20736K, reserved 1069056K
  class space    used 1975K, capacity 2047K, committed 2048K, reserved 1048576K
GC Heap History (10 events):
Event: 29.997 GC heap before
{Heap before GC invocations=15 (full 0):
 PSYoungGen      total 560640K, used 542848K [0x0000000795580000, 0x00000007b8a80000, 0x00000007c0000000)
  eden space 542720K, 100% used [0x0000000795580000,0x00000007b6780000,0x00000007b6780000)
  from space 17920K, 0% used [0x00000007b7900000,0x00000007b7920000,0x00000007b8a80000)
  to   space 17920K, 0% used [0x00000007b6780000,0x00000007b6780000,0x00000007b7900000)
 ParOldGen       total 87552K, used 41304K [0x0000000740000000, 0x0000000745580000, 0x0000000795580000)
  object space 87552K, 47% used [0x0000000740000000,0x00000007428563f8,0x0000000745580000)
 Metaspace       used 20115K, capacity 20305K, committed 20480K, reserved 1067008K
  class space    used 1967K, capacity 2047K, committed 2048K, reserved 1048576K
Event: 29.998 GC heap after
Heap after GC invocations=15 (full 0):
 PSYoungGen      total 560640K, used 128K [0x0000000795580000, 0x00000007c0000000, 0x00000007c0000000)
  eden space 542720K, 0% used [0x0000000795580000,0x0000000795580000,0x00000007b6780000)
  from space 17920K, 0% used [0x00000007b6780000,0x00000007b67a0000,0x00000007b7900000)
  to   space 17920K, 0% used [0x00000007bee80000,0x00000007bee80000,0x00000007c0000000)
 ParOldGen       total 87552K, used 41352K [0x0000000740000000, 0x0000000745580000, 0x0000000795580000)
  object space 87552K, 47% used [0x0000000740000000,0x00000007428623f8,0x0000000745580000)
 Metaspace       used 20115K, capacity 20305K, committed 20480K, reserved 1067008K
  class space    used 1967K, capacity 2047K, committed 2048K, reserved 1048576K
}
Event: 36.245 GC heap before
{Heap before GC invocations=16 (full 0):
 PSYoungGen      total 560640K, used 542848K [0x0000000795580000, 0x00000007c0000000, 0x00000007c0000000)
  eden space 542720K, 100% used [0x0000000795580000,0x00000007b6780000,0x00000007b6780000)
  from space 17920K, 0% used [0x00000007b6780000,0x00000007b67a0000,0x00000007b7900000)
  to   space 17920K, 0% used [0x00000007bee80000,0x00000007bee80000,0x00000007c0000000)
 ParOldGen       total 87552K, used 41352K [0x0000000740000000, 0x0000000745580000, 0x0000000795580000)
  object space 87552K, 47% used [0x0000000740000000,0x00000007428623f8,0x0000000745580000)
 Metaspace       used 20142K, capacity 20305K, committed 20480K, reserved 1067008K
  class space    used 1967K, capacity 2047K, committed 2048K, reserved 1048576K
Event: 36.246 GC heap after
Heap after GC invocations=16 (full 0):
 PSYoungGen      total 518144K, used 96K [0x0000000795580000, 0x00000007bef00000, 0x00000007c0000000)
  eden space 517632K, 0% used [0x0000000795580000,0x0000000795580000,0x00000007b4f00000)
  from space 512K, 18% used [0x00000007bee80000,0x00000007bee98000,0x00000007bef00000)
  to   space 17408K, 0% used [0x00000007bcd00000,0x00000007bcd00000,0x00000007bde00000)
 ParOldGen       total 87552K, used 41408K [0x0000000740000000, 0x0000000745580000, 0x0000000795580000)
  object space 87552K, 47% used [0x0000000740000000,0x00000007428703f8,0x0000000745580000)
 Metaspace       used 20142K, capacity 20305K, committed 20480K, reserved 1067008K
  class space    used 1967K, capacity 2047K, committed 2048K, reserved 1048576K
}
Event: 42.812 GC heap before
{Heap before GC invocations=17 (full 0):
 PSYoungGen      total 518144K, used 517728K [0x0000000795580000, 0x00000007bef00000, 0x00000007c0000000)
  eden space 517632K, 100% used [0x0000000795580000,0x00000007b4f00000,0x00000007b4f00000)
  from space 512K, 18% used [0x00000007bee80000,0x00000007bee98000,0x00000007bef00000)
  to   space 17408K, 0% used [0x00000007bcd00000,0x00000007bcd00000,0x00000007bde00000)
 ParOldGen       total 87552K, used 41408K [0x0000000740000000, 0x0000000745580000, 0x0000000795580000)
  object space 87552K, 47% used [0x0000000740000000,0x00000007428703f8,0x0000000745580000)
 Metaspace       used 20153K, capacity 20369K, committed 20736K, reserved 1069056K
  class space    used 1967K, capacity 2047K, committed 2048K, reserved 1048576K
Event: 42.814 GC heap after
Heap after GC invocations=17 (full 0):
 PSYoungGen      total 510976K, used 128K [0x0000000795580000, 0x00000007bef00000, 0x00000007c0000000)
  eden space 493568K, 0% used [0x0000000795580000,0x0000000795580000,0x00000007b3780000)
  from space 17408K, 0% used [0x00000007bcd00000,0x00000007bcd20000,0x00000007bde00000)
  to   space 17408K, 0% used [0x00000007bde00000,0x00000007bde00000,0x00000007bef00000)
 ParOldGen       total 87552K, used 41440K [0x0000000740000000, 0x0000000745580000, 0x0000000795580000)
  object space 87552K, 47% used [0x0000000740000000,0x00000007428783f8,0x0000000745580000)
 Metaspace       used 20153K, capacity 20369K, committed 20736K, reserved 1069056K
  class space    used 1967K, capacity 2047K, committed 2048K, reserved 1048576K
}
Event: 48.964 GC heap before
{Heap before GC invocations=18 (full 0):
 PSYoungGen      total 510976K, used 493696K [0x0000000795580000, 0x00000007bef00000, 0x00000007c0000000)
  eden space 493568K, 100% used [0x0000000795580000,0x00000007b3780000,0x00000007b3780000)
  from space 17408K, 0% used [0x00000007bcd00000,0x00000007bcd20000,0x00000007bde00000)
  to   space 17408K, 0% used [0x00000007bde00000,0x00000007bde00000,0x00000007bef00000)
 ParOldGen       total 87552K, used 41440K [0x0000000740000000, 0x0000000745580000, 0x0000000795580000)
  object space 87552K, 47% used [0x0000000740000000,0x00000007428783f8,0x0000000745580000)
 Metaspace       used 20153K, capacity 20369K, committed 20736K, reserved 1069056K
  class space    used 1967K, capacity 2047K, committed 2048K, reserved 1048576K
Event: 48.966 GC heap after
Heap after GC invocations=18 (full 0):
 PSYoungGen      total 471040K, used 128K [0x0000000795580000, 0x00000007bde80000, 0x00000007c0000000)
  eden space 470528K, 0% used [0x0000000795580000,0x0000000795580000,0x00000007b2100000)
  from space 512K, 25% used [0x00000007bde00000,0x00000007bde20000,0x00000007bde80000)
  to   space 16896K, 0% used [0x00000007bbd80000,0x00000007bbd80000,0x00000007bce00000)
 ParOldGen       total 87552K, used 41464K [0x0000000740000000, 0x0000000745580000, 0x0000000795580000)
  object space 87552K, 47% used [0x0000000740000000,0x000000074287e3f8,0x0000000745580000)
 Metaspace       used 20153K, capacity 20369K, committed 20736K, reserved 1069056K
  class space    used 1967K, capacity 2047K, committed 2048K, reserved 1048576K
}
Event: 54.946 GC heap before
{Heap before GC invocations=19 (full 0):
 PSYoungGen      total 471040K, used 470656K [0x0000000795580000, 0x00000007bde80000, 0x00000007c0000000)
  eden space 470528K, 100% used [0x0000000795580000,0x00000007b2100000,0x00000007b2100000)
  from space 512K, 25% used [0x00000007bde00000,0x00000007bde20000,0x00000007bde80000)
  to   space 16896K, 0% used [0x00000007bbd80000,0x00000007bbd80000,0x00000007bce00000)
 ParOldGen       total 87552K, used 41464K [0x0000000740000000, 0x0000000745580000, 0x0000000795580000)
  object space 87552K, 47% used [0x0000000740000000,0x000000074287e3f8,0x0000000745580000)
 Metaspace       used 20153K, capacity 20369K, committed 20736K, reserved 1069056K
  class space    used 1967K, capacity 2047K, committed 2048K, reserved 1048576K
Event: 54.948 GC heap after
Heap after GC invocations=19 (full 0):
 PSYoungGen      total 465920K, used 128K [0x0000000795580000, 0x00000007bde80000, 0x00000007c0000000)
  eden space 449024K, 0% used [0x0000000795580000,0x0000000795580000,0x00000007b0c00000)
  from space 16896K, 0% used [0x00000007bbd80000,0x00000007bbda0000,0x00000007bce00000)
  to   space 16384K, 0% used [0x00000007bce80000,0x00000007bce80000,0x00000007bde80000)
 ParOldGen       total 87552K, used 41480K [0x0000000740000000, 0x0000000745580000, 0x0000000795580000)
  object space 87552K, 47% used [0x0000000740000000,0x00000007428823f8,0x0000000745580000)
 Metaspace       used 20153K, capacity 20369K, committed 20736K, reserved 1069056K
  class space    used 1967K, capacity 2047K, committed 2048K, reserved 1048576K
}

