# JRE version: Java(TM) SE Runtime Environment (8.0_111-b14) (build 1.8.0_111-b14)
# Java VM: Java HotSpot(TM) 64-Bit Server VM (25.111-b14 mixed mode bsd-amd64 compressed oops)
Heap:
 PSYoungGen      total 282624K, used 70601K [0x0000000795580000, 0x00000007a8180000, 0x00000007c0000000)
  eden space 262656K, 20% used [0x0000000795580000,0x0000000798ac6408,0x00000007a5600000)
  from space 19968K, 80% used [0x00000007a6b00000,0x00000007a7aac3e0,0x00000007a7e80000)
  to   space 21504K, 0% used [0x00000007a5600000,0x00000007a5600000,0x00000007a6b00000)
 ParOldGen       total 87552K, used 31436K [0x0000000740000000, 0x0000000745580000, 0x0000000795580000)
  object space 87552K, 35% used [0x0000000740000000,0x0000000741eb3270,0x0000000745580000)
 Metaspace       used 19752K, capacity 19965K, committed 20224K, reserved 1067008K
  class space    used 1940K, capacity 2017K, committed 2048K, reserved 1048576K
GC Heap History (10 events):
Event: 6.972 GC heap before
{Heap before GC invocations=4 (full 0):
 PSYoungGen      total 38400K, used 38259K [0x0000000795580000, 0x000000079a080000, 0x00000007c0000000)
  eden space 33280K, 99% used [0x0000000795580000,0x00000007975e0d48,0x0000000797600000)
  from space 5120K, 99% used [0x0000000797600000,0x0000000797afc0e0,0x0000000797b00000)
  to   space 5120K, 0% used [0x0000000799b80000,0x0000000799b80000,0x000000079a080000)
 ParOldGen       total 87552K, used 18352K [0x0000000740000000, 0x0000000745580000, 0x0000000795580000)
  object space 87552K, 20% used [0x0000000740000000,0x00000007411ec1a0,0x0000000745580000)
 Metaspace       used 18895K, capacity 19117K, committed 19456K, reserved 1067008K
  class space    used 1913K, capacity 2015K, committed 2048K, reserved 1048576K
Event: 6.990 GC heap after
Heap after GC invocations=4 (full 0):
 PSYoungGen      total 71680K, used 4986K [0x0000000795580000, 0x000000079a080000, 0x00000007c0000000)
  eden space 66560K, 0% used [0x0000000795580000,0x0000000795580000,0x0000000799680000)
  from space 5120K, 97% used [0x0000000799b80000,0x000000079a05eba0,0x000000079a080000)
  to   space 5120K, 0% used [0x0000000799680000,0x0000000799680000,0x0000000799b80000)
 ParOldGen       total 87552K, used 23480K [0x0000000740000000, 0x0000000745580000, 0x0000000795580000)
  object space 87552K, 26% used [0x0000000740000000,0x00000007416ee2e0,0x0000000745580000)
 Metaspace       used 18895K, capacity 19117K, committed 19456K, reserved 1067008K
  class space    used 1913K, capacity 2015K, committed 2048K, reserved 1048576K
}
Event: 9.863 GC heap before
{Heap before GC invocations=5 (full 0):
 PSYoungGen      total 71680K, used 71546K [0x0000000795580000, 0x000000079a080000, 0x00000007c0000000)
  eden space 66560K, 100% used [0x0000000795580000,0x0000000799680000,0x0000000799680000)
  from space 5120K, 97% used [0x0000000799b80000,0x000000079a05eba0,0x000000079a080000)
  to   space 5120K, 0% used [0x0000000799680000,0x0000000799680000,0x0000000799b80000)
 ParOldGen       total 87552K, used 23483K [0x0000000740000000, 0x0000000745580000, 0x0000000795580000)
  object space 87552K, 26% used [0x0000000740000000,0x00000007416eec80,0x0000000745580000)
 Metaspace       used 19161K, capacity 19441K, committed 19712K, reserved 1067008K
  class space    used 1914K, capacity 2015K, committed 2048K, reserved 1048576K
Event: 9.879 GC heap after
Heap after GC invocations=5 (full 0):
 PSYoungGen      total 71680K, used 5104K [0x0000000795580000, 0x000000079f980000, 0x00000007c0000000)
  eden space 66560K, 0% used [0x0000000795580000,0x0000000795580000,0x0000000799680000)
  from space 5120K, 99% used [0x0000000799680000,0x0000000799b7c0e0,0x0000000799b80000)
  to   space 17408K, 0% used [0x000000079e880000,0x000000079e880000,0x000000079f980000)
 ParOldGen       total 87552K, used 28227K [0x0000000740000000, 0x0000000745580000, 0x0000000795580000)
  object space 87552K, 32% used [0x0000000740000000,0x0000000741b90db0,0x0000000745580000)
 Metaspace       used 19161K, capacity 19441K, committed 19712K, reserved 1067008K
  class space    used 1914K, capacity 2015K, committed 2048K, reserved 1048576K
}
Event: 11.872 GC heap before
{Heap before GC invocations=6 (full 0):
 PSYoungGen      total 71680K, used 71664K [0x0000000795580000, 0x000000079f980000, 0x00000007c0000000)
  eden space 66560K, 100% used [0x0000000795580000,0x0000000799680000,0x0000000799680000)
  from space 5120K, 99% used [0x0000000799680000,0x0000000799b7c0e0,0x0000000799b80000)
  to   space 17408K, 0% used [0x000000079e880000,0x000000079e880000,0x000000079f980000)
 ParOldGen       total 87552K, used 28227K [0x0000000740000000, 0x0000000745580000, 0x0000000795580000)
  object space 87552K, 32% used [0x0000000740000000,0x0000000741b90db0,0x0000000745580000)
 Metaspace       used 19295K, capacity 19505K, committed 19712K, reserved 1067008K
  class space    used 1914K, capacity 2015K, committed 2048K, reserved 1048576K
Event: 11.895 GC heap after
Heap after GC invocations=6 (full 0):
 PSYoungGen      total 149504K, used 13248K [0x0000000795580000, 0x000000079fb80000, 0x00000007c0000000)
  eden space 132096K, 0% used [0x0000000795580000,0x0000000795580000,0x000000079d680000)
  from space 17408K, 76% used [0x000000079e880000,0x000000079f5702e0,0x000000079f980000)
  to   space 18432K, 0% used [0x000000079d680000,0x000000079d680000,0x000000079e880000)
 ParOldGen       total 87552K, used 28227K [0x0000000740000000, 0x0000000745580000, 0x0000000795580000)
  object space 87552K, 32% used [0x0000000740000000,0x0000000741b90db0,0x0000000745580000)
 Metaspace       used 19295K, capacity 19505K, committed 19712K, reserved 1067008K
  class space    used 1914K, capacity 2015K, committed 2048K, reserved 1048576K
}
Event: 19.386 GC heap before
{Heap before GC invocations=7 (full 0):
 PSYoungGen      total 149504K, used 145344K [0x0000000795580000, 0x000000079fb80000, 0x00000007c0000000)
  eden space 132096K, 100% used [0x0000000795580000,0x000000079d680000,0x000000079d680000)
  from space 17408K, 76% used [0x000000079e880000,0x000000079f5702e0,0x000000079f980000)
  to   space 18432K, 0% used [0x000000079d680000,0x000000079d680000,0x000000079e880000)
 ParOldGen       total 87552K, used 28227K [0x0000000740000000, 0x0000000745580000, 0x0000000795580000)
  object space 87552K, 32% used [0x0000000740000000,0x0000000741b90db0,0x0000000745580000)
 Metaspace       used 19600K, capacity 19837K, committed 19968K, reserved 1067008K
  class space    used 1932K, capacity 2017K, committed 2048K, reserved 1048576K
Event: 19.420 GC heap after
Heap after GC invocations=7 (full 0):
 PSYoungGen      total 150528K, used 15856K [0x0000000795580000, 0x00000007a7e80000, 0x00000007c0000000)
  eden space 132096K, 0% used [0x0000000795580000,0x0000000795580000,0x000000079d680000)
  from space 18432K, 86% used [0x000000079d680000,0x000000079e5fc3d0,0x000000079e880000)
  to   space 19968K, 0% used [0x00000007a6b00000,0x00000007a6b00000,0x00000007a7e80000)
 ParOldGen       total 87552K, used 31140K [0x0000000740000000, 0x0000000745580000, 0x0000000795580000)
  object space 87552K, 35% used [0x0000000740000000,0x0000000741e69260,0x0000000745580000)
 Metaspace       used 19600K, capacity 19837K, committed 19968K, reserved 1067008K
  class space    used 1932K, capacity 2017K, committed 2048K, reserved 1048576K
}
Event: 28.242 GC heap before
{Heap before GC invocations=8 (full 0):
 PSYoungGen      total 150528K, used 147952K [0x0000000795580000, 0x00000007a7e80000, 0x00000007c0000000)
  eden space 132096K, 100% used [0x0000000795580000,0x000000079d680000,0x000000079d680000)
  from space 18432K, 86% used [0x000000079d680000,0x000000079e5fc3d0,0x000000079e880000)
  to   space 19968K, 0% used [0x00000007a6b00000,0x00000007a6b00000,0x00000007a7e80000)
 ParOldGen       total 87552K, used 31140K [0x0000000740000000, 0x0000000745580000, 0x0000000795580000)
  object space 87552K, 35% used [0x0000000740000000,0x0000000741e69260,0x0000000745580000)
 Metaspace       used 19704K, capacity 19901K, committed 20224K, reserved 1067008K
  class space    used 1932K, capacity 2017K, committed 2048K, reserved 1048576K
Event: 28.255 GC heap after
Heap after GC invocations=8 (full 0):
 PSYoungGen      total 282624K, used 16048K [0x0000000795580000, 0x00000007a8180000, 0x00000007c0000000)
  eden space 262656K, 0% used [0x0000000795580000,0x0000000795580000,0x00000007a5600000)
  from space 19968K, 80% used [0x00000007a6b00000,0x00000007a7aac3e0,0x00000007a7e80000)
  to   space 21504K, 0% used [0x00000007a5600000,0x00000007a5600000,0x00000007a6b00000)
 ParOldGen       total 87552K, used 31436K [0x0000000740000000, 0x0000000745580000, 0x0000000795580000)
  object space 87552K, 35% used [0x0000000740000000,0x0000000741eb3270,0x0000000745580000)
 Metaspace       used 19704K, capacity 19901K, committed 20224K, reserved 1067008K
  class space    used 1932K, capacity 2017K, committed 2048K, reserved 1048576K
}

