# JRE version: Java(TM) SE Runtime Environment (8.0_111-b14) (build 1.8.0_111-b14)
# Java VM: Java HotSpot(TM) 64-Bit Server VM (25.111-b14 mixed mode bsd-amd64 compressed oops)
Heap:
 PSYoungGen      total 132096K, used 104366K [0x0000000795580000, 0x000000079ef00000, 0x00000007c0000000)
  eden space 114176K, 91% used [0x0000000795580000,0x000000079bb53940,0x000000079c500000)
  from space 17920K, 0% used [0x000000079dd80000,0x000000079dd98000,0x000000079ef00000)
  to   space 21504K, 0% used [0x000000079c500000,0x000000079c500000,0x000000079da00000)
 ParOldGen       total 87552K, used 43511K [0x0000000740000000, 0x0000000745580000, 0x0000000795580000)
  object space 87552K, 49% used [0x0000000740000000,0x0000000742a7de68,0x0000000745580000)
 Metaspace       used 19633K, capacity 19889K, committed 20224K, reserved 1067008K
  class space    used 1917K, capacity 2015K, committed 2048K, reserved 1048576K
GC Heap History (10 events):
Event: 13.327 GC heap before
{Heap before GC invocations=6 (full 0):
 PSYoungGen      total 71680K, used 71666K [0x0000000795580000, 0x000000079fb80000, 0x00000007c0000000)
  eden space 66560K, 100% used [0x0000000795580000,0x0000000799680000,0x0000000799680000)
  from space 5120K, 99% used [0x0000000799680000,0x0000000799b7c978,0x0000000799b80000)
  to   space 18432K, 0% used [0x000000079e980000,0x000000079e980000,0x000000079fb80000)
 ParOldGen       total 87552K, used 24584K [0x0000000740000000, 0x0000000745580000, 0x0000000795580000)
  object space 87552K, 28% used [0x0000000740000000,0x0000000741802140,0x0000000745580000)
 Metaspace       used 19228K, capacity 19441K, committed 19712K, reserved 1067008K
  class space    used 1909K, capacity 2015K, committed 2048K, reserved 1048576K
Event: 13.340 GC heap after
Heap after GC invocations=6 (full 0):
 PSYoungGen      total 149504K, used 7936K [0x0000000795580000, 0x000000079f980000, 0x00000007c0000000)
  eden space 133120K, 0% used [0x0000000795580000,0x0000000795580000,0x000000079d780000)
  from space 16384K, 48% used [0x000000079e980000,0x000000079f1401b0,0x000000079f980000)
  to   space 17408K, 0% used [0x000000079d780000,0x000000079d780000,0x000000079e880000)
 ParOldGen       total 87552K, used 24592K [0x0000000740000000, 0x0000000745580000, 0x0000000795580000)
  object space 87552K, 28% used [0x0000000740000000,0x0000000741804140,0x0000000745580000)
 Metaspace       used 19228K, capacity 19441K, committed 19712K, reserved 1067008K
  class space    used 1909K, capacity 2015K, committed 2048K, reserved 1048576K
}
Event: 18.804 GC heap before
{Heap before GC invocations=7 (full 0):
 PSYoungGen      total 149504K, used 141056K [0x0000000795580000, 0x000000079f980000, 0x00000007c0000000)
  eden space 133120K, 100% used [0x0000000795580000,0x000000079d780000,0x000000079d780000)
  from space 16384K, 48% used [0x000000079e980000,0x000000079f1401b0,0x000000079f980000)
  to   space 17408K, 0% used [0x000000079d780000,0x000000079d780000,0x000000079e880000)
 ParOldGen       total 87552K, used 24592K [0x0000000740000000, 0x0000000745580000, 0x0000000795580000)
  object space 87552K, 28% used [0x0000000740000000,0x0000000741804140,0x0000000745580000)
 Metaspace       used 19502K, capacity 19697K, committed 19968K, reserved 1067008K
  class space    used 1909K, capacity 2015K, committed 2048K, reserved 1048576K
Event: 18.844 GC heap after
Heap after GC invocations=7 (full 0):
 PSYoungGen      total 143872K, used 15392K [0x0000000795580000, 0x000000079f880000, 0x00000007c0000000)
  eden space 128000K, 0% used [0x0000000795580000,0x0000000795580000,0x000000079d280000)
  from space 15872K, 96% used [0x000000079d780000,0x000000079e6883e0,0x000000079e700000)
  to   space 17920K, 0% used [0x000000079e700000,0x000000079e700000,0x000000079f880000)
 ParOldGen       total 87552K, used 26918K [0x0000000740000000, 0x0000000745580000, 0x0000000795580000)
  object space 87552K, 30% used [0x0000000740000000,0x0000000741a49a68,0x0000000745580000)
 Metaspace       used 19502K, capacity 19697K, committed 19968K, reserved 1067008K
  class space    used 1909K, capacity 2015K, committed 2048K, reserved 1048576K
}
Event: 27.471 GC heap before
{Heap before GC invocations=8 (full 0):
 PSYoungGen      total 143872K, used 143392K [0x0000000795580000, 0x000000079f880000, 0x00000007c0000000)
  eden space 128000K, 100% used [0x0000000795580000,0x000000079d280000,0x000000079d280000)
  from space 15872K, 96% used [0x000000079d780000,0x000000079e6883e0,0x000000079e700000)
  to   space 17920K, 0% used [0x000000079e700000,0x000000079e700000,0x000000079f880000)
 ParOldGen       total 87552K, used 26918K [0x0000000740000000, 0x0000000745580000, 0x0000000795580000)
  object space 87552K, 30% used [0x0000000740000000,0x0000000741a49a68,0x0000000745580000)
 Metaspace       used 19596K, capacity 19825K, committed 19968K, reserved 1067008K
  class space    used 1910K, capacity 2015K, committed 2048K, reserved 1048576K
Event: 27.481 GC heap after
Heap after GC invocations=8 (full 0):
 PSYoungGen      total 140288K, used 16657K [0x0000000795580000, 0x000000079f780000, 0x00000007c0000000)
  eden space 123392K, 0% used [0x0000000795580000,0x0000000795580000,0x000000079ce00000)
  from space 16896K, 98% used [0x000000079e700000,0x000000079f744410,0x000000079f780000)
  to   space 20992K, 0% used [0x000000079ce80000,0x000000079ce80000,0x000000079e300000)
 ParOldGen       total 87552K, used 26966K [0x0000000740000000, 0x0000000745580000, 0x0000000795580000)
  object space 87552K, 30% used [0x0000000740000000,0x0000000741a55a68,0x0000000745580000)
 Metaspace       used 19596K, capacity 19825K, committed 19968K, reserved 1067008K
  class space    used 1910K, capacity 2015K, committed 2048K, reserved 1048576K
}
Event: 36.915 GC heap before
{Heap before GC invocations=9 (full 0):
 PSYoungGen      total 140288K, used 140049K [0x0000000795580000, 0x000000079f780000, 0x00000007c0000000)
  eden space 123392K, 100% used [0x0000000795580000,0x000000079ce00000,0x000000079ce00000)
  from space 16896K, 98% used [0x000000079e700000,0x000000079f744410,0x000000079f780000)
  to   space 20992K, 0% used [0x000000079ce80000,0x000000079ce80000,0x000000079e300000)
 ParOldGen       total 87552K, used 26966K [0x0000000740000000, 0x0000000745580000, 0x0000000795580000)
  object space 87552K, 30% used [0x0000000740000000,0x0000000741a55a68,0x0000000745580000)
 Metaspace       used 19602K, capacity 19825K, committed 19968K, reserved 1067008K
  class space    used 1910K, capacity 2015K, committed 2048K, reserved 1048576K
Event: 36.923 GC heap after
Heap after GC invocations=9 (full 0):
 PSYoungGen      total 130560K, used 11712K [0x0000000795580000, 0x000000079f180000, 0x00000007c0000000)
  eden space 118784K, 0% used [0x0000000795580000,0x0000000795580000,0x000000079c980000)
  from space 11776K, 99% used [0x000000079ce80000,0x000000079d9f02d0,0x000000079da00000)
  to   space 20480K, 0% used [0x000000079dd80000,0x000000079dd80000,0x000000079f180000)
 ParOldGen       total 87552K, used 31902K [0x0000000740000000, 0x0000000745580000, 0x0000000795580000)
  object space 87552K, 36% used [0x0000000740000000,0x0000000741f27b98,0x0000000745580000)
 Metaspace       used 19602K, capacity 19825K, committed 19968K, reserved 1067008K
  class space    used 1910K, capacity 2015K, committed 2048K, reserved 1048576K
}
Event: 46.032 GC heap before
{Heap before GC invocations=10 (full 0):
 PSYoungGen      total 130560K, used 130496K [0x0000000795580000, 0x000000079f180000, 0x00000007c0000000)
  eden space 118784K, 100% used [0x0000000795580000,0x000000079c980000,0x000000079c980000)
  from space 11776K, 99% used [0x000000079ce80000,0x000000079d9f02d0,0x000000079da00000)
  to   space 20480K, 0% used [0x000000079dd80000,0x000000079dd80000,0x000000079f180000)
 ParOldGen       total 87552K, used 31902K [0x0000000740000000, 0x0000000745580000, 0x0000000795580000)
  object space 87552K, 36% used [0x0000000740000000,0x0000000741f27b98,0x0000000745580000)
 Metaspace       used 19602K, capacity 19825K, committed 19968K, reserved 1067008K
  class space    used 1910K, capacity 2015K, committed 2048K, reserved 1048576K
Event: 46.042 GC heap after
Heap after GC invocations=10 (full 0):
 PSYoungGen      total 132096K, used 96K [0x0000000795580000, 0x000000079ef00000, 0x00000007c0000000)
  eden space 114176K, 0% used [0x0000000795580000,0x0000000795580000,0x000000079c500000)
  from space 17920K, 0% used [0x000000079dd80000,0x000000079dd98000,0x000000079ef00000)
  to   space 21504K, 0% used [0x000000079c500000,0x000000079c500000,0x000000079da00000)
 ParOldGen       total 87552K, used 43511K [0x0000000740000000, 0x0000000745580000, 0x0000000795580000)
  object space 87552K, 49% used [0x0000000740000000,0x0000000742a7de68,0x0000000745580000)
 Metaspace       used 19602K, capacity 19825K, committed 19968K, reserved 1067008K
  class space    used 1910K, capacity 2015K, committed 2048K, reserved 1048576K
}

