# JRE version: Java(TM) SE Runtime Environment (8.0_111-b14) (build 1.8.0_111-b14)
# Java VM: Java HotSpot(TM) 64-Bit Server VM (25.111-b14 mixed mode bsd-amd64 compressed oops)
Heap:
 PSYoungGen      total 679424K, used 297797K [0x0000000795580000, 0x00000007c0000000, 0x00000007c0000000)
  eden space 659968K, 45% used [0x0000000795580000,0x00000007a78315a8,0x00000007bda00000)
  from space 19456K, 0% used [0x00000007bda00000,0x00000007bda20000,0x00000007bed00000)
  to   space 19456K, 0% used [0x00000007bed00000,0x00000007bed00000,0x00000007c0000000)
 ParOldGen       total 87552K, used 45049K [0x0000000740000000, 0x0000000745580000, 0x0000000795580000)
  object space 87552K, 51% used [0x0000000740000000,0x0000000742bfe510,0x0000000745580000)
 Metaspace       used 19679K, capacity 19921K, committed 20224K, reserved 1067008K
  class space    used 1963K, capacity 2047K, committed 2048K, reserved 1048576K
GC Heap History (10 events):
Event: 10.957 GC heap before
{Heap before GC invocations=11 (full 0):
 PSYoungGen      total 439296K, used 431456K [0x0000000795580000, 0x00000007b1500000, 0x00000007c0000000)
  eden space 421376K, 100% used [0x0000000795580000,0x00000007af100000,0x00000007af100000)
  from space 17920K, 56% used [0x00000007b0380000,0x00000007b0d58280,0x00000007b1500000)
  to   space 18432K, 0% used [0x00000007af100000,0x00000007af100000,0x00000007b0300000)
 ParOldGen       total 87552K, used 31216K [0x0000000740000000, 0x0000000745580000, 0x0000000795580000)
  object space 87552K, 35% used [0x0000000740000000,0x0000000741e7c130,0x0000000745580000)
 Metaspace       used 19510K, capacity 19729K, committed 19968K, reserved 1067008K
  class space    used 1954K, capacity 2047K, committed 2048K, reserved 1048576K
Event: 10.973 GC heap after
Heap after GC invocations=11 (full 0):
 PSYoungGen      total 439808K, used 1408K [0x0000000795580000, 0x00000007c0000000, 0x00000007c0000000)
  eden space 421376K, 0% used [0x0000000795580000,0x0000000795580000,0x00000007af100000)
  from space 18432K, 7% used [0x00000007af100000,0x00000007af260050,0x00000007b0300000)
  to   space 18944K, 0% used [0x00000007bed80000,0x00000007bed80000,0x00000007c0000000)
 ParOldGen       total 87552K, used 40336K [0x0000000740000000, 0x0000000745580000, 0x0000000795580000)
  object space 87552K, 46% used [0x0000000740000000,0x00000007427643f0,0x0000000745580000)
 Metaspace       used 19510K, capacity 19729K, committed 19968K, reserved 1067008K
  class space    used 1954K, capacity 2047K, committed 2048K, reserved 1048576K
}
Event: 11.766 GC heap before
{Heap before GC invocations=12 (full 0):
 PSYoungGen      total 439808K, used 422784K [0x0000000795580000, 0x00000007c0000000, 0x00000007c0000000)
  eden space 421376K, 100% used [0x0000000795580000,0x00000007af100000,0x00000007af100000)
  from space 18432K, 7% used [0x00000007af100000,0x00000007af260050,0x00000007b0300000)
  to   space 18944K, 0% used [0x00000007bed80000,0x00000007bed80000,0x00000007c0000000)
 ParOldGen       total 87552K, used 40336K [0x0000000740000000, 0x0000000745580000, 0x0000000795580000)
  object space 87552K, 46% used [0x0000000740000000,0x00000007427643f0,0x0000000745580000)
 Metaspace       used 19545K, capacity 19793K, committed 19968K, reserved 1067008K
  class space    used 1954K, capacity 2047K, committed 2048K, reserved 1048576K
Event: 11.771 GC heap after
Heap after GC invocations=12 (full 0):
 PSYoungGen      total 679936K, used 3488K [0x0000000795580000, 0x00000007c0000000, 0x00000007c0000000)
  eden space 660992K, 0% used [0x0000000795580000,0x0000000795580000,0x00000007bdb00000)
  from space 18944K, 18% used [0x00000007bed80000,0x00000007bf0e80d0,0x00000007c0000000)
  to   space 18944K, 0% used [0x00000007bdb00000,0x00000007bdb00000,0x00000007bed80000)
 ParOldGen       total 87552K, used 41649K [0x0000000740000000, 0x0000000745580000, 0x0000000795580000)
  object space 87552K, 47% used [0x0000000740000000,0x00000007428ac440,0x0000000745580000)
 Metaspace       used 19545K, capacity 19793K, committed 19968K, reserved 1067008K
  class space    used 1954K, capacity 2047K, committed 2048K, reserved 1048576K
}
Event: 13.185 GC heap before
{Heap before GC invocations=13 (full 0):
 PSYoungGen      total 679936K, used 664480K [0x0000000795580000, 0x00000007c0000000, 0x00000007c0000000)
  eden space 660992K, 100% used [0x0000000795580000,0x00000007bdb00000,0x00000007bdb00000)
  from space 18944K, 18% used [0x00000007bed80000,0x00000007bf0e80d0,0x00000007c0000000)
  to   space 18944K, 0% used [0x00000007bdb00000,0x00000007bdb00000,0x00000007bed80000)
 ParOldGen       total 87552K, used 41649K [0x0000000740000000, 0x0000000745580000, 0x0000000795580000)
  object space 87552K, 47% used [0x0000000740000000,0x00000007428ac440,0x0000000745580000)
 Metaspace       used 19575K, capacity 19793K, committed 19968K, reserved 1067008K
  class space    used 1954K, capacity 2047K, committed 2048K, reserved 1048576K
Event: 13.190 GC heap after
Heap after GC invocations=13 (full 0):
 PSYoungGen      total 661504K, used 96K [0x0000000795580000, 0x00000007c0000000, 0x00000007c0000000)
  eden space 660992K, 0% used [0x0000000795580000,0x0000000795580000,0x00000007bdb00000)
  from space 512K, 18% used [0x00000007bdb00000,0x00000007bdb18000,0x00000007bdb80000)
  to   space 19456K, 0% used [0x00000007bed00000,0x00000007bed00000,0x00000007c0000000)
 ParOldGen       total 87552K, used 45009K [0x0000000740000000, 0x0000000745580000, 0x0000000795580000)
  object space 87552K, 51% used [0x0000000740000000,0x0000000742bf4510,0x0000000745580000)
 Metaspace       used 19575K, capacity 19793K, committed 19968K, reserved 1067008K
  class space    used 1954K, capacity 2047K, committed 2048K, reserved 1048576K
}
Event: 14.393 GC heap before
{Heap before GC invocations=14 (full 0):
 PSYoungGen      total 661504K, used 661088K [0x0000000795580000, 0x00000007c0000000, 0x00000007c0000000)
  eden space 660992K, 100% used [0x0000000795580000,0x00000007bdb00000,0x00000007bdb00000)
  from space 512K, 18% used [0x00000007bdb00000,0x00000007bdb18000,0x00000007bdb80000)
  to   space 19456K, 0% used [0x00000007bed00000,0x00000007bed00000,0x00000007c0000000)
 ParOldGen       total 87552K, used 45009K [0x0000000740000000, 0x0000000745580000, 0x0000000795580000)
  object space 87552K, 51% used [0x0000000740000000,0x0000000742bf4510,0x0000000745580000)
 Metaspace       used 19613K, capacity 19857K, committed 20224K, reserved 1067008K
  class space    used 1954K, capacity 2047K, committed 2048K, reserved 1048576K
Event: 14.395 GC heap after
Heap after GC invocations=14 (full 0):
 PSYoungGen      total 679424K, used 96K [0x0000000795580000, 0x00000007c0000000, 0x00000007c0000000)
  eden space 659968K, 0% used [0x0000000795580000,0x0000000795580000,0x00000007bda00000)
  from space 19456K, 0% used [0x00000007bed00000,0x00000007bed18000,0x00000007c0000000)
  to   space 19456K, 0% used [0x00000007bda00000,0x00000007bda00000,0x00000007bed00000)
 ParOldGen       total 87552K, used 45025K [0x0000000740000000, 0x0000000745580000, 0x0000000795580000)
  object space 87552K, 51% used [0x0000000740000000,0x0000000742bf8510,0x0000000745580000)
 Metaspace       used 19613K, capacity 19857K, committed 20224K, reserved 1067008K
  class space    used 1954K, capacity 2047K, committed 2048K, reserved 1048576K
}
Event: 15.418 GC heap before
{Heap before GC invocations=15 (full 0):
 PSYoungGen      total 679424K, used 660064K [0x0000000795580000, 0x00000007c0000000, 0x00000007c0000000)
  eden space 659968K, 100% used [0x0000000795580000,0x00000007bda00000,0x00000007bda00000)
  from space 19456K, 0% used [0x00000007bed00000,0x00000007bed18000,0x00000007c0000000)
  to   space 19456K, 0% used [0x00000007bda00000,0x00000007bda00000,0x00000007bed00000)
 ParOldGen       total 87552K, used 45025K [0x0000000740000000, 0x0000000745580000, 0x0000000795580000)
  object space 87552K, 51% used [0x0000000740000000,0x0000000742bf8510,0x0000000745580000)
 Metaspace       used 19626K, capacity 19857K, committed 20224K, reserved 1067008K
  class space    used 1954K, capacity 2047K, committed 2048K, reserved 1048576K
Event: 15.419 GC heap after
Heap after GC invocations=15 (full 0):
 PSYoungGen      total 679424K, used 128K [0x0000000795580000, 0x00000007c0000000, 0x00000007c0000000)
  eden space 659968K, 0% used [0x0000000795580000,0x0000000795580000,0x00000007bda00000)
  from space 19456K, 0% used [0x00000007bda00000,0x00000007bda20000,0x00000007bed00000)
  to   space 19456K, 0% used [0x00000007bed00000,0x00000007bed00000,0x00000007c0000000)
 ParOldGen       total 87552K, used 45049K [0x0000000740000000, 0x0000000745580000, 0x0000000795580000)
  object space 87552K, 51% used [0x0000000740000000,0x0000000742bfe510,0x0000000745580000)
 Metaspace       used 19626K, capacity 19857K, committed 20224K, reserved 1067008K
  class space    used 1954K, capacity 2047K, committed 2048K, reserved 1048576K
}

