# JRE version: Java(TM) SE Runtime Environment (8.0_111-b14) (build 1.8.0_111-b14)
# Java VM: Java HotSpot(TM) 64-Bit Server VM (25.111-b14 mixed mode bsd-amd64 compressed oops)
Heap:
 PSYoungGen      total 76288K, used 39185K [0x0000000795580000, 0x000000079b180000, 0x00000007c0000000)
  eden space 63488K, 61% used [0x0000000795580000,0x0000000797ba44a8,0x0000000799380000)
  from space 12800K, 1% used [0x000000079a500000,0x000000079a520000,0x000000079b180000)
  to   space 15360K, 0% used [0x0000000799380000,0x0000000799380000,0x000000079a280000)
 ParOldGen       total 87552K, used 16386K [0x0000000740000000, 0x0000000745580000, 0x0000000795580000)
  object space 87552K, 18% used [0x0000000740000000,0x0000000741000b48,0x0000000745580000)
 Metaspace       used 19127K, capacity 19345K, committed 19712K, reserved 1067008K
  class space    used 1913K, capacity 1983K, committed 2048K, reserved 1048576K
GC Heap History (10 events):
Event: 8.482 GC heap before
{Heap before GC invocations=6 (full 0):
 PSYoungGen      total 37888K, used 37867K [0x0000000795580000, 0x0000000799580000, 0x00000007c0000000)
  eden space 32768K, 100% used [0x0000000795580000,0x0000000797580000,0x0000000797580000)
  from space 5120K, 99% used [0x0000000797600000,0x0000000797afaea0,0x0000000797b00000)
  to   space 16384K, 0% used [0x0000000798580000,0x0000000798580000,0x0000000799580000)
 ParOldGen       total 87552K, used 11272K [0x0000000740000000, 0x0000000745580000, 0x0000000795580000)
  object space 87552K, 12% used [0x0000000740000000,0x0000000740b02158,0x0000000745580000)
 Metaspace       used 18838K, capacity 19015K, committed 19456K, reserved 1067008K
  class space    used 1904K, capacity 1982K, committed 2048K, reserved 1048576K
Event: 8.493 GC heap after
Heap after GC invocations=6 (full 0):
 PSYoungGen      total 50176K, used 5099K [0x0000000795580000, 0x000000079b380000, 0x00000007c0000000)
  eden space 33792K, 0% used [0x0000000795580000,0x0000000795580000,0x0000000797680000)
  from space 16384K, 31% used [0x0000000798580000,0x0000000798a7aea0,0x0000000799580000)
  to   space 15360K, 0% used [0x0000000797680000,0x0000000797680000,0x0000000798580000)
 ParOldGen       total 87552K, used 11280K [0x0000000740000000, 0x0000000745580000, 0x0000000795580000)
  object space 87552K, 12% used [0x0000000740000000,0x0000000740b04158,0x0000000745580000)
 Metaspace       used 18838K, capacity 19015K, committed 19456K, reserved 1067008K
  class space    used 1904K, capacity 1982K, committed 2048K, reserved 1048576K
}
Event: 8.916 GC heap before
{Heap before GC invocations=7 (full 0):
 PSYoungGen      total 50176K, used 38891K [0x0000000795580000, 0x000000079b380000, 0x00000007c0000000)
  eden space 33792K, 100% used [0x0000000795580000,0x0000000797680000,0x0000000797680000)
  from space 16384K, 31% used [0x0000000798580000,0x0000000798a7aea0,0x0000000799580000)
  to   space 15360K, 0% used [0x0000000797680000,0x0000000797680000,0x0000000798580000)
 ParOldGen       total 87552K, used 11280K [0x0000000740000000, 0x0000000745580000, 0x0000000795580000)
  object space 87552K, 12% used [0x0000000740000000,0x0000000740b04158,0x0000000745580000)
 Metaspace       used 18881K, capacity 19079K, committed 19456K, reserved 1067008K
  class space    used 1904K, capacity 1982K, committed 2048K, reserved 1048576K
Event: 8.927 GC heap after
Heap after GC invocations=7 (full 0):
 PSYoungGen      total 49152K, used 128K [0x0000000795580000, 0x000000079b680000, 0x00000007c0000000)
  eden space 33792K, 0% used [0x0000000795580000,0x0000000795580000,0x0000000797680000)
  from space 15360K, 0% used [0x0000000797680000,0x00000007976a0000,0x0000000798580000)
  to   space 15872K, 0% used [0x000000079a700000,0x000000079a700000,0x000000079b680000)
 ParOldGen       total 87552K, used 16322K [0x0000000740000000, 0x0000000745580000, 0x0000000795580000)
  object space 87552K, 18% used [0x0000000740000000,0x0000000740ff0b48,0x0000000745580000)
 Metaspace       used 18881K, capacity 19079K, committed 19456K, reserved 1067008K
  class space    used 1904K, capacity 1982K, committed 2048K, reserved 1048576K
}
Event: 9.385 GC heap before
{Heap before GC invocations=8 (full 0):
 PSYoungGen      total 49152K, used 33920K [0x0000000795580000, 0x000000079b680000, 0x00000007c0000000)
  eden space 33792K, 100% used [0x0000000795580000,0x0000000797680000,0x0000000797680000)
  from space 15360K, 0% used [0x0000000797680000,0x00000007976a0000,0x0000000798580000)
  to   space 15872K, 0% used [0x000000079a700000,0x000000079a700000,0x000000079b680000)
 ParOldGen       total 87552K, used 16322K [0x0000000740000000, 0x0000000745580000, 0x0000000795580000)
  object space 87552K, 18% used [0x0000000740000000,0x0000000740ff0b48,0x0000000745580000)
 Metaspace       used 18921K, capacity 19143K, committed 19456K, reserved 1067008K
  class space    used 1904K, capacity 1982K, committed 2048K, reserved 1048576K
Event: 9.387 GC heap after
Heap after GC invocations=8 (full 0):
 PSYoungGen      total 83456K, used 64K [0x0000000795580000, 0x000000079b680000, 0x00000007c0000000)
  eden space 67584K, 0% used [0x0000000795580000,0x0000000795580000,0x0000000799780000)
  from space 15872K, 0% used [0x000000079a700000,0x000000079a710000,0x000000079b680000)
  to   space 15872K, 0% used [0x0000000799780000,0x0000000799780000,0x000000079a700000)
 ParOldGen       total 87552K, used 16338K [0x0000000740000000, 0x0000000745580000, 0x0000000795580000)
  object space 87552K, 18% used [0x0000000740000000,0x0000000740ff4b48,0x0000000745580000)
 Metaspace       used 18921K, capacity 19143K, committed 19456K, reserved 1067008K
  class space    used 1904K, capacity 1982K, committed 2048K, reserved 1048576K
}
Event: 10.552 GC heap before
{Heap before GC invocations=9 (full 0):
 PSYoungGen      total 83456K, used 67648K [0x0000000795580000, 0x000000079b680000, 0x00000007c0000000)
  eden space 67584K, 100% used [0x0000000795580000,0x0000000799780000,0x0000000799780000)
  from space 15872K, 0% used [0x000000079a700000,0x000000079a710000,0x000000079b680000)
  to   space 15872K, 0% used [0x0000000799780000,0x0000000799780000,0x000000079a700000)
 ParOldGen       total 87552K, used 16338K [0x0000000740000000, 0x0000000745580000, 0x0000000795580000)
  object space 87552K, 18% used [0x0000000740000000,0x0000000740ff4b48,0x0000000745580000)
 Metaspace       used 18987K, capacity 19153K, committed 19456K, reserved 1067008K
  class space    used 1905K, capacity 1983K, committed 2048K, reserved 1048576K
Event: 10.554 GC heap after
Heap after GC invocations=9 (full 0):
 PSYoungGen      total 66048K, used 96K [0x0000000795580000, 0x000000079b480000, 0x00000007c0000000)
  eden space 65536K, 0% used [0x0000000795580000,0x0000000795580000,0x0000000799580000)
  from space 512K, 18% used [0x0000000799780000,0x0000000799798000,0x0000000799800000)
  to   space 15872K, 0% used [0x000000079a500000,0x000000079a500000,0x000000079b480000)
 ParOldGen       total 87552K, used 16354K [0x0000000740000000, 0x0000000745580000, 0x0000000795580000)
  object space 87552K, 18% used [0x0000000740000000,0x0000000740ff8b48,0x0000000745580000)
 Metaspace       used 18987K, capacity 19153K, committed 19456K, reserved 1067008K
  class space    used 1905K, capacity 1983K, committed 2048K, reserved 1048576K
}
Event: 11.751 GC heap before
{Heap before GC invocations=10 (full 0):
 PSYoungGen      total 66048K, used 65632K [0x0000000795580000, 0x000000079b480000, 0x00000007c0000000)
  eden space 65536K, 100% used [0x0000000795580000,0x0000000799580000,0x0000000799580000)
  from space 512K, 18% used [0x0000000799780000,0x0000000799798000,0x0000000799800000)
  to   space 15872K, 0% used [0x000000079a500000,0x000000079a500000,0x000000079b480000)
 ParOldGen       total 87552K, used 16354K [0x0000000740000000, 0x0000000745580000, 0x0000000795580000)
  object space 87552K, 18% used [0x0000000740000000,0x0000000740ff8b48,0x0000000745580000)
 Metaspace       used 19039K, capacity 19281K, committed 19712K, reserved 1067008K
  class space    used 1905K, capacity 1983K, committed 2048K, reserved 1048576K
Event: 11.752 GC heap after
Heap after GC invocations=10 (full 0):
 PSYoungGen      total 76288K, used 128K [0x0000000795580000, 0x000000079b180000, 0x00000007c0000000)
  eden space 63488K, 0% used [0x0000000795580000,0x0000000795580000,0x0000000799380000)
  from space 12800K, 1% used [0x000000079a500000,0x000000079a520000,0x000000079b180000)
  to   space 15360K, 0% used [0x0000000799380000,0x0000000799380000,0x000000079a280000)
 ParOldGen       total 87552K, used 16386K [0x0000000740000000, 0x0000000745580000, 0x0000000795580000)
  object space 87552K, 18% used [0x0000000740000000,0x0000000741000b48,0x0000000745580000)
 Metaspace       used 19039K, capacity 19281K, committed 19712K, reserved 1067008K
  class space    used 1905K, capacity 1983K, committed 2048K, reserved 1048576K
}

