# JRE version: Java(TM) SE Runtime Environment (8.0_111-b14) (build 1.8.0_111-b14)
# Java VM: Java HotSpot(TM) 64-Bit Server VM (25.111-b14 mixed mode bsd-amd64 compressed oops)
Heap:
 PSYoungGen      total 71680K, used 7556K [0x0000000795580000, 0x000000079f880000, 0x00000007c0000000)
  eden space 66560K, 3% used [0x0000000795580000,0x00000007957e5290,0x0000000799680000)
  from space 5120K, 99% used [0x0000000799680000,0x0000000799b7c120,0x0000000799b80000)
  to   space 16896K, 0% used [0x000000079e800000,0x000000079e800000,0x000000079f880000)
 ParOldGen       total 87552K, used 25544K [0x0000000740000000, 0x0000000745580000, 0x0000000795580000)
  object space 87552K, 29% used [0x0000000740000000,0x00000007418f23c0,0x0000000745580000)
 Metaspace       used 19520K, capacity 19719K, committed 19968K, reserved 1067008K
  class space    used 1958K, capacity 2046K, committed 2048K, reserved 1048576K
GC Heap History (10 events):
Event: 5.055 GC heap before
{Heap before GC invocations=1 (full 0):
 PSYoungGen      total 38400K, used 33280K [0x0000000795580000, 0x0000000798000000, 0x00000007c0000000)
  eden space 33280K, 100% used [0x0000000795580000,0x0000000797600000,0x0000000797600000)
  from space 5120K, 0% used [0x0000000797b00000,0x0000000797b00000,0x0000000798000000)
  to   space 5120K, 0% used [0x0000000797600000,0x0000000797600000,0x0000000797b00000)
 ParOldGen       total 87552K, used 0K [0x0000000740000000, 0x0000000745580000, 0x0000000795580000)
  object space 87552K, 0% used [0x0000000740000000,0x0000000740000000,0x0000000745580000)
 Metaspace       used 15555K, capacity 15737K, committed 16000K, reserved 1062912K
  class space    used 1607K, capacity 1659K, committed 1664K, reserved 1048576K
Event: 5.070 GC heap after
Heap after GC invocations=1 (full 0):
 PSYoungGen      total 38400K, used 5118K [0x0000000795580000, 0x0000000798000000, 0x00000007c0000000)
  eden space 33280K, 0% used [0x0000000795580000,0x0000000795580000,0x0000000797600000)
  from space 5120K, 99% used [0x0000000797600000,0x0000000797affa50,0x0000000797b00000)
  to   space 5120K, 0% used [0x0000000797b00000,0x0000000797b00000,0x0000000798000000)
 ParOldGen       total 87552K, used 68K [0x0000000740000000, 0x0000000745580000, 0x0000000795580000)
  object space 87552K, 0% used [0x0000000740000000,0x0000000740011350,0x0000000745580000)
 Metaspace       used 15555K, capacity 15737K, committed 16000K, reserved 1062912K
  class space    used 1607K, capacity 1659K, committed 1664K, reserved 1048576K
}
Event: 6.540 GC heap before
{Heap before GC invocations=2 (full 0):
 PSYoungGen      total 38400K, used 38164K [0x0000000795580000, 0x0000000798000000, 0x00000007c0000000)
  eden space 33280K, 99% used [0x0000000795580000,0x00000007975c5680,0x0000000797600000)
  from space 5120K, 99% used [0x0000000797600000,0x0000000797affa50,0x0000000797b00000)
  to   space 5120K, 0% used [0x0000000797b00000,0x0000000797b00000,0x0000000798000000)
 ParOldGen       total 87552K, used 68K [0x0000000740000000, 0x0000000745580000, 0x0000000795580000)
  object space 87552K, 0% used [0x0000000740000000,0x0000000740011350,0x0000000745580000)
 Metaspace       used 18543K, capacity 18759K, committed 19200K, reserved 1067008K
  class space    used 1899K, capacity 1982K, committed 2048K, reserved 1048576K
Event: 6.581 GC heap after
Heap after GC invocations=2 (full 0):
 PSYoungGen      total 38400K, used 5104K [0x0000000795580000, 0x000000079a080000, 0x00000007c0000000)
  eden space 33280K, 0% used [0x0000000795580000,0x0000000795580000,0x0000000797600000)
  from space 5120K, 99% used [0x0000000797b00000,0x0000000797ffc0b0,0x0000000798000000)
  to   space 5120K, 0% used [0x0000000797600000,0x0000000797600000,0x0000000797b00000)
 ParOldGen       total 87552K, used 12871K [0x0000000740000000, 0x0000000745580000, 0x0000000795580000)
  object space 87552K, 14% used [0x0000000740000000,0x0000000740c91fc0,0x0000000745580000)
 Metaspace       used 18543K, capacity 18759K, committed 19200K, reserved 1067008K
  class space    used 1899K, capacity 1982K, committed 2048K, reserved 1048576K
}
Event: 7.459 GC heap before
{Heap before GC invocations=3 (full 0):
 PSYoungGen      total 38400K, used 38384K [0x0000000795580000, 0x000000079a080000, 0x00000007c0000000)
  eden space 33280K, 100% used [0x0000000795580000,0x0000000797600000,0x0000000797600000)
  from space 5120K, 99% used [0x0000000797b00000,0x0000000797ffc0b0,0x0000000798000000)
  to   space 5120K, 0% used [0x0000000797600000,0x0000000797600000,0x0000000797b00000)
 ParOldGen       total 87552K, used 12871K [0x0000000740000000, 0x0000000745580000, 0x0000000795580000)
  object space 87552K, 14% used [0x0000000740000000,0x0000000740c91fc0,0x0000000745580000)
 Metaspace       used 19172K, capacity 19367K, committed 19712K, reserved 1067008K
  class space    used 1950K, capacity 2014K, committed 2048K, reserved 1048576K
Event: 7.469 GC heap after
Heap after GC invocations=3 (full 0):
 PSYoungGen      total 38400K, used 5104K [0x0000000795580000, 0x000000079a080000, 0x00000007c0000000)
  eden space 33280K, 0% used [0x0000000795580000,0x0000000795580000,0x0000000797600000)
  from space 5120K, 99% used [0x0000000797600000,0x0000000797afc110,0x0000000797b00000)
  to   space 5120K, 0% used [0x0000000799b80000,0x0000000799b80000,0x000000079a080000)
 ParOldGen       total 87552K, used 16784K [0x0000000740000000, 0x0000000745580000, 0x0000000795580000)
  object space 87552K, 19% used [0x0000000740000000,0x0000000741064170,0x0000000745580000)
 Metaspace       used 19172K, capacity 19367K, committed 19712K, reserved 1067008K
  class space    used 1950K, capacity 2014K, committed 2048K, reserved 1048576K
}
Event: 8.061 GC heap before
{Heap before GC invocations=4 (full 0):
 PSYoungGen      total 38400K, used 38153K [0x0000000795580000, 0x000000079a080000, 0x00000007c0000000)
  eden space 33280K, 99% used [0x0000000795580000,0x00000007975c65a8,0x0000000797600000)
  from space 5120K, 99% used [0x0000000797600000,0x0000000797afc110,0x0000000797b00000)
  to   space 5120K, 0% used [0x0000000799b80000,0x0000000799b80000,0x000000079a080000)
 ParOldGen       total 87552K, used 16784K [0x0000000740000000, 0x0000000745580000, 0x0000000795580000)
  object space 87552K, 19% used [0x0000000740000000,0x0000000741064170,0x0000000745580000)
 Metaspace       used 19275K, capacity 19495K, committed 19712K, reserved 1067008K
  class space    used 1950K, capacity 2014K, committed 2048K, reserved 1048576K
Event: 8.078 GC heap after
Heap after GC invocations=4 (full 0):
 PSYoungGen      total 71680K, used 5002K [0x0000000795580000, 0x000000079a080000, 0x00000007c0000000)
  eden space 66560K, 0% used [0x0000000795580000,0x0000000795580000,0x0000000799680000)
  from space 5120K, 97% used [0x0000000799b80000,0x000000079a062900,0x000000079a080000)
  to   space 5120K, 0% used [0x0000000799680000,0x0000000799680000,0x0000000799b80000)
 ParOldGen       total 87552K, used 21136K [0x0000000740000000, 0x0000000745580000, 0x0000000795580000)
  object space 87552K, 24% used [0x0000000740000000,0x00000007414a4280,0x0000000745580000)
 Metaspace       used 19275K, capacity 19495K, committed 19712K, reserved 1067008K
  class space    used 1950K, capacity 2014K, committed 2048K, reserved 1048576K
}
Event: 10.589 GC heap before
{Heap before GC invocations=5 (full 0):
 PSYoungGen      total 71680K, used 71562K [0x0000000795580000, 0x000000079a080000, 0x00000007c0000000)
  eden space 66560K, 100% used [0x0000000795580000,0x0000000799680000,0x0000000799680000)
  from space 5120K, 97% used [0x0000000799b80000,0x000000079a062900,0x000000079a080000)
  to   space 5120K, 0% used [0x0000000799680000,0x0000000799680000,0x0000000799b80000)
 ParOldGen       total 87552K, used 21136K [0x0000000740000000, 0x0000000745580000, 0x0000000795580000)
  object space 87552K, 24% used [0x0000000740000000,0x00000007414a4280,0x0000000745580000)
 Metaspace       used 19490K, capacity 19719K, committed 19968K, reserved 1067008K
  class space    used 1952K, capacity 2046K, committed 2048K, reserved 1048576K
Event: 10.604 GC heap after
Heap after GC invocations=5 (full 0):
 PSYoungGen      total 71680K, used 5104K [0x0000000795580000, 0x000000079f880000, 0x00000007c0000000)
  eden space 66560K, 0% used [0x0000000795580000,0x0000000795580000,0x0000000799680000)
  from space 5120K, 99% used [0x0000000799680000,0x0000000799b7c120,0x0000000799b80000)
  to   space 16896K, 0% used [0x000000079e800000,0x000000079e800000,0x000000079f880000)
 ParOldGen       total 87552K, used 25544K [0x0000000740000000, 0x0000000745580000, 0x0000000795580000)
  object space 87552K, 29% used [0x0000000740000000,0x00000007418f23c0,0x0000000745580000)
 Metaspace       used 19490K, capacity 19719K, committed 19968K, reserved 1067008K
  class space    used 1952K, capacity 2046K, committed 2048K, reserved 1048576K
}

