# JRE version: Java(TM) SE Runtime Environment (8.0_111-b14) (build 1.8.0_111-b14)
# Java VM: Java HotSpot(TM) 64-Bit Server VM (25.111-b14 mixed mode bsd-amd64 compressed oops)
Heap:
 PSYoungGen      total 32768K, used 17068K [0x0000000795580000, 0x0000000798b80000, 0x00000007c0000000)
  eden space 28672K, 46% used [0x0000000795580000,0x000000079627b260,0x0000000797180000)
  from space 4096K, 92% used [0x0000000797200000,0x00000007975b00e0,0x0000000797600000)
  to   space 13312K, 0% used [0x0000000797e80000,0x0000000797e80000,0x0000000798b80000)
 ParOldGen       total 87552K, used 26881K [0x0000000740000000, 0x0000000745580000, 0x0000000795580000)
  object space 87552K, 30% used [0x0000000740000000,0x0000000741a40450,0x0000000745580000)
 Metaspace       used 19198K, capacity 19377K, committed 19712K, reserved 1067008K
  class space    used 1883K, capacity 1951K, committed 2048K, reserved 1048576K
GC Heap History (10 events):
Event: 14.394 GC heap before
{Heap before GC invocations=9 (full 0):
 PSYoungGen      total 45568K, used 34736K [0x0000000795580000, 0x0000000799300000, 0x00000007c0000000)
  eden space 31232K, 100% used [0x0000000795580000,0x0000000797400000,0x0000000797400000)
  from space 14336K, 24% used [0x0000000798500000,0x000000079886c110,0x0000000799300000)
  to   space 15872K, 0% used [0x0000000797400000,0x0000000797400000,0x0000000798380000)
 ParOldGen       total 87552K, used 17632K [0x0000000740000000, 0x0000000745580000, 0x0000000795580000)
  object space 87552K, 20% used [0x0000000740000000,0x0000000741138050,0x0000000745580000)
 Metaspace       used 18842K, capacity 19047K, committed 19456K, reserved 1067008K
  class space    used 1870K, capacity 1950K, committed 2048K, reserved 1048576K
Event: 14.397 GC heap after
Heap after GC invocations=9 (full 0):
 PSYoungGen      total 36352K, used 5408K [0x0000000795580000, 0x0000000799080000, 0x00000007c0000000)
  eden space 30720K, 0% used [0x0000000795580000,0x0000000795580000,0x0000000797380000)
  from space 5632K, 96% used [0x0000000797400000,0x00000007979481a0,0x0000000797980000)
  to   space 14848K, 0% used [0x0000000798200000,0x0000000798200000,0x0000000799080000)
 ParOldGen       total 87552K, used 17648K [0x0000000740000000, 0x0000000745580000, 0x0000000795580000)
  object space 87552K, 20% used [0x0000000740000000,0x000000074113c050,0x0000000745580000)
 Metaspace       used 18842K, capacity 19047K, committed 19456K, reserved 1067008K
  class space    used 1870K, capacity 1950K, committed 2048K, reserved 1048576K
}
Event: 15.928 GC heap before
{Heap before GC invocations=10 (full 0):
 PSYoungGen      total 36352K, used 36128K [0x0000000795580000, 0x0000000799080000, 0x00000007c0000000)
  eden space 30720K, 100% used [0x0000000795580000,0x0000000797380000,0x0000000797380000)
  from space 5632K, 96% used [0x0000000797400000,0x00000007979481a0,0x0000000797980000)
  to   space 14848K, 0% used [0x0000000798200000,0x0000000798200000,0x0000000799080000)
 ParOldGen       total 87552K, used 17648K [0x0000000740000000, 0x0000000745580000, 0x0000000795580000)
  object space 87552K, 20% used [0x0000000740000000,0x000000074113c050,0x0000000745580000)
 Metaspace       used 19002K, capacity 19239K, committed 19456K, reserved 1067008K
  class space    used 1870K, capacity 1950K, committed 2048K, reserved 1048576K
Event: 15.935 GC heap after
Heap after GC invocations=10 (full 0):
 PSYoungGen      total 44544K, used 3072K [0x0000000795580000, 0x0000000799000000, 0x00000007c0000000)
  eden space 30208K, 0% used [0x0000000795580000,0x0000000795580000,0x0000000797300000)
  from space 14336K, 21% used [0x0000000798200000,0x00000007985000e0,0x0000000799000000)
  to   space 14848K, 0% used [0x0000000797300000,0x0000000797300000,0x0000000798180000)
 ParOldGen       total 87552K, used 19944K [0x0000000740000000, 0x0000000745580000, 0x0000000795580000)
  object space 87552K, 22% used [0x0000000740000000,0x000000074137a1f0,0x0000000745580000)
 Metaspace       used 19002K, capacity 19239K, committed 19456K, reserved 1067008K
  class space    used 1870K, capacity 1950K, committed 2048K, reserved 1048576K
}
Event: 16.928 GC heap before
{Heap before GC invocations=11 (full 0):
 PSYoungGen      total 44544K, used 33280K [0x0000000795580000, 0x0000000799000000, 0x00000007c0000000)
  eden space 30208K, 100% used [0x0000000795580000,0x0000000797300000,0x0000000797300000)
  from space 14336K, 21% used [0x0000000798200000,0x00000007985000e0,0x0000000799000000)
  to   space 14848K, 0% used [0x0000000797300000,0x0000000797300000,0x0000000798180000)
 ParOldGen       total 87552K, used 19944K [0x0000000740000000, 0x0000000745580000, 0x0000000795580000)
  object space 87552K, 22% used [0x0000000740000000,0x000000074137a1f0,0x0000000745580000)
 Metaspace       used 19005K, capacity 19239K, committed 19456K, reserved 1067008K
  class space    used 1870K, capacity 1950K, committed 2048K, reserved 1048576K
Event: 16.932 GC heap after
Heap after GC invocations=11 (full 0):
 PSYoungGen      total 32768K, used 3024K [0x0000000795580000, 0x0000000798e80000, 0x00000007c0000000)
  eden space 29696K, 0% used [0x0000000795580000,0x0000000795580000,0x0000000797280000)
  from space 3072K, 98% used [0x0000000797300000,0x00000007975f40d0,0x0000000797600000)
  to   space 14336K, 0% used [0x0000000798080000,0x0000000798080000,0x0000000798e80000)
 ParOldGen       total 87552K, used 22112K [0x0000000740000000, 0x0000000745580000, 0x0000000795580000)
  object space 87552K, 25% used [0x0000000740000000,0x00000007415982e0,0x0000000745580000)
 Metaspace       used 19005K, capacity 19239K, committed 19456K, reserved 1067008K
  class space    used 1870K, capacity 1950K, committed 2048K, reserved 1048576K
}
Event: 17.957 GC heap before
{Heap before GC invocations=12 (full 0):
 PSYoungGen      total 32768K, used 32668K [0x0000000795580000, 0x0000000798e80000, 0x00000007c0000000)
  eden space 29696K, 99% used [0x0000000795580000,0x00000007972730c0,0x0000000797280000)
  from space 3072K, 98% used [0x0000000797300000,0x00000007975f40d0,0x0000000797600000)
  to   space 14336K, 0% used [0x0000000798080000,0x0000000798080000,0x0000000798e80000)
 ParOldGen       total 87552K, used 22112K [0x0000000740000000, 0x0000000745580000, 0x0000000795580000)
  object space 87552K, 25% used [0x0000000740000000,0x00000007415982e0,0x0000000745580000)
 Metaspace       used 19018K, capacity 19239K, committed 19456K, reserved 1067008K
  class space    used 1870K, capacity 1950K, committed 2048K, reserved 1048576K
Event: 17.961 GC heap after
Heap after GC invocations=12 (full 0):
 PSYoungGen      total 41984K, used 3520K [0x0000000795580000, 0x0000000798d00000, 0x00000007c0000000)
  eden space 29184K, 0% used [0x0000000795580000,0x0000000795580000,0x0000000797200000)
  from space 12800K, 27% used [0x0000000798080000,0x00000007983f00d0,0x0000000798d00000)
  to   space 13824K, 0% used [0x0000000797200000,0x0000000797200000,0x0000000797f80000)
 ParOldGen       total 87552K, used 24272K [0x0000000740000000, 0x0000000745580000, 0x0000000795580000)
  object space 87552K, 27% used [0x0000000740000000,0x00000007417b43b0,0x0000000745580000)
 Metaspace       used 19018K, capacity 19239K, committed 19456K, reserved 1067008K
  class space    used 1870K, capacity 1950K, committed 2048K, reserved 1048576K
}
Event: 19.433 GC heap before
{Heap before GC invocations=13 (full 0):
 PSYoungGen      total 41984K, used 32704K [0x0000000795580000, 0x0000000798d00000, 0x00000007c0000000)
  eden space 29184K, 100% used [0x0000000795580000,0x0000000797200000,0x0000000797200000)
  from space 12800K, 27% used [0x0000000798080000,0x00000007983f00d0,0x0000000798d00000)
  to   space 13824K, 0% used [0x0000000797200000,0x0000000797200000,0x0000000797f80000)
 ParOldGen       total 87552K, used 24272K [0x0000000740000000, 0x0000000745580000, 0x0000000795580000)
  object space 87552K, 27% used [0x0000000740000000,0x00000007417b43b0,0x0000000745580000)
 Metaspace       used 19054K, capacity 19313K, committed 19712K, reserved 1067008K
  class space    used 1871K, capacity 1951K, committed 2048K, reserved 1048576K
Event: 19.436 GC heap after
Heap after GC invocations=13 (full 0):
 PSYoungGen      total 32768K, used 3776K [0x0000000795580000, 0x0000000798b80000, 0x00000007c0000000)
  eden space 28672K, 0% used [0x0000000795580000,0x0000000795580000,0x0000000797180000)
  from space 4096K, 92% used [0x0000000797200000,0x00000007975b00e0,0x0000000797600000)
  to   space 13312K, 0% used [0x0000000797e80000,0x0000000797e80000,0x0000000798b80000)
 ParOldGen       total 87552K, used 26881K [0x0000000740000000, 0x0000000745580000, 0x0000000795580000)
  object space 87552K, 30% used [0x0000000740000000,0x0000000741a40450,0x0000000745580000)
 Metaspace       used 19054K, capacity 19313K, committed 19712K, reserved 1067008K
  class space    used 1871K, capacity 1951K, committed 2048K, reserved 1048576K
}

